2025-08-04 20:45:37.525  INFO 41636 --- [main] c.c.m.gateway.ApiGatewayApplication      : Starting ApiGatewayApplication using Java 11.0.27 on jcbodero1-ti with PID 41636 (C:\SOURCE\bundle-correos-masivos\api-gateway\target\classes started by jcbodero in C:\SOURCE\bundle-correos-masivos\api-gateway)
2025-08-04 20:45:37.530  INFO 41636 --- [main] c.c.m.gateway.ApiGatewayApplication      : The following 1 profile is active: "dev"
2025-08-04 20:45:38.234  INFO 41636 --- [main] .s.d.r.c.RepositoryConfigurationDelegate : Multiple Spring Data modules found, entering strict repository configuration mode
2025-08-04 20:45:38.237  INFO 41636 --- [main] .s.d.r.c.RepositoryConfigurationDelegate : Bootstrapping Spring Data Redis repositories in DEFAULT mode.
2025-08-04 20:45:38.259  INFO 41636 --- [main] .s.d.r.c.RepositoryConfigurationDelegate : Finished Spring Data repository scanning in 5 ms. Found 0 Redis repository interfaces.
2025-08-04 20:45:38.425  INFO 41636 --- [main] o.s.cloud.context.scope.GenericScope     : BeanFactory id=385af679-9229-38d2-a7e7-034a347cb46f
2025-08-04 20:45:44.186 DEBUG 41636 --- [main] o.s.c.gateway.config.GatewayProperties   : Routes supplied from Gateway Properties: [RouteDefinition{id='user-service', predicates=[PredicateDefinition{name='Path', args={_genkey_0=/api/users/**}}], filters=[FilterDefinition{name='StripPrefix', args={_genkey_0=1}}], uri=http://localhost:8081, order=0, metadata={}}, RouteDefinition{id='contact-service', predicates=[PredicateDefinition{name='Path', args={_genkey_0=/api/contacts/**}}], filters=[FilterDefinition{name='StripPrefix', args={_genkey_0=1}}], uri=http://localhost:8082, order=0, metadata={}}, RouteDefinition{id='campaign-service', predicates=[PredicateDefinition{name='Path', args={_genkey_0=/api/campaigns/**}}], filters=[FilterDefinition{name='StripPrefix', args={_genkey_0=1}}], uri=http://localhost:8083, order=0, metadata={}}, RouteDefinition{id='email-service', predicates=[PredicateDefinition{name='Path', args={_genkey_0=/api/emails/**}}], filters=[FilterDefinition{name='StripPrefix', args={_genkey_0=1}}], uri=http://localhost:8084, order=0, metadata={}}, RouteDefinition{id='template-service', predicates=[PredicateDefinition{name='Path', args={_genkey_0=/api/templates/**}}], filters=[FilterDefinition{name='StripPrefix', args={_genkey_0=1}}], uri=http://localhost:8085, order=0, metadata={}}]
2025-08-04 20:45:44.393  INFO 41636 --- [main] o.s.c.g.r.RouteDefinitionRouteLocator    : Loaded RoutePredicateFactory [After]
2025-08-04 20:45:44.394  INFO 41636 --- [main] o.s.c.g.r.RouteDefinitionRouteLocator    : Loaded RoutePredicateFactory [Before]
2025-08-04 20:45:44.395  INFO 41636 --- [main] o.s.c.g.r.RouteDefinitionRouteLocator    : Loaded RoutePredicateFactory [Between]
2025-08-04 20:45:44.396  INFO 41636 --- [main] o.s.c.g.r.RouteDefinitionRouteLocator    : Loaded RoutePredicateFactory [Cookie]
2025-08-04 20:45:44.396  INFO 41636 --- [main] o.s.c.g.r.RouteDefinitionRouteLocator    : Loaded RoutePredicateFactory [Header]
2025-08-04 20:45:44.397  INFO 41636 --- [main] o.s.c.g.r.RouteDefinitionRouteLocator    : Loaded RoutePredicateFactory [Host]
2025-08-04 20:45:44.398  INFO 41636 --- [main] o.s.c.g.r.RouteDefinitionRouteLocator    : Loaded RoutePredicateFactory [Method]
2025-08-04 20:45:44.398  INFO 41636 --- [main] o.s.c.g.r.RouteDefinitionRouteLocator    : Loaded RoutePredicateFactory [Path]
2025-08-04 20:45:44.398  INFO 41636 --- [main] o.s.c.g.r.RouteDefinitionRouteLocator    : Loaded RoutePredicateFactory [Query]
2025-08-04 20:45:44.399  INFO 41636 --- [main] o.s.c.g.r.RouteDefinitionRouteLocator    : Loaded RoutePredicateFactory [ReadBody]
2025-08-04 20:45:44.399  INFO 41636 --- [main] o.s.c.g.r.RouteDefinitionRouteLocator    : Loaded RoutePredicateFactory [RemoteAddr]
2025-08-04 20:45:44.400  INFO 41636 --- [main] o.s.c.g.r.RouteDefinitionRouteLocator    : Loaded RoutePredicateFactory [XForwardedRemoteAddr]
2025-08-04 20:45:44.400  INFO 41636 --- [main] o.s.c.g.r.RouteDefinitionRouteLocator    : Loaded RoutePredicateFactory [Weight]
2025-08-04 20:45:44.400  INFO 41636 --- [main] o.s.c.g.r.RouteDefinitionRouteLocator    : Loaded RoutePredicateFactory [CloudFoundryRouteService]
2025-08-04 20:45:44.534  INFO 41636 --- [main] ctiveUserDetailsServiceAutoConfiguration : 

Using generated security password: aa56ed79-62c1-4f52-9be4-d2bb16c9fdbe

2025-08-04 20:45:46.888  WARN 41636 --- [main] onfigReactiveWebServerApplicationContext : Exception encountered during context initialization - cancelling refresh attempt: org.springframework.context.ApplicationContextException: Failed to start bean 'webServerStartStop'; nested exception is org.springframework.boot.web.server.PortInUseException: Port 8080 is already in use
2025-08-04 20:45:49.003  INFO 41636 --- [main] ConditionEvaluationReportLoggingListener : 

Error starting ApplicationContext. To display the conditions report re-run your application with 'debug' enabled.
2025-08-04 20:45:49.038 ERROR 41636 --- [main] o.s.b.d.LoggingFailureAnalysisReporter   : 

***************************
APPLICATION FAILED TO START
***************************

Description:

Web server failed to start. Port 8080 was already in use.

Action:

Identify and stop the process that's listening on port 8080 or configure this application to listen on another port.

