2025-08-12 03:21:43.269  INFO 1 --- [main] c.c.m.contact.ContactServiceApplication  : Starting ContactServiceApplication using Java 17.0.2 on eb7de249011b with PID 1 (/app/microservicios/contact-service/target/contact-service-1.0.0-SNAPSHOT.jar started by root in /app)
2025-08-12 03:21:43.284  INFO 1 --- [main] c.c.m.contact.ContactServiceApplication  : The following 1 profile is active: "dev"
2025-08-12 03:21:48.165  INFO 1 --- [main] .s.d.r.c.RepositoryConfigurationDelegate : Multiple Spring Data modules found, entering strict repository configuration mode
2025-08-12 03:21:48.176  INFO 1 --- [main] .s.d.r.c.RepositoryConfigurationDelegate : Bootstrapping Spring Data JPA repositories in DEFAULT mode.
2025-08-12 03:21:48.939  INFO 1 --- [main] .s.d.r.c.RepositoryConfigurationDelegate : Finished Spring Data repository scanning in 722 ms. Found 4 JPA repository interfaces.
2025-08-12 03:21:49.025  INFO 1 --- [main] .s.d.r.c.RepositoryConfigurationDelegate : Multiple Spring Data modules found, entering strict repository configuration mode
2025-08-12 03:21:49.036  INFO 1 --- [main] .s.d.r.c.RepositoryConfigurationDelegate : Bootstrapping Spring Data Redis repositories in DEFAULT mode.
2025-08-12 03:21:49.150  INFO 1 --- [main] .RepositoryConfigurationExtensionSupport : Spring Data Redis - Could not safely identify store assignment for repository candidate interface com.correos.masivos.contact.infrastructure.repository.ContactRepository; If you want this repository to be a Redis repository, consider annotating your entities with one of these annotations: org.springframework.data.redis.core.RedisHash (preferred), or consider extending one of the following types with your repository: org.springframework.data.keyvalue.repository.KeyValueRepository
2025-08-12 03:21:49.158  INFO 1 --- [main] .RepositoryConfigurationExtensionSupport : Spring Data Redis - Could not safely identify store assignment for repository candidate interface com.correos.masivos.contact.infrastructure.repository.ContactImportRepository; If you want this repository to be a Redis repository, consider annotating your entities with one of these annotations: org.springframework.data.redis.core.RedisHash (preferred), or consider extending one of the following types with your repository: org.springframework.data.keyvalue.repository.KeyValueRepository
2025-08-12 03:21:49.164  INFO 1 --- [main] .RepositoryConfigurationExtensionSupport : Spring Data Redis - Could not safely identify store assignment for repository candidate interface com.correos.masivos.contact.infrastructure.repository.ContactListRepository; If you want this repository to be a Redis repository, consider annotating your entities with one of these annotations: org.springframework.data.redis.core.RedisHash (preferred), or consider extending one of the following types with your repository: org.springframework.data.keyvalue.repository.KeyValueRepository
2025-08-12 03:21:49.175  INFO 1 --- [main] .RepositoryConfigurationExtensionSupport : Spring Data Redis - Could not safely identify store assignment for repository candidate interface com.correos.masivos.contact.infrastructure.repository.ContactListMembershipRepository; If you want this repository to be a Redis repository, consider annotating your entities with one of these annotations: org.springframework.data.redis.core.RedisHash (preferred), or consider extending one of the following types with your repository: org.springframework.data.keyvalue.repository.KeyValueRepository
2025-08-12 03:21:49.176  INFO 1 --- [main] .s.d.r.c.RepositoryConfigurationDelegate : Finished Spring Data repository scanning in 86 ms. Found 0 Redis repository interfaces.
2025-08-12 03:21:53.609  INFO 1 --- [main] o.s.b.w.embedded.tomcat.TomcatWebServer  : Tomcat initialized with port(s): 8082 (http)
2025-08-12 03:21:53.693  INFO 1 --- [main] o.apache.catalina.core.StandardService   : Starting service [Tomcat]
2025-08-12 03:21:53.702  INFO 1 --- [main] org.apache.catalina.core.StandardEngine  : Starting Servlet engine: [Apache Tomcat/9.0.83]
2025-08-12 03:21:54.281  INFO 1 --- [main] o.a.c.c.C.[Tomcat].[localhost].[/]       : Initializing Spring embedded WebApplicationContext
2025-08-12 03:21:54.296  INFO 1 --- [main] w.s.c.ServletWebServerApplicationContext : Root WebApplicationContext: initialization completed in 10640 ms
2025-08-12 03:21:56.062  INFO 1 --- [main] o.f.c.internal.license.VersionPrinter    : Flyway Community Edition 8.5.13 by Redgate
2025-08-12 03:21:56.068  INFO 1 --- [main] o.f.c.internal.license.VersionPrinter    : See what's new here: https://flywaydb.org/documentation/learnmore/releaseNotes#8.5.13
2025-08-12 03:21:56.074  INFO 1 --- [main] o.f.c.internal.license.VersionPrinter    : 
2025-08-12 03:21:56.256  INFO 1 --- [main] com.zaxxer.hikari.HikariDataSource       : HikariPool-1 - Starting...
2025-08-12 03:21:57.345  INFO 1 --- [main] com.zaxxer.hikari.HikariDataSource       : HikariPool-1 - Start completed.
2025-08-12 03:21:57.492  INFO 1 --- [main] o.f.c.i.database.base.BaseDatabaseType   : Database: jdbc:postgresql://correos-postgres:5432/correos_masivos_contacts (PostgreSQL 15.13)
2025-08-12 03:21:57.585  WARN 1 --- [main] o.f.c.internal.database.base.Database    : Flyway upgrade recommended: PostgreSQL 15.13 is newer than this version of Flyway and support has not been tested. The latest supported version of PostgreSQL is 14.
2025-08-12 03:21:57.969  INFO 1 --- [main] o.f.core.internal.command.DbValidate     : Successfully validated 2 migrations (execution time 00:00.262s)
2025-08-12 03:21:58.052  INFO 1 --- [main] o.f.core.internal.command.DbMigrate      : Current version of schema "public": 2
2025-08-12 03:21:58.064  INFO 1 --- [main] o.f.core.internal.command.DbMigrate      : Schema "public" is up to date. No migration necessary.
2025-08-12 03:21:58.761  INFO 1 --- [main] o.hibernate.jpa.internal.util.LogHelper  : HHH000204: Processing PersistenceUnitInfo [name: default]
2025-08-12 03:21:59.302  INFO 1 --- [main] org.hibernate.Version                    : HHH000412: Hibernate ORM core version 5.6.15.Final
2025-08-12 03:22:00.442  INFO 1 --- [main] o.hibernate.annotations.common.Version   : HCANN000001: Hibernate Commons Annotations {5.1.2.Final}
2025-08-12 03:22:01.195  INFO 1 --- [main] org.hibernate.dialect.Dialect            : HHH000400: Using dialect: org.hibernate.dialect.PostgreSQLDialect
2025-08-12 03:22:04.417  INFO 1 --- [main] o.h.e.t.j.p.i.JtaPlatformInitiator       : HHH000490: Using JtaPlatform implementation: [org.hibernate.engine.transaction.jta.platform.internal.NoJtaPlatform]
2025-08-12 03:22:04.470  INFO 1 --- [main] j.LocalContainerEntityManagerFactoryBean : Initialized JPA EntityManagerFactory for persistence unit 'default'
2025-08-12 03:22:09.493  INFO 1 --- [main] o.s.s.web.DefaultSecurityFilterChain     : Will secure any request with [org.springframework.security.web.session.DisableEncodeUrlFilter@6af5bbd0, org.springframework.security.web.context.request.async.WebAsyncManagerIntegrationFilter@76464795, org.springframework.security.web.context.SecurityContextPersistenceFilter@4860827a, org.springframework.security.web.header.HeaderWriterFilter@79b2852b, org.springframework.web.filter.CorsFilter@b34832b, org.springframework.security.web.authentication.logout.LogoutFilter@57f847af, org.springframework.security.oauth2.server.resource.web.BearerTokenAuthenticationFilter@4fe64d23, org.springframework.security.web.savedrequest.RequestCacheAwareFilter@50f097b5, org.springframework.security.web.servletapi.SecurityContextHolderAwareRequestFilter@3662bdff, org.springframework.security.web.authentication.AnonymousAuthenticationFilter@48f4713c, org.springframework.security.web.session.SessionManagementFilter@661d88a, org.springframework.security.web.access.ExceptionTranslationFilter@78a0ff63, org.springframework.security.web.access.intercept.AuthorizationFilter@506a1372]
2025-08-12 03:22:09.759  WARN 1 --- [main] JpaBaseConfiguration$JpaWebConfiguration : spring.jpa.open-in-view is enabled by default. Therefore, database queries may be performed during view rendering. Explicitly configure spring.jpa.open-in-view to disable this warning
2025-08-12 03:22:12.693  INFO 1 --- [main] o.s.b.w.embedded.tomcat.TomcatWebServer  : Tomcat started on port(s): 8082 (http) with context path ''
2025-08-12 03:22:12.708  INFO 1 --- [main] c.c.m.contact.ContactServiceApplication  : Started ContactServiceApplication in 32.028 seconds (JVM running for 35.567)
2025-08-12 03:58:14.288  INFO 1 --- [main] c.c.m.contact.ContactServiceApplication  : Starting ContactServiceApplication using Java 17.0.2 on 815c127730c3 with PID 1 (/app/microservicios/contact-service/target/contact-service-1.0.0-SNAPSHOT.jar started by root in /app)
2025-08-12 03:58:14.300  INFO 1 --- [main] c.c.m.contact.ContactServiceApplication  : The following 1 profile is active: "dev"
2025-08-12 03:58:21.488  INFO 1 --- [main] .s.d.r.c.RepositoryConfigurationDelegate : Multiple Spring Data modules found, entering strict repository configuration mode
2025-08-12 03:58:21.495  INFO 1 --- [main] .s.d.r.c.RepositoryConfigurationDelegate : Bootstrapping Spring Data JPA repositories in DEFAULT mode.
2025-08-12 03:58:22.389  INFO 1 --- [main] .s.d.r.c.RepositoryConfigurationDelegate : Finished Spring Data repository scanning in 845 ms. Found 4 JPA repository interfaces.
2025-08-12 03:58:22.480  INFO 1 --- [main] .s.d.r.c.RepositoryConfigurationDelegate : Multiple Spring Data modules found, entering strict repository configuration mode
2025-08-12 03:58:22.494  INFO 1 --- [main] .s.d.r.c.RepositoryConfigurationDelegate : Bootstrapping Spring Data Redis repositories in DEFAULT mode.
2025-08-12 03:58:22.600  INFO 1 --- [main] .RepositoryConfigurationExtensionSupport : Spring Data Redis - Could not safely identify store assignment for repository candidate interface com.correos.masivos.contact.infrastructure.repository.ContactRepository; If you want this repository to be a Redis repository, consider annotating your entities with one of these annotations: org.springframework.data.redis.core.RedisHash (preferred), or consider extending one of the following types with your repository: org.springframework.data.keyvalue.repository.KeyValueRepository
2025-08-12 03:58:22.606  INFO 1 --- [main] .RepositoryConfigurationExtensionSupport : Spring Data Redis - Could not safely identify store assignment for repository candidate interface com.correos.masivos.contact.infrastructure.repository.ContactImportRepository; If you want this repository to be a Redis repository, consider annotating your entities with one of these annotations: org.springframework.data.redis.core.RedisHash (preferred), or consider extending one of the following types with your repository: org.springframework.data.keyvalue.repository.KeyValueRepository
2025-08-12 03:58:22.614  INFO 1 --- [main] .RepositoryConfigurationExtensionSupport : Spring Data Redis - Could not safely identify store assignment for repository candidate interface com.correos.masivos.contact.infrastructure.repository.ContactListRepository; If you want this repository to be a Redis repository, consider annotating your entities with one of these annotations: org.springframework.data.redis.core.RedisHash (preferred), or consider extending one of the following types with your repository: org.springframework.data.keyvalue.repository.KeyValueRepository
2025-08-12 03:58:22.626  INFO 1 --- [main] .RepositoryConfigurationExtensionSupport : Spring Data Redis - Could not safely identify store assignment for repository candidate interface com.correos.masivos.contact.infrastructure.repository.ContactListMembershipRepository; If you want this repository to be a Redis repository, consider annotating your entities with one of these annotations: org.springframework.data.redis.core.RedisHash (preferred), or consider extending one of the following types with your repository: org.springframework.data.keyvalue.repository.KeyValueRepository
2025-08-12 03:58:22.641  INFO 1 --- [main] .s.d.r.c.RepositoryConfigurationDelegate : Finished Spring Data repository scanning in 78 ms. Found 0 Redis repository interfaces.
2025-08-12 03:58:26.758  INFO 1 --- [main] o.s.b.w.embedded.tomcat.TomcatWebServer  : Tomcat initialized with port(s): 8082 (http)
2025-08-12 03:58:26.856  INFO 1 --- [main] o.apache.catalina.core.StandardService   : Starting service [Tomcat]
2025-08-12 03:58:26.858  INFO 1 --- [main] org.apache.catalina.core.StandardEngine  : Starting Servlet engine: [Apache Tomcat/9.0.83]
2025-08-12 03:58:27.365  INFO 1 --- [main] o.a.c.c.C.[Tomcat].[localhost].[/]       : Initializing Spring embedded WebApplicationContext
2025-08-12 03:58:27.380  INFO 1 --- [main] w.s.c.ServletWebServerApplicationContext : Root WebApplicationContext: initialization completed in 12814 ms
2025-08-12 03:58:29.530  INFO 1 --- [main] o.f.c.internal.license.VersionPrinter    : Flyway Community Edition 8.5.13 by Redgate
2025-08-12 03:58:29.541  INFO 1 --- [main] o.f.c.internal.license.VersionPrinter    : See what's new here: https://flywaydb.org/documentation/learnmore/releaseNotes#8.5.13
2025-08-12 03:58:29.550  INFO 1 --- [main] o.f.c.internal.license.VersionPrinter    : 
2025-08-12 03:58:29.751  INFO 1 --- [main] com.zaxxer.hikari.HikariDataSource       : HikariPool-1 - Starting...
2025-08-12 03:58:31.393  INFO 1 --- [main] com.zaxxer.hikari.HikariDataSource       : HikariPool-1 - Start completed.
2025-08-12 03:58:31.531  INFO 1 --- [main] o.f.c.i.database.base.BaseDatabaseType   : Database: jdbc:postgresql://correos-postgres:5432/correos_masivos_contacts (PostgreSQL 15.13)
2025-08-12 03:58:31.677  WARN 1 --- [main] o.f.c.internal.database.base.Database    : Flyway upgrade recommended: PostgreSQL 15.13 is newer than this version of Flyway and support has not been tested. The latest supported version of PostgreSQL is 14.
2025-08-12 03:58:32.273  INFO 1 --- [main] o.f.core.internal.command.DbValidate     : Successfully validated 2 migrations (execution time 00:00.297s)
2025-08-12 03:58:32.370  INFO 1 --- [main] o.f.core.internal.command.DbMigrate      : Current version of schema "public": 2
2025-08-12 03:58:32.393  INFO 1 --- [main] o.f.core.internal.command.DbMigrate      : Schema "public" is up to date. No migration necessary.
2025-08-12 03:58:33.027  INFO 1 --- [main] o.hibernate.jpa.internal.util.LogHelper  : HHH000204: Processing PersistenceUnitInfo [name: default]
2025-08-12 03:58:33.705  INFO 1 --- [main] org.hibernate.Version                    : HHH000412: Hibernate ORM core version 5.6.15.Final
2025-08-12 03:58:34.727  INFO 1 --- [main] o.hibernate.annotations.common.Version   : HCANN000001: Hibernate Commons Annotations {5.1.2.Final}
2025-08-12 03:58:35.342  INFO 1 --- [main] org.hibernate.dialect.Dialect            : HHH000400: Using dialect: org.hibernate.dialect.PostgreSQLDialect
2025-08-12 03:58:38.062  INFO 1 --- [main] o.h.e.t.j.p.i.JtaPlatformInitiator       : HHH000490: Using JtaPlatform implementation: [org.hibernate.engine.transaction.jta.platform.internal.NoJtaPlatform]
2025-08-12 03:58:38.105  INFO 1 --- [main] j.LocalContainerEntityManagerFactoryBean : Initialized JPA EntityManagerFactory for persistence unit 'default'
2025-08-12 03:58:41.397  INFO 1 --- [main] o.s.s.web.DefaultSecurityFilterChain     : Will secure any request with [org.springframework.security.web.session.DisableEncodeUrlFilter@6af5bbd0, org.springframework.security.web.context.request.async.WebAsyncManagerIntegrationFilter@76464795, org.springframework.security.web.context.SecurityContextPersistenceFilter@4860827a, org.springframework.security.web.header.HeaderWriterFilter@79b2852b, org.springframework.web.filter.CorsFilter@b34832b, org.springframework.security.web.authentication.logout.LogoutFilter@57f847af, org.springframework.security.oauth2.server.resource.web.BearerTokenAuthenticationFilter@4fe64d23, org.springframework.security.web.savedrequest.RequestCacheAwareFilter@50f097b5, org.springframework.security.web.servletapi.SecurityContextHolderAwareRequestFilter@3662bdff, org.springframework.security.web.authentication.AnonymousAuthenticationFilter@48f4713c, org.springframework.security.web.session.SessionManagementFilter@661d88a, org.springframework.security.web.access.ExceptionTranslationFilter@78a0ff63, org.springframework.security.web.access.intercept.AuthorizationFilter@506a1372]
2025-08-12 03:58:42.540  WARN 1 --- [main] JpaBaseConfiguration$JpaWebConfiguration : spring.jpa.open-in-view is enabled by default. Therefore, database queries may be performed during view rendering. Explicitly configure spring.jpa.open-in-view to disable this warning
2025-08-12 03:58:43.436  INFO 1 --- [main] o.s.b.w.embedded.tomcat.TomcatWebServer  : Tomcat started on port(s): 8082 (http) with context path ''
2025-08-12 03:58:43.506  INFO 1 --- [main] c.c.m.contact.ContactServiceApplication  : Started ContactServiceApplication in 32.675 seconds (JVM running for 38.671)
2025-08-12 03:59:49.216  INFO 1 --- [http-nio-8082-exec-3] o.a.c.c.C.[Tomcat].[localhost].[/]       : Initializing Spring DispatcherServlet 'dispatcherServlet'
2025-08-12 03:59:49.218  INFO 1 --- [http-nio-8082-exec-3] o.s.web.servlet.DispatcherServlet        : Initializing Servlet 'dispatcherServlet'
2025-08-12 03:59:49.232  INFO 1 --- [http-nio-8082-exec-3] o.s.web.servlet.DispatcherServlet        : Completed initialization in 12 ms
2025-08-12 05:16:25.881  INFO 1 --- [SpringApplicationShutdownHook] j.LocalContainerEntityManagerFactoryBean : Closing JPA EntityManagerFactory for persistence unit 'default'
2025-08-12 05:16:25.903  INFO 1 --- [SpringApplicationShutdownHook] com.zaxxer.hikari.HikariDataSource       : HikariPool-1 - Shutdown initiated...
2025-08-12 05:16:25.917  INFO 1 --- [SpringApplicationShutdownHook] com.zaxxer.hikari.HikariDataSource       : HikariPool-1 - Shutdown completed.
2025-08-12 05:16:35.843  INFO 1 --- [main] c.c.m.contact.ContactServiceApplication  : Starting ContactServiceApplication using Java 17.0.2 on b5f80fb3d3fb with PID 1 (/app/microservicios/contact-service/target/contact-service-1.0.0-SNAPSHOT.jar started by root in /app)
2025-08-12 05:16:35.867  INFO 1 --- [main] c.c.m.contact.ContactServiceApplication  : The following 1 profile is active: "dev"
2025-08-12 05:16:41.064  INFO 1 --- [main] .s.d.r.c.RepositoryConfigurationDelegate : Multiple Spring Data modules found, entering strict repository configuration mode
2025-08-12 05:16:41.075  INFO 1 --- [main] .s.d.r.c.RepositoryConfigurationDelegate : Bootstrapping Spring Data JPA repositories in DEFAULT mode.
2025-08-12 05:16:41.922  INFO 1 --- [main] .s.d.r.c.RepositoryConfigurationDelegate : Finished Spring Data repository scanning in 791 ms. Found 4 JPA repository interfaces.
2025-08-12 05:16:41.999  INFO 1 --- [main] .s.d.r.c.RepositoryConfigurationDelegate : Multiple Spring Data modules found, entering strict repository configuration mode
2025-08-12 05:16:42.006  INFO 1 --- [main] .s.d.r.c.RepositoryConfigurationDelegate : Bootstrapping Spring Data Redis repositories in DEFAULT mode.
2025-08-12 05:16:42.078  INFO 1 --- [main] .RepositoryConfigurationExtensionSupport : Spring Data Redis - Could not safely identify store assignment for repository candidate interface com.correos.masivos.contact.infrastructure.repository.ContactRepository; If you want this repository to be a Redis repository, consider annotating your entities with one of these annotations: org.springframework.data.redis.core.RedisHash (preferred), or consider extending one of the following types with your repository: org.springframework.data.keyvalue.repository.KeyValueRepository
2025-08-12 05:16:42.087  INFO 1 --- [main] .RepositoryConfigurationExtensionSupport : Spring Data Redis - Could not safely identify store assignment for repository candidate interface com.correos.masivos.contact.infrastructure.repository.ContactImportRepository; If you want this repository to be a Redis repository, consider annotating your entities with one of these annotations: org.springframework.data.redis.core.RedisHash (preferred), or consider extending one of the following types with your repository: org.springframework.data.keyvalue.repository.KeyValueRepository
2025-08-12 05:16:42.098  INFO 1 --- [main] .RepositoryConfigurationExtensionSupport : Spring Data Redis - Could not safely identify store assignment for repository candidate interface com.correos.masivos.contact.infrastructure.repository.ContactListRepository; If you want this repository to be a Redis repository, consider annotating your entities with one of these annotations: org.springframework.data.redis.core.RedisHash (preferred), or consider extending one of the following types with your repository: org.springframework.data.keyvalue.repository.KeyValueRepository
2025-08-12 05:16:42.104  INFO 1 --- [main] .RepositoryConfigurationExtensionSupport : Spring Data Redis - Could not safely identify store assignment for repository candidate interface com.correos.masivos.contact.infrastructure.repository.ContactListMembershipRepository; If you want this repository to be a Redis repository, consider annotating your entities with one of these annotations: org.springframework.data.redis.core.RedisHash (preferred), or consider extending one of the following types with your repository: org.springframework.data.keyvalue.repository.KeyValueRepository
2025-08-12 05:16:42.107  INFO 1 --- [main] .s.d.r.c.RepositoryConfigurationDelegate : Finished Spring Data repository scanning in 50 ms. Found 0 Redis repository interfaces.
2025-08-12 05:16:47.229  INFO 1 --- [main] o.s.b.w.embedded.tomcat.TomcatWebServer  : Tomcat initialized with port(s): 8082 (http)
2025-08-12 05:16:47.336  INFO 1 --- [main] o.apache.catalina.core.StandardService   : Starting service [Tomcat]
2025-08-12 05:16:47.354  INFO 1 --- [main] org.apache.catalina.core.StandardEngine  : Starting Servlet engine: [Apache Tomcat/9.0.83]
2025-08-12 05:16:48.153  INFO 1 --- [main] o.a.c.c.C.[Tomcat].[localhost].[/]       : Initializing Spring embedded WebApplicationContext
2025-08-12 05:16:48.171  INFO 1 --- [main] w.s.c.ServletWebServerApplicationContext : Root WebApplicationContext: initialization completed in 12067 ms
2025-08-12 05:16:49.887  INFO 1 --- [main] o.f.c.internal.license.VersionPrinter    : Flyway Community Edition 8.5.13 by Redgate
2025-08-12 05:16:49.890  INFO 1 --- [main] o.f.c.internal.license.VersionPrinter    : See what's new here: https://flywaydb.org/documentation/learnmore/releaseNotes#8.5.13
2025-08-12 05:16:49.891  INFO 1 --- [main] o.f.c.internal.license.VersionPrinter    : 
2025-08-12 05:16:49.964  INFO 1 --- [main] com.zaxxer.hikari.HikariDataSource       : HikariPool-1 - Starting...
2025-08-12 05:16:51.775  INFO 1 --- [main] com.zaxxer.hikari.HikariDataSource       : HikariPool-1 - Start completed.
2025-08-12 05:16:52.021  INFO 1 --- [main] o.f.c.i.database.base.BaseDatabaseType   : Database: jdbc:postgresql://correos-postgres:5432/correos_masivos_contacts (PostgreSQL 15.13)
2025-08-12 05:16:52.166  WARN 1 --- [main] o.f.c.internal.database.base.Database    : Flyway upgrade recommended: PostgreSQL 15.13 is newer than this version of Flyway and support has not been tested. The latest supported version of PostgreSQL is 14.
2025-08-12 05:16:52.523  INFO 1 --- [main] o.f.core.internal.command.DbValidate     : Successfully validated 2 migrations (execution time 00:00.227s)
2025-08-12 05:16:52.632  INFO 1 --- [main] o.f.core.internal.command.DbMigrate      : Current version of schema "public": 2
2025-08-12 05:16:52.657  INFO 1 --- [main] o.f.core.internal.command.DbMigrate      : Schema "public" is up to date. No migration necessary.
2025-08-12 05:16:53.575  INFO 1 --- [main] o.hibernate.jpa.internal.util.LogHelper  : HHH000204: Processing PersistenceUnitInfo [name: default]
2025-08-12 05:16:54.109  INFO 1 --- [main] org.hibernate.Version                    : HHH000412: Hibernate ORM core version 5.6.15.Final
2025-08-12 05:16:55.733  INFO 1 --- [main] o.hibernate.annotations.common.Version   : HCANN000001: Hibernate Commons Annotations {5.1.2.Final}
2025-08-12 05:16:56.481  INFO 1 --- [main] org.hibernate.dialect.Dialect            : HHH000400: Using dialect: org.hibernate.dialect.PostgreSQLDialect
2025-08-12 05:16:59.803  INFO 1 --- [main] o.h.e.t.j.p.i.JtaPlatformInitiator       : HHH000490: Using JtaPlatform implementation: [org.hibernate.engine.transaction.jta.platform.internal.NoJtaPlatform]
2025-08-12 05:16:59.854  INFO 1 --- [main] j.LocalContainerEntityManagerFactoryBean : Initialized JPA EntityManagerFactory for persistence unit 'default'
2025-08-12 05:17:05.434  INFO 1 --- [main] o.s.s.web.DefaultSecurityFilterChain     : Will secure any request with [org.springframework.security.web.session.DisableEncodeUrlFilter@106d77da, org.springframework.security.web.context.request.async.WebAsyncManagerIntegrationFilter@6f9c5048, org.springframework.security.web.context.SecurityContextPersistenceFilter@2149594a, org.springframework.security.web.header.HeaderWriterFilter@1bb15351, org.springframework.web.filter.CorsFilter@5114b7c7, org.springframework.security.web.authentication.logout.LogoutFilter@37b56ac7, org.springframework.security.oauth2.server.resource.web.BearerTokenAuthenticationFilter@24534cb0, org.springframework.security.web.savedrequest.RequestCacheAwareFilter@57f847af, org.springframework.security.web.servletapi.SecurityContextHolderAwareRequestFilter@553bc36c, org.springframework.security.web.authentication.AnonymousAuthenticationFilter@dd71b20, org.springframework.security.web.session.SessionManagementFilter@444f44c5, org.springframework.security.web.access.ExceptionTranslationFilter@7add838c, org.springframework.security.web.access.intercept.AuthorizationFilter@4ba6ec50]
2025-08-12 05:17:07.748  WARN 1 --- [main] JpaBaseConfiguration$JpaWebConfiguration : spring.jpa.open-in-view is enabled by default. Therefore, database queries may be performed during view rendering. Explicitly configure spring.jpa.open-in-view to disable this warning
2025-08-12 05:17:11.143  INFO 1 --- [main] o.s.b.w.embedded.tomcat.TomcatWebServer  : Tomcat started on port(s): 8082 (http) with context path ''
2025-08-12 05:17:11.264  INFO 1 --- [main] c.c.m.contact.ContactServiceApplication  : Started ContactServiceApplication in 38.409 seconds (JVM running for 42.292)
2025-08-12 05:30:48.552  INFO 1 --- [main] c.c.m.contact.ContactServiceApplication  : Starting ContactServiceApplication using Java 17.0.2 on 785fac4adeff with PID 1 (/app/microservicios/contact-service/target/contact-service-1.0.0-SNAPSHOT.jar started by root in /app)
2025-08-12 05:30:48.564  INFO 1 --- [main] c.c.m.contact.ContactServiceApplication  : The following 1 profile is active: "dev"
2025-08-12 05:30:56.113  INFO 1 --- [main] .s.d.r.c.RepositoryConfigurationDelegate : Multiple Spring Data modules found, entering strict repository configuration mode
2025-08-12 05:30:56.145  INFO 1 --- [main] .s.d.r.c.RepositoryConfigurationDelegate : Bootstrapping Spring Data JPA repositories in DEFAULT mode.
2025-08-12 05:30:57.392  INFO 1 --- [main] .s.d.r.c.RepositoryConfigurationDelegate : Finished Spring Data repository scanning in 1115 ms. Found 4 JPA repository interfaces.
2025-08-12 05:30:57.481  INFO 1 --- [main] .s.d.r.c.RepositoryConfigurationDelegate : Multiple Spring Data modules found, entering strict repository configuration mode
2025-08-12 05:30:57.492  INFO 1 --- [main] .s.d.r.c.RepositoryConfigurationDelegate : Bootstrapping Spring Data Redis repositories in DEFAULT mode.
2025-08-12 05:30:57.568  INFO 1 --- [main] .RepositoryConfigurationExtensionSupport : Spring Data Redis - Could not safely identify store assignment for repository candidate interface com.correos.masivos.contact.infrastructure.repository.ContactRepository; If you want this repository to be a Redis repository, consider annotating your entities with one of these annotations: org.springframework.data.redis.core.RedisHash (preferred), or consider extending one of the following types with your repository: org.springframework.data.keyvalue.repository.KeyValueRepository
2025-08-12 05:30:57.576  INFO 1 --- [main] .RepositoryConfigurationExtensionSupport : Spring Data Redis - Could not safely identify store assignment for repository candidate interface com.correos.masivos.contact.infrastructure.repository.ContactImportRepository; If you want this repository to be a Redis repository, consider annotating your entities with one of these annotations: org.springframework.data.redis.core.RedisHash (preferred), or consider extending one of the following types with your repository: org.springframework.data.keyvalue.repository.KeyValueRepository
2025-08-12 05:30:57.580  INFO 1 --- [main] .RepositoryConfigurationExtensionSupport : Spring Data Redis - Could not safely identify store assignment for repository candidate interface com.correos.masivos.contact.infrastructure.repository.ContactListRepository; If you want this repository to be a Redis repository, consider annotating your entities with one of these annotations: org.springframework.data.redis.core.RedisHash (preferred), or consider extending one of the following types with your repository: org.springframework.data.keyvalue.repository.KeyValueRepository
2025-08-12 05:30:57.585  INFO 1 --- [main] .RepositoryConfigurationExtensionSupport : Spring Data Redis - Could not safely identify store assignment for repository candidate interface com.correos.masivos.contact.infrastructure.repository.ContactListMembershipRepository; If you want this repository to be a Redis repository, consider annotating your entities with one of these annotations: org.springframework.data.redis.core.RedisHash (preferred), or consider extending one of the following types with your repository: org.springframework.data.keyvalue.repository.KeyValueRepository
2025-08-12 05:30:57.589  INFO 1 --- [main] .s.d.r.c.RepositoryConfigurationDelegate : Finished Spring Data repository scanning in 51 ms. Found 0 Redis repository interfaces.
2025-08-12 05:31:05.569  INFO 1 --- [main] o.s.b.w.embedded.tomcat.TomcatWebServer  : Tomcat initialized with port(s): 8082 (http)
2025-08-12 05:31:06.459  INFO 1 --- [main] o.apache.catalina.core.StandardService   : Starting service [Tomcat]
2025-08-12 05:31:06.603  INFO 1 --- [main] org.apache.catalina.core.StandardEngine  : Starting Servlet engine: [Apache Tomcat/9.0.83]
2025-08-12 05:31:09.185  INFO 1 --- [main] o.a.c.c.C.[Tomcat].[localhost].[/]       : Initializing Spring embedded WebApplicationContext
2025-08-12 05:31:09.275  INFO 1 --- [main] w.s.c.ServletWebServerApplicationContext : Root WebApplicationContext: initialization completed in 20421 ms
2025-08-12 05:31:12.035  INFO 1 --- [main] o.f.c.internal.license.VersionPrinter    : Flyway Community Edition 8.5.13 by Redgate
2025-08-12 05:31:12.044  INFO 1 --- [main] o.f.c.internal.license.VersionPrinter    : See what's new here: https://flywaydb.org/documentation/learnmore/releaseNotes#8.5.13
2025-08-12 05:31:12.049  INFO 1 --- [main] o.f.c.internal.license.VersionPrinter    : 
2025-08-12 05:31:12.318  INFO 1 --- [main] com.zaxxer.hikari.HikariDataSource       : HikariPool-1 - Starting...
2025-08-12 05:31:14.128  INFO 1 --- [main] com.zaxxer.hikari.HikariDataSource       : HikariPool-1 - Start completed.
2025-08-12 05:31:14.547  INFO 1 --- [main] o.f.c.i.database.base.BaseDatabaseType   : Database: jdbc:postgresql://correos-postgres:5432/correos_masivos_contacts (PostgreSQL 15.13)
2025-08-12 05:31:14.641  WARN 1 --- [main] o.f.c.internal.database.base.Database    : Flyway upgrade recommended: PostgreSQL 15.13 is newer than this version of Flyway and support has not been tested. The latest supported version of PostgreSQL is 14.
2025-08-12 05:31:16.186  INFO 1 --- [main] o.f.core.internal.command.DbValidate     : Successfully validated 2 migrations (execution time 00:00.098s)
2025-08-12 05:31:16.231  INFO 1 --- [main] o.f.core.internal.command.DbMigrate      : Current version of schema "public": 2
2025-08-12 05:31:16.243  INFO 1 --- [main] o.f.core.internal.command.DbMigrate      : Schema "public" is up to date. No migration necessary.
2025-08-12 05:31:17.714  INFO 1 --- [main] o.hibernate.jpa.internal.util.LogHelper  : HHH000204: Processing PersistenceUnitInfo [name: default]
2025-08-12 05:31:18.201  INFO 1 --- [main] org.hibernate.Version                    : HHH000412: Hibernate ORM core version 5.6.15.Final
2025-08-12 05:31:18.968  INFO 1 --- [main] o.hibernate.annotations.common.Version   : HCANN000001: Hibernate Commons Annotations {5.1.2.Final}
2025-08-12 05:31:19.350  INFO 1 --- [main] org.hibernate.dialect.Dialect            : HHH000400: Using dialect: org.hibernate.dialect.PostgreSQLDialect
2025-08-12 05:31:21.986  INFO 1 --- [main] o.h.e.t.j.p.i.JtaPlatformInitiator       : HHH000490: Using JtaPlatform implementation: [org.hibernate.engine.transaction.jta.platform.internal.NoJtaPlatform]
2025-08-12 05:31:22.065  INFO 1 --- [main] j.LocalContainerEntityManagerFactoryBean : Initialized JPA EntityManagerFactory for persistence unit 'default'
2025-08-12 05:31:26.973  INFO 1 --- [main] o.s.s.web.DefaultSecurityFilterChain     : Will secure any request with [org.springframework.security.web.session.DisableEncodeUrlFilter@4ba6ec50, org.springframework.security.web.context.request.async.WebAsyncManagerIntegrationFilter@642413d4, org.springframework.security.web.context.SecurityContextPersistenceFilter@1bb15351, org.springframework.security.web.header.HeaderWriterFilter@7c2dfa2, org.springframework.web.filter.CorsFilter@fb2e3fd, org.springframework.security.web.authentication.logout.LogoutFilter@95eb320, org.springframework.security.oauth2.server.resource.web.BearerTokenAuthenticationFilter@48f4713c, org.springframework.security.web.savedrequest.RequestCacheAwareFilter@597f0937, org.springframework.security.web.servletapi.SecurityContextHolderAwareRequestFilter@6b6b3572, org.springframework.security.web.authentication.AnonymousAuthenticationFilter@43a09ce2, org.springframework.security.web.session.SessionManagementFilter@50f097b5, org.springframework.security.web.access.ExceptionTranslationFilter@313f8301, org.springframework.security.web.access.intercept.AuthorizationFilter@35a0e495]
2025-08-12 05:31:28.871  WARN 1 --- [main] JpaBaseConfiguration$JpaWebConfiguration : spring.jpa.open-in-view is enabled by default. Therefore, database queries may be performed during view rendering. Explicitly configure spring.jpa.open-in-view to disable this warning
2025-08-12 05:31:31.624  INFO 1 --- [main] o.s.b.w.embedded.tomcat.TomcatWebServer  : Tomcat started on port(s): 8082 (http) with context path ''
2025-08-12 05:31:31.654  INFO 1 --- [main] c.c.m.contact.ContactServiceApplication  : Started ContactServiceApplication in 49.347 seconds (JVM running for 70.865)
2025-08-12 05:33:20.117  INFO 1 --- [http-nio-8082-exec-1] o.a.c.c.C.[Tomcat].[localhost].[/]       : Initializing Spring DispatcherServlet 'dispatcherServlet'
2025-08-12 05:33:20.121  INFO 1 --- [http-nio-8082-exec-1] o.s.web.servlet.DispatcherServlet        : Initializing Servlet 'dispatcherServlet'
2025-08-12 05:33:20.127  INFO 1 --- [http-nio-8082-exec-1] o.s.web.servlet.DispatcherServlet        : Completed initialization in 5 ms
2025-08-12 13:40:47.544  INFO 1 --- [SpringApplicationShutdownHook] j.LocalContainerEntityManagerFactoryBean : Closing JPA EntityManagerFactory for persistence unit 'default'
2025-08-12 13:40:47.561  INFO 1 --- [SpringApplicationShutdownHook] com.zaxxer.hikari.HikariDataSource       : HikariPool-1 - Shutdown initiated...
2025-08-12 13:40:47.569  INFO 1 --- [SpringApplicationShutdownHook] com.zaxxer.hikari.HikariDataSource       : HikariPool-1 - Shutdown completed.
2025-08-12 13:40:55.834  INFO 1 --- [main] c.c.m.contact.ContactServiceApplication  : Starting ContactServiceApplication using Java 17.0.2 on 69bb757e73c5 with PID 1 (/app/microservicios/contact-service/target/contact-service-1.0.0-SNAPSHOT.jar started by root in /app)
2025-08-12 13:40:55.844  INFO 1 --- [main] c.c.m.contact.ContactServiceApplication  : The following 1 profile is active: "dev"
2025-08-12 13:41:00.617  INFO 1 --- [main] .s.d.r.c.RepositoryConfigurationDelegate : Multiple Spring Data modules found, entering strict repository configuration mode
2025-08-12 13:41:00.628  INFO 1 --- [main] .s.d.r.c.RepositoryConfigurationDelegate : Bootstrapping Spring Data JPA repositories in DEFAULT mode.
2025-08-12 13:41:01.369  INFO 1 --- [main] .s.d.r.c.RepositoryConfigurationDelegate : Finished Spring Data repository scanning in 689 ms. Found 4 JPA repository interfaces.
2025-08-12 13:41:01.453  INFO 1 --- [main] .s.d.r.c.RepositoryConfigurationDelegate : Multiple Spring Data modules found, entering strict repository configuration mode
2025-08-12 13:41:01.462  INFO 1 --- [main] .s.d.r.c.RepositoryConfigurationDelegate : Bootstrapping Spring Data Redis repositories in DEFAULT mode.
2025-08-12 13:41:01.537  INFO 1 --- [main] .RepositoryConfigurationExtensionSupport : Spring Data Redis - Could not safely identify store assignment for repository candidate interface com.correos.masivos.contact.infrastructure.repository.ContactRepository; If you want this repository to be a Redis repository, consider annotating your entities with one of these annotations: org.springframework.data.redis.core.RedisHash (preferred), or consider extending one of the following types with your repository: org.springframework.data.keyvalue.repository.KeyValueRepository
2025-08-12 13:41:01.541  INFO 1 --- [main] .RepositoryConfigurationExtensionSupport : Spring Data Redis - Could not safely identify store assignment for repository candidate interface com.correos.masivos.contact.infrastructure.repository.ContactImportRepository; If you want this repository to be a Redis repository, consider annotating your entities with one of these annotations: org.springframework.data.redis.core.RedisHash (preferred), or consider extending one of the following types with your repository: org.springframework.data.keyvalue.repository.KeyValueRepository
2025-08-12 13:41:01.549  INFO 1 --- [main] .RepositoryConfigurationExtensionSupport : Spring Data Redis - Could not safely identify store assignment for repository candidate interface com.correos.masivos.contact.infrastructure.repository.ContactListRepository; If you want this repository to be a Redis repository, consider annotating your entities with one of these annotations: org.springframework.data.redis.core.RedisHash (preferred), or consider extending one of the following types with your repository: org.springframework.data.keyvalue.repository.KeyValueRepository
2025-08-12 13:41:01.553  INFO 1 --- [main] .RepositoryConfigurationExtensionSupport : Spring Data Redis - Could not safely identify store assignment for repository candidate interface com.correos.masivos.contact.infrastructure.repository.ContactListMembershipRepository; If you want this repository to be a Redis repository, consider annotating your entities with one of these annotations: org.springframework.data.redis.core.RedisHash (preferred), or consider extending one of the following types with your repository: org.springframework.data.keyvalue.repository.KeyValueRepository
2025-08-12 13:41:01.557  INFO 1 --- [main] .s.d.r.c.RepositoryConfigurationDelegate : Finished Spring Data repository scanning in 48 ms. Found 0 Redis repository interfaces.
2025-08-12 13:41:05.022  INFO 1 --- [main] o.s.b.w.embedded.tomcat.TomcatWebServer  : Tomcat initialized with port(s): 8082 (http)
2025-08-12 13:41:05.080  INFO 1 --- [main] o.apache.catalina.core.StandardService   : Starting service [Tomcat]
2025-08-12 13:41:05.083  INFO 1 --- [main] org.apache.catalina.core.StandardEngine  : Starting Servlet engine: [Apache Tomcat/9.0.83]
2025-08-12 13:41:05.514  INFO 1 --- [main] o.a.c.c.C.[Tomcat].[localhost].[/]       : Initializing Spring embedded WebApplicationContext
2025-08-12 13:41:05.519  INFO 1 --- [main] w.s.c.ServletWebServerApplicationContext : Root WebApplicationContext: initialization completed in 9491 ms
2025-08-12 13:41:08.009  INFO 1 --- [main] o.f.c.internal.license.VersionPrinter    : Flyway Community Edition 8.5.13 by Redgate
2025-08-12 13:41:08.016  INFO 1 --- [main] o.f.c.internal.license.VersionPrinter    : See what's new here: https://flywaydb.org/documentation/learnmore/releaseNotes#8.5.13
2025-08-12 13:41:08.032  INFO 1 --- [main] o.f.c.internal.license.VersionPrinter    : 
2025-08-12 13:41:08.089  INFO 1 --- [main] com.zaxxer.hikari.HikariDataSource       : HikariPool-1 - Starting...
2025-08-12 13:41:09.773  INFO 1 --- [main] com.zaxxer.hikari.HikariDataSource       : HikariPool-1 - Start completed.
2025-08-12 13:41:09.926  INFO 1 --- [main] o.f.c.i.database.base.BaseDatabaseType   : Database: jdbc:postgresql://correos-postgres:5432/correos_masivos_contacts (PostgreSQL 15.13)
2025-08-12 13:41:10.078  WARN 1 --- [main] o.f.c.internal.database.base.Database    : Flyway upgrade recommended: PostgreSQL 15.13 is newer than this version of Flyway and support has not been tested. The latest supported version of PostgreSQL is 14.
2025-08-12 13:41:10.584  INFO 1 --- [main] o.f.core.internal.command.DbValidate     : Successfully validated 2 migrations (execution time 00:00.371s)
2025-08-12 13:41:10.655  INFO 1 --- [main] o.f.core.internal.command.DbMigrate      : Current version of schema "public": 2
2025-08-12 13:41:10.671  INFO 1 --- [main] o.f.core.internal.command.DbMigrate      : Schema "public" is up to date. No migration necessary.
2025-08-12 13:41:11.408  INFO 1 --- [main] o.hibernate.jpa.internal.util.LogHelper  : HHH000204: Processing PersistenceUnitInfo [name: default]
2025-08-12 13:41:11.915  INFO 1 --- [main] org.hibernate.Version                    : HHH000412: Hibernate ORM core version 5.6.15.Final
2025-08-12 13:41:13.486  INFO 1 --- [main] o.hibernate.annotations.common.Version   : HCANN000001: Hibernate Commons Annotations {5.1.2.Final}
2025-08-12 13:41:14.094  INFO 1 --- [main] org.hibernate.dialect.Dialect            : HHH000400: Using dialect: org.hibernate.dialect.PostgreSQLDialect
2025-08-12 13:41:16.513  INFO 1 --- [main] o.h.e.t.j.p.i.JtaPlatformInitiator       : HHH000490: Using JtaPlatform implementation: [org.hibernate.engine.transaction.jta.platform.internal.NoJtaPlatform]
2025-08-12 13:41:16.555  INFO 1 --- [main] j.LocalContainerEntityManagerFactoryBean : Initialized JPA EntityManagerFactory for persistence unit 'default'
2025-08-12 13:41:21.659  INFO 1 --- [main] o.s.s.web.DefaultSecurityFilterChain     : Will secure any request with [org.springframework.security.web.session.DisableEncodeUrlFilter@7b66322e, org.springframework.security.web.context.request.async.WebAsyncManagerIntegrationFilter@63538bb4, org.springframework.security.web.context.SecurityContextPersistenceFilter@65d8dff8, org.springframework.security.web.header.HeaderWriterFilter@404db674, org.springframework.web.filter.CorsFilter@24534cb0, org.springframework.security.web.authentication.logout.LogoutFilter@4730e0f0, org.springframework.security.oauth2.server.resource.web.BearerTokenAuthenticationFilter@43a09ce2, org.springframework.security.web.savedrequest.RequestCacheAwareFilter@303f1234, org.springframework.security.web.servletapi.SecurityContextHolderAwareRequestFilter@2149594a, org.springframework.security.web.authentication.AnonymousAuthenticationFilter@5a50d9fc, org.springframework.security.web.session.SessionManagementFilter@597f0937, org.springframework.security.web.access.ExceptionTranslationFilter@59ce792e, org.springframework.security.web.access.intercept.AuthorizationFilter@76464795]
2025-08-12 13:41:23.570  WARN 1 --- [main] JpaBaseConfiguration$JpaWebConfiguration : spring.jpa.open-in-view is enabled by default. Therefore, database queries may be performed during view rendering. Explicitly configure spring.jpa.open-in-view to disable this warning
2025-08-12 13:41:24.969  INFO 1 --- [main] o.s.b.w.embedded.tomcat.TomcatWebServer  : Tomcat started on port(s): 8082 (http) with context path ''
2025-08-12 13:41:24.998  INFO 1 --- [main] c.c.m.contact.ContactServiceApplication  : Started ContactServiceApplication in 31.38 seconds (JVM running for 34.869)
2025-08-12 13:42:03.569  INFO 1 --- [http-nio-8082-exec-1] o.a.c.c.C.[Tomcat].[localhost].[/]       : Initializing Spring DispatcherServlet 'dispatcherServlet'
2025-08-12 13:42:03.571  INFO 1 --- [http-nio-8082-exec-1] o.s.web.servlet.DispatcherServlet        : Initializing Servlet 'dispatcherServlet'
2025-08-12 13:42:03.578  INFO 1 --- [http-nio-8082-exec-1] o.s.web.servlet.DispatcherServlet        : Completed initialization in 6 ms
2025-08-12 15:59:07.840  INFO 1 --- [main] c.c.m.contact.ContactServiceApplication  : Starting ContactServiceApplication using Java 17.0.2 on 69bb757e73c5 with PID 1 (/app/microservicios/contact-service/target/contact-service-1.0.0-SNAPSHOT.jar started by root in /app)
2025-08-12 15:59:07.913  INFO 1 --- [main] c.c.m.contact.ContactServiceApplication  : The following 1 profile is active: "dev"
2025-08-12 15:59:15.048  INFO 1 --- [main] .s.d.r.c.RepositoryConfigurationDelegate : Multiple Spring Data modules found, entering strict repository configuration mode
2025-08-12 15:59:15.081  INFO 1 --- [main] .s.d.r.c.RepositoryConfigurationDelegate : Bootstrapping Spring Data JPA repositories in DEFAULT mode.
2025-08-12 15:59:16.229  INFO 1 --- [main] .s.d.r.c.RepositoryConfigurationDelegate : Finished Spring Data repository scanning in 1025 ms. Found 4 JPA repository interfaces.
2025-08-12 15:59:16.325  INFO 1 --- [main] .s.d.r.c.RepositoryConfigurationDelegate : Multiple Spring Data modules found, entering strict repository configuration mode
2025-08-12 15:59:16.340  INFO 1 --- [main] .s.d.r.c.RepositoryConfigurationDelegate : Bootstrapping Spring Data Redis repositories in DEFAULT mode.
2025-08-12 15:59:16.415  INFO 1 --- [main] .RepositoryConfigurationExtensionSupport : Spring Data Redis - Could not safely identify store assignment for repository candidate interface com.correos.masivos.contact.infrastructure.repository.ContactRepository; If you want this repository to be a Redis repository, consider annotating your entities with one of these annotations: org.springframework.data.redis.core.RedisHash (preferred), or consider extending one of the following types with your repository: org.springframework.data.keyvalue.repository.KeyValueRepository
2025-08-12 15:59:16.429  INFO 1 --- [main] .RepositoryConfigurationExtensionSupport : Spring Data Redis - Could not safely identify store assignment for repository candidate interface com.correos.masivos.contact.infrastructure.repository.ContactImportRepository; If you want this repository to be a Redis repository, consider annotating your entities with one of these annotations: org.springframework.data.redis.core.RedisHash (preferred), or consider extending one of the following types with your repository: org.springframework.data.keyvalue.repository.KeyValueRepository
2025-08-12 15:59:16.434  INFO 1 --- [main] .RepositoryConfigurationExtensionSupport : Spring Data Redis - Could not safely identify store assignment for repository candidate interface com.correos.masivos.contact.infrastructure.repository.ContactListRepository; If you want this repository to be a Redis repository, consider annotating your entities with one of these annotations: org.springframework.data.redis.core.RedisHash (preferred), or consider extending one of the following types with your repository: org.springframework.data.keyvalue.repository.KeyValueRepository
2025-08-12 15:59:16.447  INFO 1 --- [main] .RepositoryConfigurationExtensionSupport : Spring Data Redis - Could not safely identify store assignment for repository candidate interface com.correos.masivos.contact.infrastructure.repository.ContactListMembershipRepository; If you want this repository to be a Redis repository, consider annotating your entities with one of these annotations: org.springframework.data.redis.core.RedisHash (preferred), or consider extending one of the following types with your repository: org.springframework.data.keyvalue.repository.KeyValueRepository
2025-08-12 15:59:16.448  INFO 1 --- [main] .s.d.r.c.RepositoryConfigurationDelegate : Finished Spring Data repository scanning in 53 ms. Found 0 Redis repository interfaces.
2025-08-12 15:59:21.976  INFO 1 --- [main] o.s.b.w.embedded.tomcat.TomcatWebServer  : Tomcat initialized with port(s): 8082 (http)
2025-08-12 15:59:22.039  INFO 1 --- [main] o.apache.catalina.core.StandardService   : Starting service [Tomcat]
2025-08-12 15:59:22.042  INFO 1 --- [main] org.apache.catalina.core.StandardEngine  : Starting Servlet engine: [Apache Tomcat/9.0.83]
2025-08-12 15:59:22.713  INFO 1 --- [main] o.a.c.c.C.[Tomcat].[localhost].[/]       : Initializing Spring embedded WebApplicationContext
2025-08-12 15:59:22.733  INFO 1 --- [main] w.s.c.ServletWebServerApplicationContext : Root WebApplicationContext: initialization completed in 14178 ms
2025-08-12 15:59:24.276  INFO 1 --- [main] o.f.c.internal.license.VersionPrinter    : Flyway Community Edition 8.5.13 by Redgate
2025-08-12 15:59:24.290  INFO 1 --- [main] o.f.c.internal.license.VersionPrinter    : See what's new here: https://flywaydb.org/documentation/learnmore/releaseNotes#8.5.13
2025-08-12 15:59:24.292  INFO 1 --- [main] o.f.c.internal.license.VersionPrinter    : 
2025-08-12 15:59:24.350  INFO 1 --- [main] com.zaxxer.hikari.HikariDataSource       : HikariPool-1 - Starting...
2025-08-12 15:59:25.874  INFO 1 --- [main] com.zaxxer.hikari.HikariDataSource       : HikariPool-1 - Start completed.
2025-08-12 15:59:26.015  INFO 1 --- [main] o.f.c.i.database.base.BaseDatabaseType   : Database: jdbc:postgresql://correos-postgres:5432/correos_masivos_contacts (PostgreSQL 15.13)
2025-08-12 15:59:26.095  WARN 1 --- [main] o.f.c.internal.database.base.Database    : Flyway upgrade recommended: PostgreSQL 15.13 is newer than this version of Flyway and support has not been tested. The latest supported version of PostgreSQL is 14.
2025-08-12 15:59:26.470  INFO 1 --- [main] o.f.core.internal.command.DbValidate     : Successfully validated 2 migrations (execution time 00:00.239s)
2025-08-12 15:59:26.566  INFO 1 --- [main] o.f.core.internal.command.DbMigrate      : Current version of schema "public": 2
2025-08-12 15:59:26.580  INFO 1 --- [main] o.f.core.internal.command.DbMigrate      : Schema "public" is up to date. No migration necessary.
2025-08-12 15:59:27.489  INFO 1 --- [main] o.hibernate.jpa.internal.util.LogHelper  : HHH000204: Processing PersistenceUnitInfo [name: default]
2025-08-12 15:59:28.014  INFO 1 --- [main] org.hibernate.Version                    : HHH000412: Hibernate ORM core version 5.6.15.Final
2025-08-12 15:59:29.281  INFO 1 --- [main] o.hibernate.annotations.common.Version   : HCANN000001: Hibernate Commons Annotations {5.1.2.Final}
2025-08-12 15:59:30.233  INFO 1 --- [main] org.hibernate.dialect.Dialect            : HHH000400: Using dialect: org.hibernate.dialect.PostgreSQLDialect
2025-08-12 15:59:33.368  INFO 1 --- [main] o.h.e.t.j.p.i.JtaPlatformInitiator       : HHH000490: Using JtaPlatform implementation: [org.hibernate.engine.transaction.jta.platform.internal.NoJtaPlatform]
2025-08-12 15:59:33.449  INFO 1 --- [main] j.LocalContainerEntityManagerFactoryBean : Initialized JPA EntityManagerFactory for persistence unit 'default'
2025-08-12 15:59:39.848  INFO 1 --- [main] o.s.s.web.DefaultSecurityFilterChain     : Will secure any request with [org.springframework.security.web.session.DisableEncodeUrlFilter@fb2e3fd, org.springframework.security.web.context.request.async.WebAsyncManagerIntegrationFilter@43a09ce2, org.springframework.security.web.context.SecurityContextPersistenceFilter@597f0937, org.springframework.security.web.header.HeaderWriterFilter@4b0b64cc, org.springframework.web.filter.CorsFilter@3f183caa, org.springframework.security.web.authentication.logout.LogoutFilter@4afbb6c2, org.springframework.security.oauth2.server.resource.web.BearerTokenAuthenticationFilter@4ba6ec50, org.springframework.security.web.savedrequest.RequestCacheAwareFilter@6b6b3572, org.springframework.security.web.servletapi.SecurityContextHolderAwareRequestFilter@444f44c5, org.springframework.security.web.authentication.AnonymousAuthenticationFilter@7b66322e, org.springframework.security.web.session.SessionManagementFilter@3662bdff, org.springframework.security.web.access.ExceptionTranslationFilter@7c2dfa2, org.springframework.security.web.access.intercept.AuthorizationFilter@4fe64d23]
2025-08-12 15:59:42.370  WARN 1 --- [main] JpaBaseConfiguration$JpaWebConfiguration : spring.jpa.open-in-view is enabled by default. Therefore, database queries may be performed during view rendering. Explicitly configure spring.jpa.open-in-view to disable this warning
2025-08-12 15:59:44.161  INFO 1 --- [main] o.s.b.w.embedded.tomcat.TomcatWebServer  : Tomcat started on port(s): 8082 (http) with context path ''
2025-08-12 15:59:44.187  INFO 1 --- [main] c.c.m.contact.ContactServiceApplication  : Started ContactServiceApplication in 41.087 seconds (JVM running for 48.486)
2025-08-12 16:00:56.465  INFO 1 --- [SpringApplicationShutdownHook] j.LocalContainerEntityManagerFactoryBean : Closing JPA EntityManagerFactory for persistence unit 'default'
2025-08-12 16:00:56.477  INFO 1 --- [SpringApplicationShutdownHook] com.zaxxer.hikari.HikariDataSource       : HikariPool-1 - Shutdown initiated...
2025-08-12 16:00:56.486  INFO 1 --- [SpringApplicationShutdownHook] com.zaxxer.hikari.HikariDataSource       : HikariPool-1 - Shutdown completed.
2025-08-12 16:01:03.902  INFO 1 --- [main] c.c.m.contact.ContactServiceApplication  : Starting ContactServiceApplication using Java 17.0.2 on 7826e573eb2e with PID 1 (/app/microservicios/contact-service/target/contact-service-1.0.0-SNAPSHOT.jar started by root in /app)
2025-08-12 16:01:03.920  INFO 1 --- [main] c.c.m.contact.ContactServiceApplication  : The following 1 profile is active: "dev"
2025-08-12 16:01:07.851  INFO 1 --- [main] .s.d.r.c.RepositoryConfigurationDelegate : Multiple Spring Data modules found, entering strict repository configuration mode
2025-08-12 16:01:07.858  INFO 1 --- [main] .s.d.r.c.RepositoryConfigurationDelegate : Bootstrapping Spring Data JPA repositories in DEFAULT mode.
2025-08-12 16:01:08.553  INFO 1 --- [main] .s.d.r.c.RepositoryConfigurationDelegate : Finished Spring Data repository scanning in 638 ms. Found 4 JPA repository interfaces.
2025-08-12 16:01:08.626  INFO 1 --- [main] .s.d.r.c.RepositoryConfigurationDelegate : Multiple Spring Data modules found, entering strict repository configuration mode
2025-08-12 16:01:08.633  INFO 1 --- [main] .s.d.r.c.RepositoryConfigurationDelegate : Bootstrapping Spring Data Redis repositories in DEFAULT mode.
2025-08-12 16:01:08.690  INFO 1 --- [main] .RepositoryConfigurationExtensionSupport : Spring Data Redis - Could not safely identify store assignment for repository candidate interface com.correos.masivos.contact.infrastructure.repository.ContactRepository; If you want this repository to be a Redis repository, consider annotating your entities with one of these annotations: org.springframework.data.redis.core.RedisHash (preferred), or consider extending one of the following types with your repository: org.springframework.data.keyvalue.repository.KeyValueRepository
2025-08-12 16:01:08.696  INFO 1 --- [main] .RepositoryConfigurationExtensionSupport : Spring Data Redis - Could not safely identify store assignment for repository candidate interface com.correos.masivos.contact.infrastructure.repository.ContactImportRepository; If you want this repository to be a Redis repository, consider annotating your entities with one of these annotations: org.springframework.data.redis.core.RedisHash (preferred), or consider extending one of the following types with your repository: org.springframework.data.keyvalue.repository.KeyValueRepository
2025-08-12 16:01:08.701  INFO 1 --- [main] .RepositoryConfigurationExtensionSupport : Spring Data Redis - Could not safely identify store assignment for repository candidate interface com.correos.masivos.contact.infrastructure.repository.ContactListRepository; If you want this repository to be a Redis repository, consider annotating your entities with one of these annotations: org.springframework.data.redis.core.RedisHash (preferred), or consider extending one of the following types with your repository: org.springframework.data.keyvalue.repository.KeyValueRepository
2025-08-12 16:01:08.709  INFO 1 --- [main] .RepositoryConfigurationExtensionSupport : Spring Data Redis - Could not safely identify store assignment for repository candidate interface com.correos.masivos.contact.infrastructure.repository.ContactListMembershipRepository; If you want this repository to be a Redis repository, consider annotating your entities with one of these annotations: org.springframework.data.redis.core.RedisHash (preferred), or consider extending one of the following types with your repository: org.springframework.data.keyvalue.repository.KeyValueRepository
2025-08-12 16:01:08.714  INFO 1 --- [main] .s.d.r.c.RepositoryConfigurationDelegate : Finished Spring Data repository scanning in 43 ms. Found 0 Redis repository interfaces.
2025-08-12 16:01:11.975  INFO 1 --- [main] o.s.b.w.embedded.tomcat.TomcatWebServer  : Tomcat initialized with port(s): 8082 (http)
2025-08-12 16:01:12.014  INFO 1 --- [main] o.apache.catalina.core.StandardService   : Starting service [Tomcat]
2025-08-12 16:01:12.019  INFO 1 --- [main] org.apache.catalina.core.StandardEngine  : Starting Servlet engine: [Apache Tomcat/9.0.83]
2025-08-12 16:01:12.307  INFO 1 --- [main] o.a.c.c.C.[Tomcat].[localhost].[/]       : Initializing Spring embedded WebApplicationContext
2025-08-12 16:01:12.320  INFO 1 --- [main] w.s.c.ServletWebServerApplicationContext : Root WebApplicationContext: initialization completed in 8135 ms
2025-08-12 16:01:13.894  INFO 1 --- [main] o.f.c.internal.license.VersionPrinter    : Flyway Community Edition 8.5.13 by Redgate
2025-08-12 16:01:13.899  INFO 1 --- [main] o.f.c.internal.license.VersionPrinter    : See what's new here: https://flywaydb.org/documentation/learnmore/releaseNotes#8.5.13
2025-08-12 16:01:13.902  INFO 1 --- [main] o.f.c.internal.license.VersionPrinter    : 
2025-08-12 16:01:14.025  INFO 1 --- [main] com.zaxxer.hikari.HikariDataSource       : HikariPool-1 - Starting...
2025-08-12 16:01:15.042  INFO 1 --- [main] com.zaxxer.hikari.HikariDataSource       : HikariPool-1 - Start completed.
2025-08-12 16:01:15.185  INFO 1 --- [main] o.f.c.i.database.base.BaseDatabaseType   : Database: jdbc:postgresql://correos-postgres:5432/correos_masivos_contacts (PostgreSQL 15.13)
2025-08-12 16:01:15.333  WARN 1 --- [main] o.f.c.internal.database.base.Database    : Flyway upgrade recommended: PostgreSQL 15.13 is newer than this version of Flyway and support has not been tested. The latest supported version of PostgreSQL is 14.
2025-08-12 16:01:15.580  INFO 1 --- [main] o.f.core.internal.command.DbValidate     : Successfully validated 2 migrations (execution time 00:00.168s)
2025-08-12 16:01:15.644  INFO 1 --- [main] o.f.core.internal.command.DbMigrate      : Current version of schema "public": 2
2025-08-12 16:01:15.662  INFO 1 --- [main] o.f.core.internal.command.DbMigrate      : Schema "public" is up to date. No migration necessary.
2025-08-12 16:01:16.322  INFO 1 --- [main] o.hibernate.jpa.internal.util.LogHelper  : HHH000204: Processing PersistenceUnitInfo [name: default]
2025-08-12 16:01:17.081  INFO 1 --- [main] org.hibernate.Version                    : HHH000412: Hibernate ORM core version 5.6.15.Final
2025-08-12 16:01:18.366  INFO 1 --- [main] o.hibernate.annotations.common.Version   : HCANN000001: Hibernate Commons Annotations {5.1.2.Final}
2025-08-12 16:01:18.940  INFO 1 --- [main] org.hibernate.dialect.Dialect            : HHH000400: Using dialect: org.hibernate.dialect.PostgreSQLDialect
2025-08-12 16:01:22.055  INFO 1 --- [main] o.h.e.t.j.p.i.JtaPlatformInitiator       : HHH000490: Using JtaPlatform implementation: [org.hibernate.engine.transaction.jta.platform.internal.NoJtaPlatform]
2025-08-12 16:01:22.120  INFO 1 --- [main] j.LocalContainerEntityManagerFactoryBean : Initialized JPA EntityManagerFactory for persistence unit 'default'
2025-08-12 16:01:27.023  INFO 1 --- [main] o.s.s.web.DefaultSecurityFilterChain     : Will secure any request with [org.springframework.security.web.session.DisableEncodeUrlFilter@3f183caa, org.springframework.security.web.context.request.async.WebAsyncManagerIntegrationFilter@7b66322e, org.springframework.security.web.context.SecurityContextPersistenceFilter@6b6b3572, org.springframework.security.web.header.HeaderWriterFilter@4860827a, org.springframework.web.filter.CorsFilter@63538bb4, org.springframework.security.web.authentication.logout.LogoutFilter@6c6017b9, org.springframework.security.oauth2.server.resource.web.BearerTokenAuthenticationFilter@fb2e3fd, org.springframework.security.web.savedrequest.RequestCacheAwareFilter@444f44c5, org.springframework.security.web.servletapi.SecurityContextHolderAwareRequestFilter@24d61e4, org.springframework.security.web.authentication.AnonymousAuthenticationFilter@24534cb0, org.springframework.security.web.session.SessionManagementFilter@4fa822ad, org.springframework.security.web.access.ExceptionTranslationFilter@4b0b64cc, org.springframework.security.web.access.intercept.AuthorizationFilter@6af5bbd0]
2025-08-12 16:01:29.331  WARN 1 --- [main] JpaBaseConfiguration$JpaWebConfiguration : spring.jpa.open-in-view is enabled by default. Therefore, database queries may be performed during view rendering. Explicitly configure spring.jpa.open-in-view to disable this warning
2025-08-12 16:01:31.385  INFO 1 --- [main] o.s.b.w.embedded.tomcat.TomcatWebServer  : Tomcat started on port(s): 8082 (http) with context path ''
2025-08-12 16:01:31.444  INFO 1 --- [main] c.c.m.contact.ContactServiceApplication  : Started ContactServiceApplication in 29.539 seconds (JVM running for 31.92)
2025-08-12 18:00:14.567  INFO 1 --- [http-nio-8082-exec-1] o.a.c.c.C.[Tomcat].[localhost].[/]       : Initializing Spring DispatcherServlet 'dispatcherServlet'
2025-08-12 18:00:14.583  INFO 1 --- [http-nio-8082-exec-1] o.s.web.servlet.DispatcherServlet        : Initializing Servlet 'dispatcherServlet'
2025-08-12 18:00:14.715  INFO 1 --- [http-nio-8082-exec-1] o.s.web.servlet.DispatcherServlet        : Completed initialization in 132 ms
