2025-08-12 03:21:42.552  INFO 1 --- [main] c.c.m.t.TemplateServiceApplication       : Starting TemplateServiceApplication using Java 17.0.2 on 6f4a62fa4b82 with PID 1 (/app/microservicios/template-service/target/template-service-1.0.0-SNAPSHOT.jar started by root in /app)
2025-08-12 03:21:42.600  INFO 1 --- [main] c.c.m.t.TemplateServiceApplication       : The following 1 profile is active: "dev"
2025-08-12 03:21:47.894  INFO 1 --- [main] .s.d.r.c.RepositoryConfigurationDelegate : Multiple Spring Data modules found, entering strict repository configuration mode
2025-08-12 03:21:47.908  INFO 1 --- [main] .s.d.r.c.RepositoryConfigurationDelegate : Bootstrapping Spring Data JPA repositories in DEFAULT mode.
2025-08-12 03:21:48.631  INFO 1 --- [main] .s.d.r.c.RepositoryConfigurationDelegate : Finished Spring Data repository scanning in 671 ms. Found 2 JPA repository interfaces.
2025-08-12 03:21:48.752  INFO 1 --- [main] .s.d.r.c.RepositoryConfigurationDelegate : Multiple Spring Data modules found, entering strict repository configuration mode
2025-08-12 03:21:48.763  INFO 1 --- [main] .s.d.r.c.RepositoryConfigurationDelegate : Bootstrapping Spring Data Redis repositories in DEFAULT mode.
2025-08-12 03:21:48.880  INFO 1 --- [main] .RepositoryConfigurationExtensionSupport : Spring Data Redis - Could not safely identify store assignment for repository candidate interface com.correos.masivos.template.infrastructure.repository.TemplateRepository; If you want this repository to be a Redis repository, consider annotating your entities with one of these annotations: org.springframework.data.redis.core.RedisHash (preferred), or consider extending one of the following types with your repository: org.springframework.data.keyvalue.repository.KeyValueRepository
2025-08-12 03:21:48.888  INFO 1 --- [main] .RepositoryConfigurationExtensionSupport : Spring Data Redis - Could not safely identify store assignment for repository candidate interface com.correos.masivos.template.infrastructure.repository.TemplateVariableRepository; If you want this repository to be a Redis repository, consider annotating your entities with one of these annotations: org.springframework.data.redis.core.RedisHash (preferred), or consider extending one of the following types with your repository: org.springframework.data.keyvalue.repository.KeyValueRepository
2025-08-12 03:21:48.892  INFO 1 --- [main] .s.d.r.c.RepositoryConfigurationDelegate : Finished Spring Data repository scanning in 35 ms. Found 0 Redis repository interfaces.
2025-08-12 03:21:53.162  INFO 1 --- [main] o.s.b.w.embedded.tomcat.TomcatWebServer  : Tomcat initialized with port(s): 8085 (http)
2025-08-12 03:21:53.349  INFO 1 --- [main] o.apache.catalina.core.StandardService   : Starting service [Tomcat]
2025-08-12 03:21:53.353  INFO 1 --- [main] org.apache.catalina.core.StandardEngine  : Starting Servlet engine: [Apache Tomcat/9.0.83]
2025-08-12 03:21:53.921  INFO 1 --- [main] o.a.c.c.C.[Tomcat].[localhost].[/]       : Initializing Spring embedded WebApplicationContext
2025-08-12 03:21:53.929  INFO 1 --- [main] w.s.c.ServletWebServerApplicationContext : Root WebApplicationContext: initialization completed in 10831 ms
2025-08-12 03:21:55.403  INFO 1 --- [main] o.f.c.internal.license.VersionPrinter    : Flyway Community Edition 8.5.13 by Redgate
2025-08-12 03:21:55.412  INFO 1 --- [main] o.f.c.internal.license.VersionPrinter    : See what's new here: https://flywaydb.org/documentation/learnmore/releaseNotes#8.5.13
2025-08-12 03:21:55.431  INFO 1 --- [main] o.f.c.internal.license.VersionPrinter    : 
2025-08-12 03:21:55.650  INFO 1 --- [main] com.zaxxer.hikari.HikariDataSource       : HikariPool-1 - Starting...
2025-08-12 03:21:56.954  INFO 1 --- [main] com.zaxxer.hikari.HikariDataSource       : HikariPool-1 - Start completed.
2025-08-12 03:21:57.061  INFO 1 --- [main] o.f.c.i.database.base.BaseDatabaseType   : Database: jdbc:postgresql://correos-postgres:5432/correos_masivos_templates (PostgreSQL 15.13)
2025-08-12 03:21:57.118  WARN 1 --- [main] o.f.c.internal.database.base.Database    : Flyway upgrade recommended: PostgreSQL 15.13 is newer than this version of Flyway and support has not been tested. The latest supported version of PostgreSQL is 14.
2025-08-12 03:21:57.476  INFO 1 --- [main] o.f.core.internal.command.DbValidate     : Successfully validated 4 migrations (execution time 00:00.225s)
2025-08-12 03:21:57.553  INFO 1 --- [main] o.f.core.internal.command.DbMigrate      : Current version of schema "public": 4
2025-08-12 03:21:57.566  INFO 1 --- [main] o.f.core.internal.command.DbMigrate      : Schema "public" is up to date. No migration necessary.
2025-08-12 03:21:58.178  INFO 1 --- [main] o.hibernate.jpa.internal.util.LogHelper  : HHH000204: Processing PersistenceUnitInfo [name: default]
2025-08-12 03:21:58.728  INFO 1 --- [main] org.hibernate.Version                    : HHH000412: Hibernate ORM core version 5.6.15.Final
2025-08-12 03:22:00.058  INFO 1 --- [main] o.hibernate.annotations.common.Version   : HCANN000001: Hibernate Commons Annotations {5.1.2.Final}
2025-08-12 03:22:00.761  INFO 1 --- [main] org.hibernate.dialect.Dialect            : HHH000400: Using dialect: org.hibernate.dialect.PostgreSQLDialect
2025-08-12 03:22:03.622  INFO 1 --- [main] o.h.e.t.j.p.i.JtaPlatformInitiator       : HHH000490: Using JtaPlatform implementation: [org.hibernate.engine.transaction.jta.platform.internal.NoJtaPlatform]
2025-08-12 03:22:03.669  INFO 1 --- [main] j.LocalContainerEntityManagerFactoryBean : Initialized JPA EntityManagerFactory for persistence unit 'default'
2025-08-12 03:22:08.339  INFO 1 --- [main] o.s.s.web.DefaultSecurityFilterChain     : Will secure any request with [org.springframework.security.web.session.DisableEncodeUrlFilter@2630dbc4, org.springframework.security.web.context.request.async.WebAsyncManagerIntegrationFilter@5ea4300e, org.springframework.security.web.context.SecurityContextPersistenceFilter@50fb33a, org.springframework.security.web.header.HeaderWriterFilter@77a074b4, org.springframework.web.filter.CorsFilter@5a1c3cb4, org.springframework.security.web.authentication.logout.LogoutFilter@75d982d3, org.springframework.security.oauth2.server.resource.web.BearerTokenAuthenticationFilter@142213d5, org.springframework.security.web.savedrequest.RequestCacheAwareFilter@1457fde, org.springframework.security.web.servletapi.SecurityContextHolderAwareRequestFilter@17fa1336, org.springframework.security.web.authentication.AnonymousAuthenticationFilter@76ad6715, org.springframework.security.web.session.SessionManagementFilter@1dc3502b, org.springframework.security.web.access.ExceptionTranslationFilter@7b948f3e, org.springframework.security.web.access.intercept.AuthorizationFilter@4dba773d]
2025-08-12 03:22:08.745  WARN 1 --- [main] JpaBaseConfiguration$JpaWebConfiguration : spring.jpa.open-in-view is enabled by default. Therefore, database queries may be performed during view rendering. Explicitly configure spring.jpa.open-in-view to disable this warning
2025-08-12 03:22:12.352  WARN 1 --- [main] o.s.b.a.f.FreeMarkerAutoConfiguration    : Cannot find template location(s): [classpath:/templates/] (please add some templates, check your FreeMarker configuration, or set spring.freemarker.check-template-location=false)
2025-08-12 03:22:12.503  INFO 1 --- [main] o.s.b.w.embedded.tomcat.TomcatWebServer  : Tomcat started on port(s): 8085 (http) with context path ''
2025-08-12 03:22:12.534  INFO 1 --- [main] c.c.m.t.TemplateServiceApplication       : Started TemplateServiceApplication in 32.859 seconds (JVM running for 35.8)
2025-08-12 03:58:14.140  INFO 1 --- [main] c.c.m.t.TemplateServiceApplication       : Starting TemplateServiceApplication using Java 17.0.2 on 3cf8e77a9271 with PID 1 (/app/microservicios/template-service/target/template-service-1.0.0-SNAPSHOT.jar started by root in /app)
2025-08-12 03:58:14.184  INFO 1 --- [main] c.c.m.t.TemplateServiceApplication       : The following 1 profile is active: "dev"
2025-08-12 03:58:21.704  INFO 1 --- [main] .s.d.r.c.RepositoryConfigurationDelegate : Multiple Spring Data modules found, entering strict repository configuration mode
2025-08-12 03:58:21.713  INFO 1 --- [main] .s.d.r.c.RepositoryConfigurationDelegate : Bootstrapping Spring Data JPA repositories in DEFAULT mode.
2025-08-12 03:58:22.486  INFO 1 --- [main] .s.d.r.c.RepositoryConfigurationDelegate : Finished Spring Data repository scanning in 728 ms. Found 2 JPA repository interfaces.
2025-08-12 03:58:22.599  INFO 1 --- [main] .s.d.r.c.RepositoryConfigurationDelegate : Multiple Spring Data modules found, entering strict repository configuration mode
2025-08-12 03:58:22.607  INFO 1 --- [main] .s.d.r.c.RepositoryConfigurationDelegate : Bootstrapping Spring Data Redis repositories in DEFAULT mode.
2025-08-12 03:58:22.697  INFO 1 --- [main] .RepositoryConfigurationExtensionSupport : Spring Data Redis - Could not safely identify store assignment for repository candidate interface com.correos.masivos.template.infrastructure.repository.TemplateRepository; If you want this repository to be a Redis repository, consider annotating your entities with one of these annotations: org.springframework.data.redis.core.RedisHash (preferred), or consider extending one of the following types with your repository: org.springframework.data.keyvalue.repository.KeyValueRepository
2025-08-12 03:58:22.705  INFO 1 --- [main] .RepositoryConfigurationExtensionSupport : Spring Data Redis - Could not safely identify store assignment for repository candidate interface com.correos.masivos.template.infrastructure.repository.TemplateVariableRepository; If you want this repository to be a Redis repository, consider annotating your entities with one of these annotations: org.springframework.data.redis.core.RedisHash (preferred), or consider extending one of the following types with your repository: org.springframework.data.keyvalue.repository.KeyValueRepository
2025-08-12 03:58:22.712  INFO 1 --- [main] .s.d.r.c.RepositoryConfigurationDelegate : Finished Spring Data repository scanning in 59 ms. Found 0 Redis repository interfaces.
2025-08-12 03:58:26.676  INFO 1 --- [main] o.s.b.w.embedded.tomcat.TomcatWebServer  : Tomcat initialized with port(s): 8085 (http)
2025-08-12 03:58:26.825  INFO 1 --- [main] o.apache.catalina.core.StandardService   : Starting service [Tomcat]
2025-08-12 03:58:26.834  INFO 1 --- [main] org.apache.catalina.core.StandardEngine  : Starting Servlet engine: [Apache Tomcat/9.0.83]
2025-08-12 03:58:27.437  INFO 1 --- [main] o.a.c.c.C.[Tomcat].[localhost].[/]       : Initializing Spring embedded WebApplicationContext
2025-08-12 03:58:27.453  INFO 1 --- [main] w.s.c.ServletWebServerApplicationContext : Root WebApplicationContext: initialization completed in 12857 ms
2025-08-12 03:58:29.090  INFO 1 --- [main] o.f.c.internal.license.VersionPrinter    : Flyway Community Edition 8.5.13 by Redgate
2025-08-12 03:58:29.097  INFO 1 --- [main] o.f.c.internal.license.VersionPrinter    : See what's new here: https://flywaydb.org/documentation/learnmore/releaseNotes#8.5.13
2025-08-12 03:58:29.099  INFO 1 --- [main] o.f.c.internal.license.VersionPrinter    : 
2025-08-12 03:58:29.137  INFO 1 --- [main] com.zaxxer.hikari.HikariDataSource       : HikariPool-1 - Starting...
2025-08-12 03:58:30.468  INFO 1 --- [main] com.zaxxer.hikari.HikariDataSource       : HikariPool-1 - Start completed.
2025-08-12 03:58:30.592  INFO 1 --- [main] o.f.c.i.database.base.BaseDatabaseType   : Database: jdbc:postgresql://correos-postgres:5432/correos_masivos_templates (PostgreSQL 15.13)
2025-08-12 03:58:30.638  WARN 1 --- [main] o.f.c.internal.database.base.Database    : Flyway upgrade recommended: PostgreSQL 15.13 is newer than this version of Flyway and support has not been tested. The latest supported version of PostgreSQL is 14.
2025-08-12 03:58:31.114  INFO 1 --- [main] o.f.core.internal.command.DbValidate     : Successfully validated 4 migrations (execution time 00:00.279s)
2025-08-12 03:58:31.183  INFO 1 --- [main] o.f.core.internal.command.DbMigrate      : Current version of schema "public": 4
2025-08-12 03:58:31.201  INFO 1 --- [main] o.f.core.internal.command.DbMigrate      : Schema "public" is up to date. No migration necessary.
2025-08-12 03:58:32.149  INFO 1 --- [main] o.hibernate.jpa.internal.util.LogHelper  : HHH000204: Processing PersistenceUnitInfo [name: default]
2025-08-12 03:58:32.583  INFO 1 --- [main] org.hibernate.Version                    : HHH000412: Hibernate ORM core version 5.6.15.Final
2025-08-12 03:58:33.821  INFO 1 --- [main] o.hibernate.annotations.common.Version   : HCANN000001: Hibernate Commons Annotations {5.1.2.Final}
2025-08-12 03:58:34.437  INFO 1 --- [main] org.hibernate.dialect.Dialect            : HHH000400: Using dialect: org.hibernate.dialect.PostgreSQLDialect
2025-08-12 03:58:37.364  INFO 1 --- [main] o.h.e.t.j.p.i.JtaPlatformInitiator       : HHH000490: Using JtaPlatform implementation: [org.hibernate.engine.transaction.jta.platform.internal.NoJtaPlatform]
2025-08-12 03:58:37.478  INFO 1 --- [main] j.LocalContainerEntityManagerFactoryBean : Initialized JPA EntityManagerFactory for persistence unit 'default'
2025-08-12 03:58:40.197  INFO 1 --- [main] o.s.s.web.DefaultSecurityFilterChain     : Will secure any request with [org.springframework.security.web.session.DisableEncodeUrlFilter@7e53339, org.springframework.security.web.context.request.async.WebAsyncManagerIntegrationFilter@58fef7f7, org.springframework.security.web.context.SecurityContextPersistenceFilter@142213d5, org.springframework.security.web.header.HeaderWriterFilter@a5272be, org.springframework.web.filter.CorsFilter@31ddb930, org.springframework.security.web.authentication.logout.LogoutFilter@6e4f263e, org.springframework.security.oauth2.server.resource.web.BearerTokenAuthenticationFilter@6cf0a747, org.springframework.security.web.savedrequest.RequestCacheAwareFilter@2630dbc4, org.springframework.security.web.servletapi.SecurityContextHolderAwareRequestFilter@5a1c3cb4, org.springframework.security.web.authentication.AnonymousAuthenticationFilter@12eedfee, org.springframework.security.web.session.SessionManagementFilter@10b1a751, org.springframework.security.web.access.ExceptionTranslationFilter@3204e238, org.springframework.security.web.access.intercept.AuthorizationFilter@75d4a80f]
2025-08-12 03:58:41.330  WARN 1 --- [main] JpaBaseConfiguration$JpaWebConfiguration : spring.jpa.open-in-view is enabled by default. Therefore, database queries may be performed during view rendering. Explicitly configure spring.jpa.open-in-view to disable this warning
2025-08-12 03:58:42.700  WARN 1 --- [main] o.s.b.a.f.FreeMarkerAutoConfiguration    : Cannot find template location(s): [classpath:/templates/] (please add some templates, check your FreeMarker configuration, or set spring.freemarker.check-template-location=false)
2025-08-12 03:58:42.813  INFO 1 --- [main] o.s.b.w.embedded.tomcat.TomcatWebServer  : Tomcat started on port(s): 8085 (http) with context path ''
2025-08-12 03:58:42.837  INFO 1 --- [main] c.c.m.t.TemplateServiceApplication       : Started TemplateServiceApplication in 32.77 seconds (JVM running for 37.999)
2025-08-12 03:59:07.005  INFO 1 --- [http-nio-8085-exec-1] o.a.c.c.C.[Tomcat].[localhost].[/]       : Initializing Spring DispatcherServlet 'dispatcherServlet'
2025-08-12 03:59:07.006  INFO 1 --- [http-nio-8085-exec-1] o.s.web.servlet.DispatcherServlet        : Initializing Servlet 'dispatcherServlet'
2025-08-12 03:59:07.009  INFO 1 --- [http-nio-8085-exec-1] o.s.web.servlet.DispatcherServlet        : Completed initialization in 1 ms
2025-08-12 05:16:25.662  INFO 1 --- [SpringApplicationShutdownHook] j.LocalContainerEntityManagerFactoryBean : Closing JPA EntityManagerFactory for persistence unit 'default'
2025-08-12 05:16:25.695  INFO 1 --- [SpringApplicationShutdownHook] com.zaxxer.hikari.HikariDataSource       : HikariPool-1 - Shutdown initiated...
2025-08-12 05:16:25.712  INFO 1 --- [SpringApplicationShutdownHook] com.zaxxer.hikari.HikariDataSource       : HikariPool-1 - Shutdown completed.
2025-08-12 05:16:35.537  INFO 1 --- [main] c.c.m.t.TemplateServiceApplication       : Starting TemplateServiceApplication using Java 17.0.2 on 6b1e9ebe5460 with PID 1 (/app/microservicios/template-service/target/template-service-1.0.0-SNAPSHOT.jar started by root in /app)
2025-08-12 05:16:35.566  INFO 1 --- [main] c.c.m.t.TemplateServiceApplication       : The following 1 profile is active: "dev"
2025-08-12 05:16:40.991  INFO 1 --- [main] .s.d.r.c.RepositoryConfigurationDelegate : Multiple Spring Data modules found, entering strict repository configuration mode
2025-08-12 05:16:41.006  INFO 1 --- [main] .s.d.r.c.RepositoryConfigurationDelegate : Bootstrapping Spring Data JPA repositories in DEFAULT mode.
2025-08-12 05:16:41.797  INFO 1 --- [main] .s.d.r.c.RepositoryConfigurationDelegate : Finished Spring Data repository scanning in 749 ms. Found 2 JPA repository interfaces.
2025-08-12 05:16:41.892  INFO 1 --- [main] .s.d.r.c.RepositoryConfigurationDelegate : Multiple Spring Data modules found, entering strict repository configuration mode
2025-08-12 05:16:41.898  INFO 1 --- [main] .s.d.r.c.RepositoryConfigurationDelegate : Bootstrapping Spring Data Redis repositories in DEFAULT mode.
2025-08-12 05:16:41.968  INFO 1 --- [main] .RepositoryConfigurationExtensionSupport : Spring Data Redis - Could not safely identify store assignment for repository candidate interface com.correos.masivos.template.infrastructure.repository.TemplateRepository; If you want this repository to be a Redis repository, consider annotating your entities with one of these annotations: org.springframework.data.redis.core.RedisHash (preferred), or consider extending one of the following types with your repository: org.springframework.data.keyvalue.repository.KeyValueRepository
2025-08-12 05:16:41.972  INFO 1 --- [main] .RepositoryConfigurationExtensionSupport : Spring Data Redis - Could not safely identify store assignment for repository candidate interface com.correos.masivos.template.infrastructure.repository.TemplateVariableRepository; If you want this repository to be a Redis repository, consider annotating your entities with one of these annotations: org.springframework.data.redis.core.RedisHash (preferred), or consider extending one of the following types with your repository: org.springframework.data.keyvalue.repository.KeyValueRepository
2025-08-12 05:16:41.974  INFO 1 --- [main] .s.d.r.c.RepositoryConfigurationDelegate : Finished Spring Data repository scanning in 21 ms. Found 0 Redis repository interfaces.
2025-08-12 05:16:46.822  INFO 1 --- [main] o.s.b.w.embedded.tomcat.TomcatWebServer  : Tomcat initialized with port(s): 8085 (http)
2025-08-12 05:16:46.915  INFO 1 --- [main] o.apache.catalina.core.StandardService   : Starting service [Tomcat]
2025-08-12 05:16:46.920  INFO 1 --- [main] org.apache.catalina.core.StandardEngine  : Starting Servlet engine: [Apache Tomcat/9.0.83]
2025-08-12 05:16:47.449  INFO 1 --- [main] o.a.c.c.C.[Tomcat].[localhost].[/]       : Initializing Spring embedded WebApplicationContext
2025-08-12 05:16:47.470  INFO 1 --- [main] w.s.c.ServletWebServerApplicationContext : Root WebApplicationContext: initialization completed in 11454 ms
2025-08-12 05:16:49.644  INFO 1 --- [main] o.f.c.internal.license.VersionPrinter    : Flyway Community Edition 8.5.13 by Redgate
2025-08-12 05:16:49.650  INFO 1 --- [main] o.f.c.internal.license.VersionPrinter    : See what's new here: https://flywaydb.org/documentation/learnmore/releaseNotes#8.5.13
2025-08-12 05:16:49.651  INFO 1 --- [main] o.f.c.internal.license.VersionPrinter    : 
2025-08-12 05:16:49.849  INFO 1 --- [main] com.zaxxer.hikari.HikariDataSource       : HikariPool-1 - Starting...
2025-08-12 05:16:51.434  INFO 1 --- [main] com.zaxxer.hikari.HikariDataSource       : HikariPool-1 - Start completed.
2025-08-12 05:16:51.613  INFO 1 --- [main] o.f.c.i.database.base.BaseDatabaseType   : Database: jdbc:postgresql://correos-postgres:5432/correos_masivos_templates (PostgreSQL 15.13)
2025-08-12 05:16:51.751  WARN 1 --- [main] o.f.c.internal.database.base.Database    : Flyway upgrade recommended: PostgreSQL 15.13 is newer than this version of Flyway and support has not been tested. The latest supported version of PostgreSQL is 14.
2025-08-12 05:16:52.228  INFO 1 --- [main] o.f.core.internal.command.DbValidate     : Successfully validated 4 migrations (execution time 00:00.302s)
2025-08-12 05:16:52.333  INFO 1 --- [main] o.f.core.internal.command.DbMigrate      : Current version of schema "public": 4
2025-08-12 05:16:52.347  INFO 1 --- [main] o.f.core.internal.command.DbMigrate      : Schema "public" is up to date. No migration necessary.
2025-08-12 05:16:53.313  INFO 1 --- [main] o.hibernate.jpa.internal.util.LogHelper  : HHH000204: Processing PersistenceUnitInfo [name: default]
2025-08-12 05:16:53.984  INFO 1 --- [main] org.hibernate.Version                    : HHH000412: Hibernate ORM core version 5.6.15.Final
2025-08-12 05:16:55.544  INFO 1 --- [main] o.hibernate.annotations.common.Version   : HCANN000001: Hibernate Commons Annotations {5.1.2.Final}
2025-08-12 05:16:56.381  INFO 1 --- [main] org.hibernate.dialect.Dialect            : HHH000400: Using dialect: org.hibernate.dialect.PostgreSQLDialect
2025-08-12 05:16:59.382  INFO 1 --- [main] o.h.e.t.j.p.i.JtaPlatformInitiator       : HHH000490: Using JtaPlatform implementation: [org.hibernate.engine.transaction.jta.platform.internal.NoJtaPlatform]
2025-08-12 05:16:59.425  INFO 1 --- [main] j.LocalContainerEntityManagerFactoryBean : Initialized JPA EntityManagerFactory for persistence unit 'default'
2025-08-12 05:17:04.164  INFO 1 --- [main] o.s.s.web.DefaultSecurityFilterChain     : Will secure any request with [org.springframework.security.web.session.DisableEncodeUrlFilter@f1d0004, org.springframework.security.web.context.request.async.WebAsyncManagerIntegrationFilter@6e4f263e, org.springframework.security.web.context.SecurityContextPersistenceFilter@c755b2, org.springframework.security.web.header.HeaderWriterFilter@17fa1336, org.springframework.web.filter.CorsFilter@48b4a043, org.springframework.security.web.authentication.logout.LogoutFilter@4c58255, org.springframework.security.oauth2.server.resource.web.BearerTokenAuthenticationFilter@74ea46e2, org.springframework.security.web.savedrequest.RequestCacheAwareFilter@250a500b, org.springframework.security.web.servletapi.SecurityContextHolderAwareRequestFilter@4f89331f, org.springframework.security.web.authentication.AnonymousAuthenticationFilter@2f5b8250, org.springframework.security.web.session.SessionManagementFilter@44cffc25, org.springframework.security.web.access.ExceptionTranslationFilter@1457fde, org.springframework.security.web.access.intercept.AuthorizationFilter@56637cff]
2025-08-12 05:17:06.198  WARN 1 --- [main] JpaBaseConfiguration$JpaWebConfiguration : spring.jpa.open-in-view is enabled by default. Therefore, database queries may be performed during view rendering. Explicitly configure spring.jpa.open-in-view to disable this warning
2025-08-12 05:17:10.060  WARN 1 --- [main] o.s.b.a.f.FreeMarkerAutoConfiguration    : Cannot find template location(s): [classpath:/templates/] (please add some templates, check your FreeMarker configuration, or set spring.freemarker.check-template-location=false)
2025-08-12 05:17:10.506  INFO 1 --- [main] o.s.b.w.embedded.tomcat.TomcatWebServer  : Tomcat started on port(s): 8085 (http) with context path ''
2025-08-12 05:17:10.629  INFO 1 --- [main] c.c.m.t.TemplateServiceApplication       : Started TemplateServiceApplication in 38.472 seconds (JVM running for 41.706)
2025-08-12 05:30:48.411  INFO 1 --- [main] c.c.m.t.TemplateServiceApplication       : Starting TemplateServiceApplication using Java 17.0.2 on 88ba978802d3 with PID 1 (/app/microservicios/template-service/target/template-service-1.0.0-SNAPSHOT.jar started by root in /app)
2025-08-12 05:30:48.429  INFO 1 --- [main] c.c.m.t.TemplateServiceApplication       : The following 1 profile is active: "dev"
2025-08-12 05:30:56.422  INFO 1 --- [main] .s.d.r.c.RepositoryConfigurationDelegate : Multiple Spring Data modules found, entering strict repository configuration mode
2025-08-12 05:30:56.449  INFO 1 --- [main] .s.d.r.c.RepositoryConfigurationDelegate : Bootstrapping Spring Data JPA repositories in DEFAULT mode.
2025-08-12 05:30:57.559  INFO 1 --- [main] .s.d.r.c.RepositoryConfigurationDelegate : Finished Spring Data repository scanning in 1010 ms. Found 2 JPA repository interfaces.
2025-08-12 05:30:57.656  INFO 1 --- [main] .s.d.r.c.RepositoryConfigurationDelegate : Multiple Spring Data modules found, entering strict repository configuration mode
2025-08-12 05:30:57.666  INFO 1 --- [main] .s.d.r.c.RepositoryConfigurationDelegate : Bootstrapping Spring Data Redis repositories in DEFAULT mode.
2025-08-12 05:30:57.746  INFO 1 --- [main] .RepositoryConfigurationExtensionSupport : Spring Data Redis - Could not safely identify store assignment for repository candidate interface com.correos.masivos.template.infrastructure.repository.TemplateRepository; If you want this repository to be a Redis repository, consider annotating your entities with one of these annotations: org.springframework.data.redis.core.RedisHash (preferred), or consider extending one of the following types with your repository: org.springframework.data.keyvalue.repository.KeyValueRepository
2025-08-12 05:30:57.750  INFO 1 --- [main] .RepositoryConfigurationExtensionSupport : Spring Data Redis - Could not safely identify store assignment for repository candidate interface com.correos.masivos.template.infrastructure.repository.TemplateVariableRepository; If you want this repository to be a Redis repository, consider annotating your entities with one of these annotations: org.springframework.data.redis.core.RedisHash (preferred), or consider extending one of the following types with your repository: org.springframework.data.keyvalue.repository.KeyValueRepository
2025-08-12 05:30:57.765  INFO 1 --- [main] .s.d.r.c.RepositoryConfigurationDelegate : Finished Spring Data repository scanning in 46 ms. Found 0 Redis repository interfaces.
2025-08-12 05:31:05.788  INFO 1 --- [main] o.s.b.w.embedded.tomcat.TomcatWebServer  : Tomcat initialized with port(s): 8085 (http)
2025-08-12 05:31:06.356  INFO 1 --- [main] o.apache.catalina.core.StandardService   : Starting service [Tomcat]
2025-08-12 05:31:06.444  INFO 1 --- [main] org.apache.catalina.core.StandardEngine  : Starting Servlet engine: [Apache Tomcat/9.0.83]
2025-08-12 05:31:08.008  INFO 1 --- [main] o.a.c.c.C.[Tomcat].[localhost].[/]       : Initializing Spring embedded WebApplicationContext
2025-08-12 05:31:08.064  INFO 1 --- [main] w.s.c.ServletWebServerApplicationContext : Root WebApplicationContext: initialization completed in 19398 ms
2025-08-12 05:31:11.235  INFO 1 --- [main] o.f.c.internal.license.VersionPrinter    : Flyway Community Edition 8.5.13 by Redgate
2025-08-12 05:31:11.255  INFO 1 --- [main] o.f.c.internal.license.VersionPrinter    : See what's new here: https://flywaydb.org/documentation/learnmore/releaseNotes#8.5.13
2025-08-12 05:31:11.260  INFO 1 --- [main] o.f.c.internal.license.VersionPrinter    : 
2025-08-12 05:31:11.383  INFO 1 --- [main] com.zaxxer.hikari.HikariDataSource       : HikariPool-1 - Starting...
2025-08-12 05:31:13.443  INFO 1 --- [main] com.zaxxer.hikari.HikariDataSource       : HikariPool-1 - Start completed.
2025-08-12 05:31:13.957  INFO 1 --- [main] o.f.c.i.database.base.BaseDatabaseType   : Database: jdbc:postgresql://correos-postgres:5432/correos_masivos_templates (PostgreSQL 15.13)
2025-08-12 05:31:14.205  WARN 1 --- [main] o.f.c.internal.database.base.Database    : Flyway upgrade recommended: PostgreSQL 15.13 is newer than this version of Flyway and support has not been tested. The latest supported version of PostgreSQL is 14.
2025-08-12 05:31:16.120  INFO 1 --- [main] o.f.core.internal.command.DbValidate     : Successfully validated 4 migrations (execution time 00:00.472s)
2025-08-12 05:31:16.166  INFO 1 --- [main] o.f.core.internal.command.DbMigrate      : Current version of schema "public": 4
2025-08-12 05:31:16.178  INFO 1 --- [main] o.f.core.internal.command.DbMigrate      : Schema "public" is up to date. No migration necessary.
2025-08-12 05:31:17.206  INFO 1 --- [main] o.hibernate.jpa.internal.util.LogHelper  : HHH000204: Processing PersistenceUnitInfo [name: default]
2025-08-12 05:31:17.761  INFO 1 --- [main] org.hibernate.Version                    : HHH000412: Hibernate ORM core version 5.6.15.Final
2025-08-12 05:31:18.945  INFO 1 --- [main] o.hibernate.annotations.common.Version   : HCANN000001: Hibernate Commons Annotations {5.1.2.Final}
2025-08-12 05:31:19.525  INFO 1 --- [main] org.hibernate.dialect.Dialect            : HHH000400: Using dialect: org.hibernate.dialect.PostgreSQLDialect
2025-08-12 05:31:22.050  INFO 1 --- [main] o.h.e.t.j.p.i.JtaPlatformInitiator       : HHH000490: Using JtaPlatform implementation: [org.hibernate.engine.transaction.jta.platform.internal.NoJtaPlatform]
2025-08-12 05:31:22.099  INFO 1 --- [main] j.LocalContainerEntityManagerFactoryBean : Initialized JPA EntityManagerFactory for persistence unit 'default'
2025-08-12 05:31:26.423  INFO 1 --- [main] o.s.s.web.DefaultSecurityFilterChain     : Will secure any request with [org.springframework.security.web.session.DisableEncodeUrlFilter@934b52f, org.springframework.security.web.context.request.async.WebAsyncManagerIntegrationFilter@2630dbc4, org.springframework.security.web.context.SecurityContextPersistenceFilter@1dc3502b, org.springframework.security.web.header.HeaderWriterFilter@58f39564, org.springframework.web.filter.CorsFilter@5ea4300e, org.springframework.security.web.authentication.logout.LogoutFilter@c755b2, org.springframework.security.oauth2.server.resource.web.BearerTokenAuthenticationFilter@7b306b9f, org.springframework.security.web.savedrequest.RequestCacheAwareFilter@67e13bd0, org.springframework.security.web.servletapi.SecurityContextHolderAwareRequestFilter@2cae9b8, org.springframework.security.web.authentication.AnonymousAuthenticationFilter@5a1c3cb4, org.springframework.security.web.session.SessionManagementFilter@22eaa86e, org.springframework.security.web.access.ExceptionTranslationFilter@3f0d6038, org.springframework.security.web.access.intercept.AuthorizationFilter@58ba5b30]
2025-08-12 05:31:27.916  WARN 1 --- [main] JpaBaseConfiguration$JpaWebConfiguration : spring.jpa.open-in-view is enabled by default. Therefore, database queries may be performed during view rendering. Explicitly configure spring.jpa.open-in-view to disable this warning
2025-08-12 05:31:31.017  WARN 1 --- [main] o.s.b.a.f.FreeMarkerAutoConfiguration    : Cannot find template location(s): [classpath:/templates/] (please add some templates, check your FreeMarker configuration, or set spring.freemarker.check-template-location=false)
2025-08-12 05:31:31.298  INFO 1 --- [main] o.s.b.w.embedded.tomcat.TomcatWebServer  : Tomcat started on port(s): 8085 (http) with context path ''
2025-08-12 05:31:31.356  INFO 1 --- [main] c.c.m.t.TemplateServiceApplication       : Started TemplateServiceApplication in 52.607 seconds (JVM running for 70.477)
2025-08-12 05:33:20.157  INFO 1 --- [http-nio-8085-exec-1] o.a.c.c.C.[Tomcat].[localhost].[/]       : Initializing Spring DispatcherServlet 'dispatcherServlet'
2025-08-12 05:33:20.159  INFO 1 --- [http-nio-8085-exec-1] o.s.web.servlet.DispatcherServlet        : Initializing Servlet 'dispatcherServlet'
2025-08-12 05:33:20.173  INFO 1 --- [http-nio-8085-exec-1] o.s.web.servlet.DispatcherServlet        : Completed initialization in 12 ms
2025-08-12 13:40:47.608  INFO 1 --- [SpringApplicationShutdownHook] j.LocalContainerEntityManagerFactoryBean : Closing JPA EntityManagerFactory for persistence unit 'default'
2025-08-12 13:40:47.626  INFO 1 --- [SpringApplicationShutdownHook] com.zaxxer.hikari.HikariDataSource       : HikariPool-1 - Shutdown initiated...
2025-08-12 13:40:47.643  INFO 1 --- [SpringApplicationShutdownHook] com.zaxxer.hikari.HikariDataSource       : HikariPool-1 - Shutdown completed.
2025-08-12 13:40:55.471  INFO 1 --- [main] c.c.m.t.TemplateServiceApplication       : Starting TemplateServiceApplication using Java 17.0.2 on 499711e6e3b3 with PID 1 (/app/microservicios/template-service/target/template-service-1.0.0-SNAPSHOT.jar started by root in /app)
2025-08-12 13:40:55.485  INFO 1 --- [main] c.c.m.t.TemplateServiceApplication       : The following 1 profile is active: "dev"
2025-08-12 13:41:00.348  INFO 1 --- [main] .s.d.r.c.RepositoryConfigurationDelegate : Multiple Spring Data modules found, entering strict repository configuration mode
2025-08-12 13:41:00.358  INFO 1 --- [main] .s.d.r.c.RepositoryConfigurationDelegate : Bootstrapping Spring Data JPA repositories in DEFAULT mode.
2025-08-12 13:41:01.180  INFO 1 --- [main] .s.d.r.c.RepositoryConfigurationDelegate : Finished Spring Data repository scanning in 778 ms. Found 2 JPA repository interfaces.
2025-08-12 13:41:01.255  INFO 1 --- [main] .s.d.r.c.RepositoryConfigurationDelegate : Multiple Spring Data modules found, entering strict repository configuration mode
2025-08-12 13:41:01.261  INFO 1 --- [main] .s.d.r.c.RepositoryConfigurationDelegate : Bootstrapping Spring Data Redis repositories in DEFAULT mode.
2025-08-12 13:41:01.328  INFO 1 --- [main] .RepositoryConfigurationExtensionSupport : Spring Data Redis - Could not safely identify store assignment for repository candidate interface com.correos.masivos.template.infrastructure.repository.TemplateRepository; If you want this repository to be a Redis repository, consider annotating your entities with one of these annotations: org.springframework.data.redis.core.RedisHash (preferred), or consider extending one of the following types with your repository: org.springframework.data.keyvalue.repository.KeyValueRepository
2025-08-12 13:41:01.336  INFO 1 --- [main] .RepositoryConfigurationExtensionSupport : Spring Data Redis - Could not safely identify store assignment for repository candidate interface com.correos.masivos.template.infrastructure.repository.TemplateVariableRepository; If you want this repository to be a Redis repository, consider annotating your entities with one of these annotations: org.springframework.data.redis.core.RedisHash (preferred), or consider extending one of the following types with your repository: org.springframework.data.keyvalue.repository.KeyValueRepository
2025-08-12 13:41:01.339  INFO 1 --- [main] .s.d.r.c.RepositoryConfigurationDelegate : Finished Spring Data repository scanning in 27 ms. Found 0 Redis repository interfaces.
2025-08-12 13:41:04.777  INFO 1 --- [main] o.s.b.w.embedded.tomcat.TomcatWebServer  : Tomcat initialized with port(s): 8085 (http)
2025-08-12 13:41:04.818  INFO 1 --- [main] o.apache.catalina.core.StandardService   : Starting service [Tomcat]
2025-08-12 13:41:04.824  INFO 1 --- [main] org.apache.catalina.core.StandardEngine  : Starting Servlet engine: [Apache Tomcat/9.0.83]
2025-08-12 13:41:05.166  INFO 1 --- [main] o.a.c.c.C.[Tomcat].[localhost].[/]       : Initializing Spring embedded WebApplicationContext
2025-08-12 13:41:05.171  INFO 1 --- [main] w.s.c.ServletWebServerApplicationContext : Root WebApplicationContext: initialization completed in 9394 ms
2025-08-12 13:41:06.946  INFO 1 --- [main] o.f.c.internal.license.VersionPrinter    : Flyway Community Edition 8.5.13 by Redgate
2025-08-12 13:41:06.968  INFO 1 --- [main] o.f.c.internal.license.VersionPrinter    : See what's new here: https://flywaydb.org/documentation/learnmore/releaseNotes#8.5.13
2025-08-12 13:41:06.983  INFO 1 --- [main] o.f.c.internal.license.VersionPrinter    : 
2025-08-12 13:41:07.056  INFO 1 --- [main] com.zaxxer.hikari.HikariDataSource       : HikariPool-1 - Starting...
2025-08-12 13:41:08.974  INFO 1 --- [main] com.zaxxer.hikari.HikariDataSource       : HikariPool-1 - Start completed.
2025-08-12 13:41:09.158  INFO 1 --- [main] o.f.c.i.database.base.BaseDatabaseType   : Database: jdbc:postgresql://correos-postgres:5432/correos_masivos_templates (PostgreSQL 15.13)
2025-08-12 13:41:09.318  WARN 1 --- [main] o.f.c.internal.database.base.Database    : Flyway upgrade recommended: PostgreSQL 15.13 is newer than this version of Flyway and support has not been tested. The latest supported version of PostgreSQL is 14.
2025-08-12 13:41:09.524  INFO 1 --- [main] o.f.core.internal.command.DbValidate     : Successfully validated 4 migrations (execution time 00:00.133s)
2025-08-12 13:41:09.621  INFO 1 --- [main] o.f.core.internal.command.DbMigrate      : Current version of schema "public": 4
2025-08-12 13:41:09.629  INFO 1 --- [main] o.f.core.internal.command.DbMigrate      : Schema "public" is up to date. No migration necessary.
2025-08-12 13:41:10.498  INFO 1 --- [main] o.hibernate.jpa.internal.util.LogHelper  : HHH000204: Processing PersistenceUnitInfo [name: default]
2025-08-12 13:41:11.216  INFO 1 --- [main] org.hibernate.Version                    : HHH000412: Hibernate ORM core version 5.6.15.Final
2025-08-12 13:41:12.693  INFO 1 --- [main] o.hibernate.annotations.common.Version   : HCANN000001: Hibernate Commons Annotations {5.1.2.Final}
2025-08-12 13:41:13.561  INFO 1 --- [main] org.hibernate.dialect.Dialect            : HHH000400: Using dialect: org.hibernate.dialect.PostgreSQLDialect
2025-08-12 13:41:15.721  INFO 1 --- [main] o.h.e.t.j.p.i.JtaPlatformInitiator       : HHH000490: Using JtaPlatform implementation: [org.hibernate.engine.transaction.jta.platform.internal.NoJtaPlatform]
2025-08-12 13:41:15.765  INFO 1 --- [main] j.LocalContainerEntityManagerFactoryBean : Initialized JPA EntityManagerFactory for persistence unit 'default'
2025-08-12 13:41:19.924  INFO 1 --- [main] o.s.s.web.DefaultSecurityFilterChain     : Will secure any request with [org.springframework.security.web.session.DisableEncodeUrlFilter@2938127d, org.springframework.security.web.context.request.async.WebAsyncManagerIntegrationFilter@127a7272, org.springframework.security.web.context.SecurityContextPersistenceFilter@4228bf58, org.springframework.security.web.header.HeaderWriterFilter@1cc680e, org.springframework.web.filter.CorsFilter@ff23ae7, org.springframework.security.web.authentication.logout.LogoutFilter@291373d3, org.springframework.security.oauth2.server.resource.web.BearerTokenAuthenticationFilter@76ad6715, org.springframework.security.web.savedrequest.RequestCacheAwareFilter@20b9d5d5, org.springframework.security.web.servletapi.SecurityContextHolderAwareRequestFilter@60c8a093, org.springframework.security.web.authentication.AnonymousAuthenticationFilter@423b2b62, org.springframework.security.web.session.SessionManagementFilter@1457fde, org.springframework.security.web.access.ExceptionTranslationFilter@22eaa86e, org.springframework.security.web.access.intercept.AuthorizationFilter@53cf9c99]
2025-08-12 13:41:21.911  WARN 1 --- [main] JpaBaseConfiguration$JpaWebConfiguration : spring.jpa.open-in-view is enabled by default. Therefore, database queries may be performed during view rendering. Explicitly configure spring.jpa.open-in-view to disable this warning
2025-08-12 13:41:24.077  WARN 1 --- [main] o.s.b.a.f.FreeMarkerAutoConfiguration    : Cannot find template location(s): [classpath:/templates/] (please add some templates, check your FreeMarker configuration, or set spring.freemarker.check-template-location=false)
2025-08-12 13:41:24.368  INFO 1 --- [main] o.s.b.w.embedded.tomcat.TomcatWebServer  : Tomcat started on port(s): 8085 (http) with context path ''
2025-08-12 13:41:24.420  INFO 1 --- [main] c.c.m.t.TemplateServiceApplication       : Started TemplateServiceApplication in 31.225 seconds (JVM running for 34.393)
2025-08-12 13:42:03.574  INFO 1 --- [http-nio-8085-exec-1] o.a.c.c.C.[Tomcat].[localhost].[/]       : Initializing Spring DispatcherServlet 'dispatcherServlet'
2025-08-12 13:42:03.577  INFO 1 --- [http-nio-8085-exec-1] o.s.web.servlet.DispatcherServlet        : Initializing Servlet 'dispatcherServlet'
2025-08-12 13:42:03.582  INFO 1 --- [http-nio-8085-exec-1] o.s.web.servlet.DispatcherServlet        : Completed initialization in 3 ms
2025-08-12 15:59:07.560  INFO 1 --- [main] c.c.m.t.TemplateServiceApplication       : Starting TemplateServiceApplication using Java 17.0.2 on 499711e6e3b3 with PID 1 (/app/microservicios/template-service/target/template-service-1.0.0-SNAPSHOT.jar started by root in /app)
2025-08-12 15:59:07.575  INFO 1 --- [main] c.c.m.t.TemplateServiceApplication       : The following 1 profile is active: "dev"
2025-08-12 15:59:15.113  INFO 1 --- [main] .s.d.r.c.RepositoryConfigurationDelegate : Multiple Spring Data modules found, entering strict repository configuration mode
2025-08-12 15:59:15.130  INFO 1 --- [main] .s.d.r.c.RepositoryConfigurationDelegate : Bootstrapping Spring Data JPA repositories in DEFAULT mode.
2025-08-12 15:59:16.279  INFO 1 --- [main] .s.d.r.c.RepositoryConfigurationDelegate : Finished Spring Data repository scanning in 1046 ms. Found 2 JPA repository interfaces.
2025-08-12 15:59:16.385  INFO 1 --- [main] .s.d.r.c.RepositoryConfigurationDelegate : Multiple Spring Data modules found, entering strict repository configuration mode
2025-08-12 15:59:16.399  INFO 1 --- [main] .s.d.r.c.RepositoryConfigurationDelegate : Bootstrapping Spring Data Redis repositories in DEFAULT mode.
2025-08-12 15:59:16.491  INFO 1 --- [main] .RepositoryConfigurationExtensionSupport : Spring Data Redis - Could not safely identify store assignment for repository candidate interface com.correos.masivos.template.infrastructure.repository.TemplateRepository; If you want this repository to be a Redis repository, consider annotating your entities with one of these annotations: org.springframework.data.redis.core.RedisHash (preferred), or consider extending one of the following types with your repository: org.springframework.data.keyvalue.repository.KeyValueRepository
2025-08-12 15:59:16.502  INFO 1 --- [main] .RepositoryConfigurationExtensionSupport : Spring Data Redis - Could not safely identify store assignment for repository candidate interface com.correos.masivos.template.infrastructure.repository.TemplateVariableRepository; If you want this repository to be a Redis repository, consider annotating your entities with one of these annotations: org.springframework.data.redis.core.RedisHash (preferred), or consider extending one of the following types with your repository: org.springframework.data.keyvalue.repository.KeyValueRepository
2025-08-12 15:59:16.506  INFO 1 --- [main] .s.d.r.c.RepositoryConfigurationDelegate : Finished Spring Data repository scanning in 35 ms. Found 0 Redis repository interfaces.
2025-08-12 15:59:21.666  INFO 1 --- [main] o.s.b.w.embedded.tomcat.TomcatWebServer  : Tomcat initialized with port(s): 8085 (http)
2025-08-12 15:59:21.739  INFO 1 --- [main] o.apache.catalina.core.StandardService   : Starting service [Tomcat]
2025-08-12 15:59:21.746  INFO 1 --- [main] org.apache.catalina.core.StandardEngine  : Starting Servlet engine: [Apache Tomcat/9.0.83]
2025-08-12 15:59:22.108  INFO 1 --- [main] o.a.c.c.C.[Tomcat].[localhost].[/]       : Initializing Spring embedded WebApplicationContext
2025-08-12 15:59:22.121  INFO 1 --- [main] w.s.c.ServletWebServerApplicationContext : Root WebApplicationContext: initialization completed in 13641 ms
2025-08-12 15:59:23.596  INFO 1 --- [main] o.f.c.internal.license.VersionPrinter    : Flyway Community Edition 8.5.13 by Redgate
2025-08-12 15:59:23.606  INFO 1 --- [main] o.f.c.internal.license.VersionPrinter    : See what's new here: https://flywaydb.org/documentation/learnmore/releaseNotes#8.5.13
2025-08-12 15:59:23.615  INFO 1 --- [main] o.f.c.internal.license.VersionPrinter    : 
2025-08-12 15:59:23.647  INFO 1 --- [main] com.zaxxer.hikari.HikariDataSource       : HikariPool-1 - Starting...
2025-08-12 15:59:24.767  INFO 1 --- [main] com.zaxxer.hikari.HikariDataSource       : HikariPool-1 - Start completed.
2025-08-12 15:59:24.948  INFO 1 --- [main] o.f.c.i.database.base.BaseDatabaseType   : Database: jdbc:postgresql://correos-postgres:5432/correos_masivos_templates (PostgreSQL 15.13)
2025-08-12 15:59:25.082  WARN 1 --- [main] o.f.c.internal.database.base.Database    : Flyway upgrade recommended: PostgreSQL 15.13 is newer than this version of Flyway and support has not been tested. The latest supported version of PostgreSQL is 14.
2025-08-12 15:59:25.507  INFO 1 --- [main] o.f.core.internal.command.DbValidate     : Successfully validated 4 migrations (execution time 00:00.255s)
2025-08-12 15:59:25.601  INFO 1 --- [main] o.f.core.internal.command.DbMigrate      : Current version of schema "public": 4
2025-08-12 15:59:25.612  INFO 1 --- [main] o.f.core.internal.command.DbMigrate      : Schema "public" is up to date. No migration necessary.
2025-08-12 15:59:26.403  INFO 1 --- [main] o.hibernate.jpa.internal.util.LogHelper  : HHH000204: Processing PersistenceUnitInfo [name: default]
2025-08-12 15:59:26.967  INFO 1 --- [main] org.hibernate.Version                    : HHH000412: Hibernate ORM core version 5.6.15.Final
2025-08-12 15:59:28.410  INFO 1 --- [main] o.hibernate.annotations.common.Version   : HCANN000001: Hibernate Commons Annotations {5.1.2.Final}
2025-08-12 15:59:29.041  INFO 1 --- [main] org.hibernate.dialect.Dialect            : HHH000400: Using dialect: org.hibernate.dialect.PostgreSQLDialect
2025-08-12 15:59:31.878  INFO 1 --- [main] o.h.e.t.j.p.i.JtaPlatformInitiator       : HHH000490: Using JtaPlatform implementation: [org.hibernate.engine.transaction.jta.platform.internal.NoJtaPlatform]
2025-08-12 15:59:31.910  INFO 1 --- [main] j.LocalContainerEntityManagerFactoryBean : Initialized JPA EntityManagerFactory for persistence unit 'default'
2025-08-12 15:59:37.052  INFO 1 --- [main] o.s.s.web.DefaultSecurityFilterChain     : Will secure any request with [org.springframework.security.web.session.DisableEncodeUrlFilter@6e4f263e, org.springframework.security.web.context.request.async.WebAsyncManagerIntegrationFilter@48b4a043, org.springframework.security.web.context.SecurityContextPersistenceFilter@3bd2af5b, org.springframework.security.web.header.HeaderWriterFilter@4228bf58, org.springframework.web.filter.CorsFilter@2f5b8250, org.springframework.security.web.authentication.logout.LogoutFilter@eac3a26, org.springframework.security.oauth2.server.resource.web.BearerTokenAuthenticationFilter@6f911326, org.springframework.security.web.savedrequest.RequestCacheAwareFilter@75d982d3, org.springframework.security.web.servletapi.SecurityContextHolderAwareRequestFilter@618ff5c2, org.springframework.security.web.authentication.AnonymousAuthenticationFilter@4821aa9f, org.springframework.security.web.session.SessionManagementFilter@2a369e14, org.springframework.security.web.access.ExceptionTranslationFilter@6f94fb9d, org.springframework.security.web.access.intercept.AuthorizationFilter@2938127d]
2025-08-12 15:59:39.249  WARN 1 --- [main] JpaBaseConfiguration$JpaWebConfiguration : spring.jpa.open-in-view is enabled by default. Therefore, database queries may be performed during view rendering. Explicitly configure spring.jpa.open-in-view to disable this warning
2025-08-12 15:59:42.126  WARN 1 --- [main] o.s.b.a.f.FreeMarkerAutoConfiguration    : Cannot find template location(s): [classpath:/templates/] (please add some templates, check your FreeMarker configuration, or set spring.freemarker.check-template-location=false)
2025-08-12 15:59:42.664  INFO 1 --- [main] o.s.b.w.embedded.tomcat.TomcatWebServer  : Tomcat started on port(s): 8085 (http) with context path ''
2025-08-12 15:59:42.763  INFO 1 --- [main] c.c.m.t.TemplateServiceApplication       : Started TemplateServiceApplication in 40.896 seconds (JVM running for 47.337)
2025-08-12 16:00:56.494  INFO 1 --- [SpringApplicationShutdownHook] j.LocalContainerEntityManagerFactoryBean : Closing JPA EntityManagerFactory for persistence unit 'default'
2025-08-12 16:00:56.522  INFO 1 --- [SpringApplicationShutdownHook] com.zaxxer.hikari.HikariDataSource       : HikariPool-1 - Shutdown initiated...
2025-08-12 16:00:56.548  INFO 1 --- [SpringApplicationShutdownHook] com.zaxxer.hikari.HikariDataSource       : HikariPool-1 - Shutdown completed.
2025-08-12 16:01:04.055  INFO 1 --- [main] c.c.m.t.TemplateServiceApplication       : Starting TemplateServiceApplication using Java 17.0.2 on 79d2b58e0037 with PID 1 (/app/microservicios/template-service/target/template-service-1.0.0-SNAPSHOT.jar started by root in /app)
2025-08-12 16:01:04.066  INFO 1 --- [main] c.c.m.t.TemplateServiceApplication       : The following 1 profile is active: "dev"
2025-08-12 16:01:07.908  INFO 1 --- [main] .s.d.r.c.RepositoryConfigurationDelegate : Multiple Spring Data modules found, entering strict repository configuration mode
2025-08-12 16:01:07.923  INFO 1 --- [main] .s.d.r.c.RepositoryConfigurationDelegate : Bootstrapping Spring Data JPA repositories in DEFAULT mode.
2025-08-12 16:01:08.514  INFO 1 --- [main] .s.d.r.c.RepositoryConfigurationDelegate : Finished Spring Data repository scanning in 556 ms. Found 2 JPA repository interfaces.
2025-08-12 16:01:08.607  INFO 1 --- [main] .s.d.r.c.RepositoryConfigurationDelegate : Multiple Spring Data modules found, entering strict repository configuration mode
2025-08-12 16:01:08.611  INFO 1 --- [main] .s.d.r.c.RepositoryConfigurationDelegate : Bootstrapping Spring Data Redis repositories in DEFAULT mode.
2025-08-12 16:01:08.658  INFO 1 --- [main] .RepositoryConfigurationExtensionSupport : Spring Data Redis - Could not safely identify store assignment for repository candidate interface com.correos.masivos.template.infrastructure.repository.TemplateRepository; If you want this repository to be a Redis repository, consider annotating your entities with one of these annotations: org.springframework.data.redis.core.RedisHash (preferred), or consider extending one of the following types with your repository: org.springframework.data.keyvalue.repository.KeyValueRepository
2025-08-12 16:01:08.663  INFO 1 --- [main] .RepositoryConfigurationExtensionSupport : Spring Data Redis - Could not safely identify store assignment for repository candidate interface com.correos.masivos.template.infrastructure.repository.TemplateVariableRepository; If you want this repository to be a Redis repository, consider annotating your entities with one of these annotations: org.springframework.data.redis.core.RedisHash (preferred), or consider extending one of the following types with your repository: org.springframework.data.keyvalue.repository.KeyValueRepository
2025-08-12 16:01:08.665  INFO 1 --- [main] .s.d.r.c.RepositoryConfigurationDelegate : Finished Spring Data repository scanning in 22 ms. Found 0 Redis repository interfaces.
2025-08-12 16:01:12.058  INFO 1 --- [main] o.s.b.w.embedded.tomcat.TomcatWebServer  : Tomcat initialized with port(s): 8085 (http)
2025-08-12 16:01:12.112  INFO 1 --- [main] o.apache.catalina.core.StandardService   : Starting service [Tomcat]
2025-08-12 16:01:12.120  INFO 1 --- [main] org.apache.catalina.core.StandardEngine  : Starting Servlet engine: [Apache Tomcat/9.0.83]
2025-08-12 16:01:12.620  INFO 1 --- [main] o.a.c.c.C.[Tomcat].[localhost].[/]       : Initializing Spring embedded WebApplicationContext
2025-08-12 16:01:12.633  INFO 1 --- [main] w.s.c.ServletWebServerApplicationContext : Root WebApplicationContext: initialization completed in 8286 ms
2025-08-12 16:01:13.960  INFO 1 --- [main] o.f.c.internal.license.VersionPrinter    : Flyway Community Edition 8.5.13 by Redgate
2025-08-12 16:01:13.969  INFO 1 --- [main] o.f.c.internal.license.VersionPrinter    : See what's new here: https://flywaydb.org/documentation/learnmore/releaseNotes#8.5.13
2025-08-12 16:01:13.973  INFO 1 --- [main] o.f.c.internal.license.VersionPrinter    : 
2025-08-12 16:01:14.053  INFO 1 --- [main] com.zaxxer.hikari.HikariDataSource       : HikariPool-1 - Starting...
2025-08-12 16:01:15.297  INFO 1 --- [main] com.zaxxer.hikari.HikariDataSource       : HikariPool-1 - Start completed.
2025-08-12 16:01:15.440  INFO 1 --- [main] o.f.c.i.database.base.BaseDatabaseType   : Database: jdbc:postgresql://correos-postgres:5432/correos_masivos_templates (PostgreSQL 15.13)
2025-08-12 16:01:15.533  WARN 1 --- [main] o.f.c.internal.database.base.Database    : Flyway upgrade recommended: PostgreSQL 15.13 is newer than this version of Flyway and support has not been tested. The latest supported version of PostgreSQL is 14.
2025-08-12 16:01:15.826  INFO 1 --- [main] o.f.core.internal.command.DbValidate     : Successfully validated 4 migrations (execution time 00:00.219s)
2025-08-12 16:01:15.916  INFO 1 --- [main] o.f.core.internal.command.DbMigrate      : Current version of schema "public": 4
2025-08-12 16:01:15.928  INFO 1 --- [main] o.f.core.internal.command.DbMigrate      : Schema "public" is up to date. No migration necessary.
2025-08-12 16:01:16.447  INFO 1 --- [main] o.hibernate.jpa.internal.util.LogHelper  : HHH000204: Processing PersistenceUnitInfo [name: default]
2025-08-12 16:01:16.815  INFO 1 --- [main] org.hibernate.Version                    : HHH000412: Hibernate ORM core version 5.6.15.Final
2025-08-12 16:01:18.137  INFO 1 --- [main] o.hibernate.annotations.common.Version   : HCANN000001: Hibernate Commons Annotations {5.1.2.Final}
2025-08-12 16:01:18.692  INFO 1 --- [main] org.hibernate.dialect.Dialect            : HHH000400: Using dialect: org.hibernate.dialect.PostgreSQLDialect
2025-08-12 16:01:21.308  INFO 1 --- [main] o.h.e.t.j.p.i.JtaPlatformInitiator       : HHH000490: Using JtaPlatform implementation: [org.hibernate.engine.transaction.jta.platform.internal.NoJtaPlatform]
2025-08-12 16:01:21.354  INFO 1 --- [main] j.LocalContainerEntityManagerFactoryBean : Initialized JPA EntityManagerFactory for persistence unit 'default'
2025-08-12 16:01:25.604  INFO 1 --- [main] o.s.s.web.DefaultSecurityFilterChain     : Will secure any request with [org.springframework.security.web.session.DisableEncodeUrlFilter@76ad6715, org.springframework.security.web.context.request.async.WebAsyncManagerIntegrationFilter@56637cff, org.springframework.security.web.context.SecurityContextPersistenceFilter@6f94fb9d, org.springframework.security.web.header.HeaderWriterFilter@22eaa86e, org.springframework.web.filter.CorsFilter@2938127d, org.springframework.security.web.authentication.logout.LogoutFilter@16727bf0, org.springframework.security.oauth2.server.resource.web.BearerTokenAuthenticationFilter@5ea4300e, org.springframework.security.web.savedrequest.RequestCacheAwareFilter@4228bf58, org.springframework.security.web.servletapi.SecurityContextHolderAwareRequestFilter@20b9d5d5, org.springframework.security.web.authentication.AnonymousAuthenticationFilter@127a7272, org.springframework.security.web.session.SessionManagementFilter@50fb33a, org.springframework.security.web.access.ExceptionTranslationFilter@333c8791, org.springframework.security.web.access.intercept.AuthorizationFilter@eac3a26]
2025-08-12 16:01:27.381  WARN 1 --- [main] JpaBaseConfiguration$JpaWebConfiguration : spring.jpa.open-in-view is enabled by default. Therefore, database queries may be performed during view rendering. Explicitly configure spring.jpa.open-in-view to disable this warning
2025-08-12 16:01:29.884  WARN 1 --- [main] o.s.b.a.f.FreeMarkerAutoConfiguration    : Cannot find template location(s): [classpath:/templates/] (please add some templates, check your FreeMarker configuration, or set spring.freemarker.check-template-location=false)
2025-08-12 16:01:30.306  INFO 1 --- [main] o.s.b.w.embedded.tomcat.TomcatWebServer  : Tomcat started on port(s): 8085 (http) with context path ''
2025-08-12 16:01:30.441  INFO 1 --- [main] c.c.m.t.TemplateServiceApplication       : Started TemplateServiceApplication in 28.526 seconds (JVM running for 30.854)
2025-08-12 18:00:14.613  INFO 1 --- [http-nio-8085-exec-1] o.a.c.c.C.[Tomcat].[localhost].[/]       : Initializing Spring DispatcherServlet 'dispatcherServlet'
2025-08-12 18:00:14.629  INFO 1 --- [http-nio-8085-exec-1] o.s.web.servlet.DispatcherServlet        : Initializing Servlet 'dispatcherServlet'
2025-08-12 18:00:14.753  INFO 1 --- [http-nio-8085-exec-1] o.s.web.servlet.DispatcherServlet        : Completed initialization in 123 ms
