2025-08-12 03:21:42.802  INFO 1 --- [main] c.c.masivos.user.UserServiceApplication  : Starting UserServiceApplication using Java 17.0.2 on 135a190c3aec with PID 1 (/app/microservicios/user-service/target/user-service-1.0.0-SNAPSHOT.jar started by root in /app)
2025-08-12 03:21:42.826  INFO 1 --- [main] c.c.masivos.user.UserServiceApplication  : The following 1 profile is active: "dev"
2025-08-12 03:21:47.984  INFO 1 --- [main] .s.d.r.c.RepositoryConfigurationDelegate : Multiple Spring Data modules found, entering strict repository configuration mode
2025-08-12 03:21:47.998  INFO 1 --- [main] .s.d.r.c.RepositoryConfigurationDelegate : Bootstrapping Spring Data JPA repositories in DEFAULT mode.
2025-08-12 03:21:48.091  INFO 1 --- [main] .s.d.r.c.RepositoryConfigurationDelegate : Finished Spring Data repository scanning in 27 ms. Found 0 JPA repository interfaces.
2025-08-12 03:21:48.200  INFO 1 --- [main] .s.d.r.c.RepositoryConfigurationDelegate : Multiple Spring Data modules found, entering strict repository configuration mode
2025-08-12 03:21:48.214  INFO 1 --- [main] .s.d.r.c.RepositoryConfigurationDelegate : Bootstrapping Spring Data Redis repositories in DEFAULT mode.
2025-08-12 03:21:48.287  INFO 1 --- [main] .s.d.r.c.RepositoryConfigurationDelegate : Finished Spring Data repository scanning in 3 ms. Found 0 Redis repository interfaces.
2025-08-12 03:21:52.571  INFO 1 --- [main] o.s.b.w.embedded.tomcat.TomcatWebServer  : Tomcat initialized with port(s): 8081 (http)
2025-08-12 03:21:52.652  INFO 1 --- [main] o.apache.catalina.core.StandardService   : Starting service [Tomcat]
2025-08-12 03:21:52.660  INFO 1 --- [main] org.apache.catalina.core.StandardEngine  : Starting Servlet engine: [Apache Tomcat/9.0.83]
2025-08-12 03:21:53.188  INFO 1 --- [main] o.a.c.c.C.[Tomcat].[localhost].[/]       : Initializing Spring embedded WebApplicationContext
2025-08-12 03:21:53.199  INFO 1 --- [main] w.s.c.ServletWebServerApplicationContext : Root WebApplicationContext: initialization completed in 10010 ms
2025-08-12 03:21:54.525  INFO 1 --- [main] o.f.c.internal.license.VersionPrinter    : Flyway Community Edition 8.5.13 by Redgate
2025-08-12 03:21:54.529  INFO 1 --- [main] o.f.c.internal.license.VersionPrinter    : See what's new here: https://flywaydb.org/documentation/learnmore/releaseNotes#8.5.13
2025-08-12 03:21:54.531  INFO 1 --- [main] o.f.c.internal.license.VersionPrinter    : 
2025-08-12 03:21:54.597  INFO 1 --- [main] com.zaxxer.hikari.HikariDataSource       : HikariPool-1 - Starting...
2025-08-12 03:21:55.844  INFO 1 --- [main] com.zaxxer.hikari.HikariDataSource       : HikariPool-1 - Start completed.
2025-08-12 03:21:55.981  INFO 1 --- [main] o.f.c.i.database.base.BaseDatabaseType   : Database: jdbc:postgresql://correos-postgres:5432/correos_masivos_users (PostgreSQL 15.13)
2025-08-12 03:21:56.059  WARN 1 --- [main] o.f.c.internal.database.base.Database    : Flyway upgrade recommended: PostgreSQL 15.13 is newer than this version of Flyway and support has not been tested. The latest supported version of PostgreSQL is 14.
2025-08-12 03:21:56.369  INFO 1 --- [main] o.f.core.internal.command.DbValidate     : Successfully validated 2 migrations (execution time 00:00.184s)
2025-08-12 03:21:56.420  INFO 1 --- [main] o.f.core.internal.command.DbMigrate      : Current version of schema "public": 2
2025-08-12 03:21:56.445  INFO 1 --- [main] o.f.core.internal.command.DbMigrate      : Schema "public" is up to date. No migration necessary.
2025-08-12 03:21:57.199  INFO 1 --- [main] o.hibernate.jpa.internal.util.LogHelper  : HHH000204: Processing PersistenceUnitInfo [name: default]
2025-08-12 03:21:57.921  INFO 1 --- [main] org.hibernate.Version                    : HHH000412: Hibernate ORM core version 5.6.15.Final
2025-08-12 03:21:59.076  INFO 1 --- [main] o.hibernate.annotations.common.Version   : HCANN000001: Hibernate Commons Annotations {5.1.2.Final}
2025-08-12 03:21:59.717  INFO 1 --- [main] org.hibernate.dialect.Dialect            : HHH000400: Using dialect: org.hibernate.dialect.PostgreSQLDialect
2025-08-12 03:22:00.773  INFO 1 --- [main] o.h.e.t.j.p.i.JtaPlatformInitiator       : HHH000490: Using JtaPlatform implementation: [org.hibernate.engine.transaction.jta.platform.internal.NoJtaPlatform]
2025-08-12 03:22:00.823  INFO 1 --- [main] j.LocalContainerEntityManagerFactoryBean : Initialized JPA EntityManagerFactory for persistence unit 'default'
2025-08-12 03:22:01.687  INFO 1 --- [main] o.s.s.web.DefaultSecurityFilterChain     : Will secure any request with [org.springframework.security.web.session.DisableEncodeUrlFilter@11653e3b, org.springframework.security.web.context.request.async.WebAsyncManagerIntegrationFilter@715fb77, org.springframework.security.web.context.SecurityContextPersistenceFilter@35c09b94, org.springframework.security.web.header.HeaderWriterFilter@6a74d228, org.springframework.web.filter.CorsFilter@1b9c1b51, org.springframework.security.web.authentication.logout.LogoutFilter@6d467c87, org.springframework.security.web.savedrequest.RequestCacheAwareFilter@c3fa05a, org.springframework.security.web.servletapi.SecurityContextHolderAwareRequestFilter@4a699efa, org.springframework.security.web.authentication.AnonymousAuthenticationFilter@2e52fb3e, org.springframework.security.web.session.SessionManagementFilter@4ebadd3d, org.springframework.security.web.access.ExceptionTranslationFilter@72458efc, org.springframework.security.web.access.intercept.AuthorizationFilter@5328a9c1]
2025-08-12 03:22:01.977  WARN 1 --- [main] JpaBaseConfiguration$JpaWebConfiguration : spring.jpa.open-in-view is enabled by default. Therefore, database queries may be performed during view rendering. Explicitly configure spring.jpa.open-in-view to disable this warning
2025-08-12 03:22:06.159  INFO 1 --- [main] o.s.b.w.embedded.tomcat.TomcatWebServer  : Tomcat started on port(s): 8081 (http) with context path ''
2025-08-12 03:22:06.319  INFO 1 --- [main] c.c.masivos.user.UserServiceApplication  : Started UserServiceApplication in 26.151 seconds (JVM running for 29.449)
2025-08-12 03:58:13.216  INFO 1 --- [main] c.c.masivos.user.UserServiceApplication  : Starting UserServiceApplication using Java 17.0.2 on 9620e62170e5 with PID 1 (/app/microservicios/user-service/target/user-service-1.0.0-SNAPSHOT.jar started by root in /app)
2025-08-12 03:58:13.249  INFO 1 --- [main] c.c.masivos.user.UserServiceApplication  : The following 1 profile is active: "dev"
2025-08-12 03:58:21.300  INFO 1 --- [main] .s.d.r.c.RepositoryConfigurationDelegate : Multiple Spring Data modules found, entering strict repository configuration mode
2025-08-12 03:58:21.310  INFO 1 --- [main] .s.d.r.c.RepositoryConfigurationDelegate : Bootstrapping Spring Data JPA repositories in DEFAULT mode.
2025-08-12 03:58:21.395  INFO 1 --- [main] .s.d.r.c.RepositoryConfigurationDelegate : Finished Spring Data repository scanning in 19 ms. Found 0 JPA repository interfaces.
2025-08-12 03:58:21.470  INFO 1 --- [main] .s.d.r.c.RepositoryConfigurationDelegate : Multiple Spring Data modules found, entering strict repository configuration mode
2025-08-12 03:58:21.477  INFO 1 --- [main] .s.d.r.c.RepositoryConfigurationDelegate : Bootstrapping Spring Data Redis repositories in DEFAULT mode.
2025-08-12 03:58:21.522  INFO 1 --- [main] .s.d.r.c.RepositoryConfigurationDelegate : Finished Spring Data repository scanning in 3 ms. Found 0 Redis repository interfaces.
2025-08-12 03:58:25.957  INFO 1 --- [main] o.s.b.w.embedded.tomcat.TomcatWebServer  : Tomcat initialized with port(s): 8081 (http)
2025-08-12 03:58:26.049  INFO 1 --- [main] o.apache.catalina.core.StandardService   : Starting service [Tomcat]
2025-08-12 03:58:26.057  INFO 1 --- [main] org.apache.catalina.core.StandardEngine  : Starting Servlet engine: [Apache Tomcat/9.0.83]
2025-08-12 03:58:26.715  INFO 1 --- [main] o.a.c.c.C.[Tomcat].[localhost].[/]       : Initializing Spring embedded WebApplicationContext
2025-08-12 03:58:26.732  INFO 1 --- [main] w.s.c.ServletWebServerApplicationContext : Root WebApplicationContext: initialization completed in 13202 ms
2025-08-12 03:58:28.196  INFO 1 --- [main] o.f.c.internal.license.VersionPrinter    : Flyway Community Edition 8.5.13 by Redgate
2025-08-12 03:58:28.207  INFO 1 --- [main] o.f.c.internal.license.VersionPrinter    : See what's new here: https://flywaydb.org/documentation/learnmore/releaseNotes#8.5.13
2025-08-12 03:58:28.209  INFO 1 --- [main] o.f.c.internal.license.VersionPrinter    : 
2025-08-12 03:58:28.302  INFO 1 --- [main] com.zaxxer.hikari.HikariDataSource       : HikariPool-1 - Starting...
2025-08-12 03:58:29.797  INFO 1 --- [main] com.zaxxer.hikari.HikariDataSource       : HikariPool-1 - Start completed.
2025-08-12 03:58:29.940  INFO 1 --- [main] o.f.c.i.database.base.BaseDatabaseType   : Database: jdbc:postgresql://correos-postgres:5432/correos_masivos_users (PostgreSQL 15.13)
2025-08-12 03:58:30.049  WARN 1 --- [main] o.f.c.internal.database.base.Database    : Flyway upgrade recommended: PostgreSQL 15.13 is newer than this version of Flyway and support has not been tested. The latest supported version of PostgreSQL is 14.
2025-08-12 03:58:30.620  INFO 1 --- [main] o.f.core.internal.command.DbValidate     : Successfully validated 2 migrations (execution time 00:00.251s)
2025-08-12 03:58:30.687  INFO 1 --- [main] o.f.core.internal.command.DbMigrate      : Current version of schema "public": 2
2025-08-12 03:58:30.698  INFO 1 --- [main] o.f.core.internal.command.DbMigrate      : Schema "public" is up to date. No migration necessary.
2025-08-12 03:58:31.278  INFO 1 --- [main] o.hibernate.jpa.internal.util.LogHelper  : HHH000204: Processing PersistenceUnitInfo [name: default]
2025-08-12 03:58:31.890  INFO 1 --- [main] org.hibernate.Version                    : HHH000412: Hibernate ORM core version 5.6.15.Final
2025-08-12 03:58:33.149  INFO 1 --- [main] o.hibernate.annotations.common.Version   : HCANN000001: Hibernate Commons Annotations {5.1.2.Final}
2025-08-12 03:58:34.302  INFO 1 --- [main] org.hibernate.dialect.Dialect            : HHH000400: Using dialect: org.hibernate.dialect.PostgreSQLDialect
2025-08-12 03:58:35.561  INFO 1 --- [main] o.h.e.t.j.p.i.JtaPlatformInitiator       : HHH000490: Using JtaPlatform implementation: [org.hibernate.engine.transaction.jta.platform.internal.NoJtaPlatform]
2025-08-12 03:58:35.601  INFO 1 --- [main] j.LocalContainerEntityManagerFactoryBean : Initialized JPA EntityManagerFactory for persistence unit 'default'
2025-08-12 03:58:36.404  INFO 1 --- [main] o.s.s.web.DefaultSecurityFilterChain     : Will secure any request with [org.springframework.security.web.session.DisableEncodeUrlFilter@3e9803c2, org.springframework.security.web.context.request.async.WebAsyncManagerIntegrationFilter@4525d1d3, org.springframework.security.web.context.SecurityContextPersistenceFilter@38499e48, org.springframework.security.web.header.HeaderWriterFilter@2e3a5237, org.springframework.web.filter.CorsFilter@7c974942, org.springframework.security.web.authentication.logout.LogoutFilter@6a84bc2a, org.springframework.security.web.savedrequest.RequestCacheAwareFilter@17ae7628, org.springframework.security.web.servletapi.SecurityContextHolderAwareRequestFilter@6579c3d9, org.springframework.security.web.authentication.AnonymousAuthenticationFilter@1eea9d2d, org.springframework.security.web.session.SessionManagementFilter@c3fa05a, org.springframework.security.web.access.ExceptionTranslationFilter@3e134896, org.springframework.security.web.access.intercept.AuthorizationFilter@1b9c1b51]
2025-08-12 03:58:37.528  WARN 1 --- [main] JpaBaseConfiguration$JpaWebConfiguration : spring.jpa.open-in-view is enabled by default. Therefore, database queries may be performed during view rendering. Explicitly configure spring.jpa.open-in-view to disable this warning
2025-08-12 03:58:39.264  INFO 1 --- [main] o.s.b.w.embedded.tomcat.TomcatWebServer  : Tomcat started on port(s): 8081 (http) with context path ''
2025-08-12 03:58:39.315  INFO 1 --- [main] c.c.masivos.user.UserServiceApplication  : Started UserServiceApplication in 29.479 seconds (JVM running for 34.461)
2025-08-12 05:16:26.006  INFO 1 --- [SpringApplicationShutdownHook] j.LocalContainerEntityManagerFactoryBean : Closing JPA EntityManagerFactory for persistence unit 'default'
2025-08-12 05:16:26.036  INFO 1 --- [SpringApplicationShutdownHook] com.zaxxer.hikari.HikariDataSource       : HikariPool-1 - Shutdown initiated...
2025-08-12 05:16:26.046  INFO 1 --- [SpringApplicationShutdownHook] com.zaxxer.hikari.HikariDataSource       : HikariPool-1 - Shutdown completed.
2025-08-12 05:16:35.594  INFO 1 --- [main] c.c.masivos.user.UserServiceApplication  : Starting UserServiceApplication using Java 17.0.2 on fb2306eb5c55 with PID 1 (/app/microservicios/user-service/target/user-service-1.0.0-SNAPSHOT.jar started by root in /app)
2025-08-12 05:16:35.624  INFO 1 --- [main] c.c.masivos.user.UserServiceApplication  : The following 1 profile is active: "dev"
2025-08-12 05:16:40.784  INFO 1 --- [main] .s.d.r.c.RepositoryConfigurationDelegate : Multiple Spring Data modules found, entering strict repository configuration mode
2025-08-12 05:16:40.812  INFO 1 --- [main] .s.d.r.c.RepositoryConfigurationDelegate : Bootstrapping Spring Data JPA repositories in DEFAULT mode.
2025-08-12 05:16:40.929  INFO 1 --- [main] .s.d.r.c.RepositoryConfigurationDelegate : Finished Spring Data repository scanning in 33 ms. Found 0 JPA repository interfaces.
2025-08-12 05:16:41.017  INFO 1 --- [main] .s.d.r.c.RepositoryConfigurationDelegate : Multiple Spring Data modules found, entering strict repository configuration mode
2025-08-12 05:16:41.021  INFO 1 --- [main] .s.d.r.c.RepositoryConfigurationDelegate : Bootstrapping Spring Data Redis repositories in DEFAULT mode.
2025-08-12 05:16:41.062  INFO 1 --- [main] .s.d.r.c.RepositoryConfigurationDelegate : Finished Spring Data repository scanning in 2 ms. Found 0 Redis repository interfaces.
2025-08-12 05:16:46.053  INFO 1 --- [main] o.s.b.w.embedded.tomcat.TomcatWebServer  : Tomcat initialized with port(s): 8081 (http)
2025-08-12 05:16:46.127  INFO 1 --- [main] o.apache.catalina.core.StandardService   : Starting service [Tomcat]
2025-08-12 05:16:46.130  INFO 1 --- [main] org.apache.catalina.core.StandardEngine  : Starting Servlet engine: [Apache Tomcat/9.0.83]
2025-08-12 05:16:46.693  INFO 1 --- [main] o.a.c.c.C.[Tomcat].[localhost].[/]       : Initializing Spring embedded WebApplicationContext
2025-08-12 05:16:46.708  INFO 1 --- [main] w.s.c.ServletWebServerApplicationContext : Root WebApplicationContext: initialization completed in 10714 ms
2025-08-12 05:16:48.446  INFO 1 --- [main] o.f.c.internal.license.VersionPrinter    : Flyway Community Edition 8.5.13 by Redgate
2025-08-12 05:16:48.458  INFO 1 --- [main] o.f.c.internal.license.VersionPrinter    : See what's new here: https://flywaydb.org/documentation/learnmore/releaseNotes#8.5.13
2025-08-12 05:16:48.460  INFO 1 --- [main] o.f.c.internal.license.VersionPrinter    : 
2025-08-12 05:16:48.685  INFO 1 --- [main] com.zaxxer.hikari.HikariDataSource       : HikariPool-1 - Starting...
2025-08-12 05:16:51.031  INFO 1 --- [main] com.zaxxer.hikari.HikariDataSource       : HikariPool-1 - Start completed.
2025-08-12 05:16:51.177  INFO 1 --- [main] o.f.c.i.database.base.BaseDatabaseType   : Database: jdbc:postgresql://correos-postgres:5432/correos_masivos_users (PostgreSQL 15.13)
2025-08-12 05:16:51.244  WARN 1 --- [main] o.f.c.internal.database.base.Database    : Flyway upgrade recommended: PostgreSQL 15.13 is newer than this version of Flyway and support has not been tested. The latest supported version of PostgreSQL is 14.
2025-08-12 05:16:51.531  INFO 1 --- [main] o.f.core.internal.command.DbValidate     : Successfully validated 2 migrations (execution time 00:00.235s)
2025-08-12 05:16:51.576  INFO 1 --- [main] o.f.core.internal.command.DbMigrate      : Current version of schema "public": 2
2025-08-12 05:16:51.593  INFO 1 --- [main] o.f.core.internal.command.DbMigrate      : Schema "public" is up to date. No migration necessary.
2025-08-12 05:16:52.327  INFO 1 --- [main] o.hibernate.jpa.internal.util.LogHelper  : HHH000204: Processing PersistenceUnitInfo [name: default]
2025-08-12 05:16:53.123  INFO 1 --- [main] org.hibernate.Version                    : HHH000412: Hibernate ORM core version 5.6.15.Final
2025-08-12 05:16:54.867  INFO 1 --- [main] o.hibernate.annotations.common.Version   : HCANN000001: Hibernate Commons Annotations {5.1.2.Final}
2025-08-12 05:16:56.063  INFO 1 --- [main] org.hibernate.dialect.Dialect            : HHH000400: Using dialect: org.hibernate.dialect.PostgreSQLDialect
2025-08-12 05:16:56.900  INFO 1 --- [main] o.h.e.t.j.p.i.JtaPlatformInitiator       : HHH000490: Using JtaPlatform implementation: [org.hibernate.engine.transaction.jta.platform.internal.NoJtaPlatform]
2025-08-12 05:16:56.944  INFO 1 --- [main] j.LocalContainerEntityManagerFactoryBean : Initialized JPA EntityManagerFactory for persistence unit 'default'
2025-08-12 05:16:58.217  INFO 1 --- [main] o.s.s.web.DefaultSecurityFilterChain     : Will secure any request with [org.springframework.security.web.session.DisableEncodeUrlFilter@4525d1d3, org.springframework.security.web.context.request.async.WebAsyncManagerIntegrationFilter@7c974942, org.springframework.security.web.context.SecurityContextPersistenceFilter@4905c46b, org.springframework.security.web.header.HeaderWriterFilter@4ebadd3d, org.springframework.web.filter.CorsFilter@1eea9d2d, org.springframework.security.web.authentication.logout.LogoutFilter@5183d589, org.springframework.security.web.savedrequest.RequestCacheAwareFilter@1136b469, org.springframework.security.web.servletapi.SecurityContextHolderAwareRequestFilter@2b87581, org.springframework.security.web.authentication.AnonymousAuthenticationFilter@60921b21, org.springframework.security.web.session.SessionManagementFilter@7b44b63d, org.springframework.security.web.access.ExceptionTranslationFilter@72ba28ee, org.springframework.security.web.access.intercept.AuthorizationFilter@2e52fb3e]
2025-08-12 05:16:59.868  WARN 1 --- [main] JpaBaseConfiguration$JpaWebConfiguration : spring.jpa.open-in-view is enabled by default. Therefore, database queries may be performed during view rendering. Explicitly configure spring.jpa.open-in-view to disable this warning
2025-08-12 05:17:02.900  INFO 1 --- [main] o.s.b.w.embedded.tomcat.TomcatWebServer  : Tomcat started on port(s): 8081 (http) with context path ''
2025-08-12 05:17:02.978  INFO 1 --- [main] c.c.masivos.user.UserServiceApplication  : Started UserServiceApplication in 30.524 seconds (JVM running for 33.871)
2025-08-12 05:30:44.520  INFO 1 --- [main] c.c.masivos.user.UserServiceApplication  : Starting UserServiceApplication using Java 17.0.2 on 4a6ed9b6ec30 with PID 1 (/app/microservicios/user-service/target/user-service-1.0.0-SNAPSHOT.jar started by root in /app)
2025-08-12 05:30:44.551  INFO 1 --- [main] c.c.masivos.user.UserServiceApplication  : The following 1 profile is active: "dev"
2025-08-12 05:30:55.115  INFO 1 --- [main] .s.d.r.c.RepositoryConfigurationDelegate : Multiple Spring Data modules found, entering strict repository configuration mode
2025-08-12 05:30:55.135  INFO 1 --- [main] .s.d.r.c.RepositoryConfigurationDelegate : Bootstrapping Spring Data JPA repositories in DEFAULT mode.
2025-08-12 05:30:55.234  INFO 1 --- [main] .s.d.r.c.RepositoryConfigurationDelegate : Finished Spring Data repository scanning in 33 ms. Found 0 JPA repository interfaces.
2025-08-12 05:30:55.336  INFO 1 --- [main] .s.d.r.c.RepositoryConfigurationDelegate : Multiple Spring Data modules found, entering strict repository configuration mode
2025-08-12 05:30:55.345  INFO 1 --- [main] .s.d.r.c.RepositoryConfigurationDelegate : Bootstrapping Spring Data Redis repositories in DEFAULT mode.
2025-08-12 05:30:55.433  INFO 1 --- [main] .s.d.r.c.RepositoryConfigurationDelegate : Finished Spring Data repository scanning in 4 ms. Found 0 Redis repository interfaces.
2025-08-12 05:31:00.974  INFO 1 --- [main] o.s.b.w.embedded.tomcat.TomcatWebServer  : Tomcat initialized with port(s): 8081 (http)
2025-08-12 05:31:01.143  INFO 1 --- [main] o.apache.catalina.core.StandardService   : Starting service [Tomcat]
2025-08-12 05:31:01.274  INFO 1 --- [main] org.apache.catalina.core.StandardEngine  : Starting Servlet engine: [Apache Tomcat/9.0.83]
2025-08-12 05:31:05.790  INFO 1 --- [main] o.a.c.c.C.[Tomcat].[localhost].[/]       : Initializing Spring embedded WebApplicationContext
2025-08-12 05:31:05.873  INFO 1 --- [main] w.s.c.ServletWebServerApplicationContext : Root WebApplicationContext: initialization completed in 20947 ms
2025-08-12 05:31:09.602  INFO 1 --- [main] o.f.c.internal.license.VersionPrinter    : Flyway Community Edition 8.5.13 by Redgate
2025-08-12 05:31:09.759  INFO 1 --- [main] o.f.c.internal.license.VersionPrinter    : See what's new here: https://flywaydb.org/documentation/learnmore/releaseNotes#8.5.13
2025-08-12 05:31:09.805  INFO 1 --- [main] o.f.c.internal.license.VersionPrinter    : 
2025-08-12 05:31:09.920  INFO 1 --- [main] com.zaxxer.hikari.HikariDataSource       : HikariPool-1 - Starting...
2025-08-12 05:31:12.313  INFO 1 --- [main] com.zaxxer.hikari.HikariDataSource       : HikariPool-1 - Start completed.
2025-08-12 05:31:12.574  INFO 1 --- [main] o.f.c.i.database.base.BaseDatabaseType   : Database: jdbc:postgresql://correos-postgres:5432/correos_masivos_users (PostgreSQL 15.13)
2025-08-12 05:31:12.827  WARN 1 --- [main] o.f.c.internal.database.base.Database    : Flyway upgrade recommended: PostgreSQL 15.13 is newer than this version of Flyway and support has not been tested. The latest supported version of PostgreSQL is 14.
2025-08-12 05:31:16.081  INFO 1 --- [main] o.f.core.internal.command.DbValidate     : Successfully validated 2 migrations (execution time 00:01.280s)
2025-08-12 05:31:16.115  INFO 1 --- [main] o.f.core.internal.command.DbMigrate      : Current version of schema "public": 2
2025-08-12 05:31:16.126  INFO 1 --- [main] o.f.core.internal.command.DbMigrate      : Schema "public" is up to date. No migration necessary.
2025-08-12 05:31:17.198  INFO 1 --- [main] o.hibernate.jpa.internal.util.LogHelper  : HHH000204: Processing PersistenceUnitInfo [name: default]
2025-08-12 05:31:17.874  INFO 1 --- [main] org.hibernate.Version                    : HHH000412: Hibernate ORM core version 5.6.15.Final
2025-08-12 05:31:18.729  INFO 1 --- [main] o.hibernate.annotations.common.Version   : HCANN000001: Hibernate Commons Annotations {5.1.2.Final}
2025-08-12 05:31:19.229  INFO 1 --- [main] org.hibernate.dialect.Dialect            : HHH000400: Using dialect: org.hibernate.dialect.PostgreSQLDialect
2025-08-12 05:31:20.266  INFO 1 --- [main] o.h.e.t.j.p.i.JtaPlatformInitiator       : HHH000490: Using JtaPlatform implementation: [org.hibernate.engine.transaction.jta.platform.internal.NoJtaPlatform]
2025-08-12 05:31:20.313  INFO 1 --- [main] j.LocalContainerEntityManagerFactoryBean : Initialized JPA EntityManagerFactory for persistence unit 'default'
2025-08-12 05:31:20.949  INFO 1 --- [main] o.s.s.web.DefaultSecurityFilterChain     : Will secure any request with [org.springframework.security.web.session.DisableEncodeUrlFilter@7c974942, org.springframework.security.web.context.request.async.WebAsyncManagerIntegrationFilter@1eea9d2d, org.springframework.security.web.context.SecurityContextPersistenceFilter@17ae7628, org.springframework.security.web.header.HeaderWriterFilter@6ac97b84, org.springframework.web.filter.CorsFilter@60921b21, org.springframework.security.web.authentication.logout.LogoutFilter@511d5d04, org.springframework.security.web.savedrequest.RequestCacheAwareFilter@6579c3d9, org.springframework.security.web.servletapi.SecurityContextHolderAwareRequestFilter@66434cc8, org.springframework.security.web.authentication.AnonymousAuthenticationFilter@bd2f5a9, org.springframework.security.web.session.SessionManagementFilter@4a699efa, org.springframework.security.web.access.ExceptionTranslationFilter@2e3a5237, org.springframework.security.web.access.intercept.AuthorizationFilter@16fe9c29]
2025-08-12 05:31:22.343  WARN 1 --- [main] JpaBaseConfiguration$JpaWebConfiguration : spring.jpa.open-in-view is enabled by default. Therefore, database queries may be performed during view rendering. Explicitly configure spring.jpa.open-in-view to disable this warning
2025-08-12 05:31:25.487  INFO 1 --- [main] o.s.b.w.embedded.tomcat.TomcatWebServer  : Tomcat started on port(s): 8081 (http) with context path ''
2025-08-12 05:31:25.543  INFO 1 --- [main] c.c.masivos.user.UserServiceApplication  : Started UserServiceApplication in 46.9 seconds (JVM running for 66.003)
2025-08-12 13:40:47.755  INFO 1 --- [SpringApplicationShutdownHook] j.LocalContainerEntityManagerFactoryBean : Closing JPA EntityManagerFactory for persistence unit 'default'
2025-08-12 13:40:47.816  INFO 1 --- [SpringApplicationShutdownHook] com.zaxxer.hikari.HikariDataSource       : HikariPool-1 - Shutdown initiated...
2025-08-12 13:40:47.820  INFO 1 --- [SpringApplicationShutdownHook] com.zaxxer.hikari.HikariDataSource       : HikariPool-1 - Shutdown completed.
2025-08-12 13:40:55.452  INFO 1 --- [main] c.c.masivos.user.UserServiceApplication  : Starting UserServiceApplication using Java 17.0.2 on aff91d772348 with PID 1 (/app/microservicios/user-service/target/user-service-1.0.0-SNAPSHOT.jar started by root in /app)
2025-08-12 13:40:55.464  INFO 1 --- [main] c.c.masivos.user.UserServiceApplication  : The following 1 profile is active: "dev"
2025-08-12 13:41:00.390  INFO 1 --- [main] .s.d.r.c.RepositoryConfigurationDelegate : Multiple Spring Data modules found, entering strict repository configuration mode
2025-08-12 13:41:00.400  INFO 1 --- [main] .s.d.r.c.RepositoryConfigurationDelegate : Bootstrapping Spring Data JPA repositories in DEFAULT mode.
2025-08-12 13:41:00.466  INFO 1 --- [main] .s.d.r.c.RepositoryConfigurationDelegate : Finished Spring Data repository scanning in 26 ms. Found 0 JPA repository interfaces.
2025-08-12 13:41:00.538  INFO 1 --- [main] .s.d.r.c.RepositoryConfigurationDelegate : Multiple Spring Data modules found, entering strict repository configuration mode
2025-08-12 13:41:00.550  INFO 1 --- [main] .s.d.r.c.RepositoryConfigurationDelegate : Bootstrapping Spring Data Redis repositories in DEFAULT mode.
2025-08-12 13:41:00.605  INFO 1 --- [main] .s.d.r.c.RepositoryConfigurationDelegate : Finished Spring Data repository scanning in 2 ms. Found 0 Redis repository interfaces.
2025-08-12 13:41:04.545  INFO 1 --- [main] o.s.b.w.embedded.tomcat.TomcatWebServer  : Tomcat initialized with port(s): 8081 (http)
2025-08-12 13:41:04.624  INFO 1 --- [main] o.apache.catalina.core.StandardService   : Starting service [Tomcat]
2025-08-12 13:41:04.629  INFO 1 --- [main] org.apache.catalina.core.StandardEngine  : Starting Servlet engine: [Apache Tomcat/9.0.83]
2025-08-12 13:41:05.230  INFO 1 --- [main] o.a.c.c.C.[Tomcat].[localhost].[/]       : Initializing Spring embedded WebApplicationContext
2025-08-12 13:41:05.235  INFO 1 --- [main] w.s.c.ServletWebServerApplicationContext : Root WebApplicationContext: initialization completed in 9500 ms
2025-08-12 13:41:07.076  INFO 1 --- [main] o.f.c.internal.license.VersionPrinter    : Flyway Community Edition 8.5.13 by Redgate
2025-08-12 13:41:07.082  INFO 1 --- [main] o.f.c.internal.license.VersionPrinter    : See what's new here: https://flywaydb.org/documentation/learnmore/releaseNotes#8.5.13
2025-08-12 13:41:07.087  INFO 1 --- [main] o.f.c.internal.license.VersionPrinter    : 
2025-08-12 13:41:07.193  INFO 1 --- [main] com.zaxxer.hikari.HikariDataSource       : HikariPool-1 - Starting...
2025-08-12 13:41:08.986  INFO 1 --- [main] com.zaxxer.hikari.HikariDataSource       : HikariPool-1 - Start completed.
2025-08-12 13:41:09.217  INFO 1 --- [main] o.f.c.i.database.base.BaseDatabaseType   : Database: jdbc:postgresql://correos-postgres:5432/correos_masivos_users (PostgreSQL 15.13)
2025-08-12 13:41:09.285  WARN 1 --- [main] o.f.c.internal.database.base.Database    : Flyway upgrade recommended: PostgreSQL 15.13 is newer than this version of Flyway and support has not been tested. The latest supported version of PostgreSQL is 14.
2025-08-12 13:41:09.539  INFO 1 --- [main] o.f.core.internal.command.DbValidate     : Successfully validated 2 migrations (execution time 00:00.166s)
2025-08-12 13:41:09.591  INFO 1 --- [main] o.f.core.internal.command.DbMigrate      : Current version of schema "public": 2
2025-08-12 13:41:09.601  INFO 1 --- [main] o.f.core.internal.command.DbMigrate      : Schema "public" is up to date. No migration necessary.
2025-08-12 13:41:10.596  INFO 1 --- [main] o.hibernate.jpa.internal.util.LogHelper  : HHH000204: Processing PersistenceUnitInfo [name: default]
2025-08-12 13:41:11.386  INFO 1 --- [main] org.hibernate.Version                    : HHH000412: Hibernate ORM core version 5.6.15.Final
2025-08-12 13:41:12.861  INFO 1 --- [main] o.hibernate.annotations.common.Version   : HCANN000001: Hibernate Commons Annotations {5.1.2.Final}
2025-08-12 13:41:13.688  INFO 1 --- [main] org.hibernate.dialect.Dialect            : HHH000400: Using dialect: org.hibernate.dialect.PostgreSQLDialect
2025-08-12 13:41:14.495  INFO 1 --- [main] o.h.e.t.j.p.i.JtaPlatformInitiator       : HHH000490: Using JtaPlatform implementation: [org.hibernate.engine.transaction.jta.platform.internal.NoJtaPlatform]
2025-08-12 13:41:14.527  INFO 1 --- [main] j.LocalContainerEntityManagerFactoryBean : Initialized JPA EntityManagerFactory for persistence unit 'default'
2025-08-12 13:41:15.141  INFO 1 --- [main] o.s.s.web.DefaultSecurityFilterChain     : Will secure any request with [org.springframework.security.web.session.DisableEncodeUrlFilter@3e9803c2, org.springframework.security.web.context.request.async.WebAsyncManagerIntegrationFilter@4525d1d3, org.springframework.security.web.context.SecurityContextPersistenceFilter@38499e48, org.springframework.security.web.header.HeaderWriterFilter@2e3a5237, org.springframework.web.filter.CorsFilter@7c974942, org.springframework.security.web.authentication.logout.LogoutFilter@6a84bc2a, org.springframework.security.web.savedrequest.RequestCacheAwareFilter@17ae7628, org.springframework.security.web.servletapi.SecurityContextHolderAwareRequestFilter@6579c3d9, org.springframework.security.web.authentication.AnonymousAuthenticationFilter@1eea9d2d, org.springframework.security.web.session.SessionManagementFilter@c3fa05a, org.springframework.security.web.access.ExceptionTranslationFilter@3e134896, org.springframework.security.web.access.intercept.AuthorizationFilter@1b9c1b51]
2025-08-12 13:41:16.597  WARN 1 --- [main] JpaBaseConfiguration$JpaWebConfiguration : spring.jpa.open-in-view is enabled by default. Therefore, database queries may be performed during view rendering. Explicitly configure spring.jpa.open-in-view to disable this warning
2025-08-12 13:41:19.346  INFO 1 --- [main] o.s.b.w.embedded.tomcat.TomcatWebServer  : Tomcat started on port(s): 8081 (http) with context path ''
2025-08-12 13:41:19.419  INFO 1 --- [main] c.c.masivos.user.UserServiceApplication  : Started UserServiceApplication in 26.294 seconds (JVM running for 29.427)
2025-08-12 15:59:07.848  INFO 1 --- [main] c.c.masivos.user.UserServiceApplication  : Starting UserServiceApplication using Java 17.0.2 on aff91d772348 with PID 1 (/app/microservicios/user-service/target/user-service-1.0.0-SNAPSHOT.jar started by root in /app)
2025-08-12 15:59:07.925  INFO 1 --- [main] c.c.masivos.user.UserServiceApplication  : The following 1 profile is active: "dev"
2025-08-12 15:59:14.648  INFO 1 --- [main] .s.d.r.c.RepositoryConfigurationDelegate : Multiple Spring Data modules found, entering strict repository configuration mode
2025-08-12 15:59:14.664  INFO 1 --- [main] .s.d.r.c.RepositoryConfigurationDelegate : Bootstrapping Spring Data JPA repositories in DEFAULT mode.
2025-08-12 15:59:14.782  INFO 1 --- [main] .s.d.r.c.RepositoryConfigurationDelegate : Finished Spring Data repository scanning in 60 ms. Found 0 JPA repository interfaces.
2025-08-12 15:59:14.938  INFO 1 --- [main] .s.d.r.c.RepositoryConfigurationDelegate : Multiple Spring Data modules found, entering strict repository configuration mode
2025-08-12 15:59:14.968  INFO 1 --- [main] .s.d.r.c.RepositoryConfigurationDelegate : Bootstrapping Spring Data Redis repositories in DEFAULT mode.
2025-08-12 15:59:15.086  INFO 1 --- [main] .s.d.r.c.RepositoryConfigurationDelegate : Finished Spring Data repository scanning in 2 ms. Found 0 Redis repository interfaces.
2025-08-12 15:59:21.182  INFO 1 --- [main] o.s.b.w.embedded.tomcat.TomcatWebServer  : Tomcat initialized with port(s): 8081 (http)
2025-08-12 15:59:21.240  INFO 1 --- [main] o.apache.catalina.core.StandardService   : Starting service [Tomcat]
2025-08-12 15:59:21.244  INFO 1 --- [main] org.apache.catalina.core.StandardEngine  : Starting Servlet engine: [Apache Tomcat/9.0.83]
2025-08-12 15:59:21.746  INFO 1 --- [main] o.a.c.c.C.[Tomcat].[localhost].[/]       : Initializing Spring embedded WebApplicationContext
2025-08-12 15:59:21.762  INFO 1 --- [main] w.s.c.ServletWebServerApplicationContext : Root WebApplicationContext: initialization completed in 13149 ms
2025-08-12 15:59:23.314  INFO 1 --- [main] o.f.c.internal.license.VersionPrinter    : Flyway Community Edition 8.5.13 by Redgate
2025-08-12 15:59:23.323  INFO 1 --- [main] o.f.c.internal.license.VersionPrinter    : See what's new here: https://flywaydb.org/documentation/learnmore/releaseNotes#8.5.13
2025-08-12 15:59:23.332  INFO 1 --- [main] o.f.c.internal.license.VersionPrinter    : 
2025-08-12 15:59:23.436  INFO 1 --- [main] com.zaxxer.hikari.HikariDataSource       : HikariPool-1 - Starting...
2025-08-12 15:59:24.825  INFO 1 --- [main] com.zaxxer.hikari.HikariDataSource       : HikariPool-1 - Start completed.
2025-08-12 15:59:24.994  INFO 1 --- [main] o.f.c.i.database.base.BaseDatabaseType   : Database: jdbc:postgresql://correos-postgres:5432/correos_masivos_users (PostgreSQL 15.13)
2025-08-12 15:59:25.131  WARN 1 --- [main] o.f.c.internal.database.base.Database    : Flyway upgrade recommended: PostgreSQL 15.13 is newer than this version of Flyway and support has not been tested. The latest supported version of PostgreSQL is 14.
2025-08-12 15:59:25.508  INFO 1 --- [main] o.f.core.internal.command.DbValidate     : Successfully validated 2 migrations (execution time 00:00.257s)
2025-08-12 15:59:25.598  INFO 1 --- [main] o.f.core.internal.command.DbMigrate      : Current version of schema "public": 2
2025-08-12 15:59:25.609  INFO 1 --- [main] o.f.core.internal.command.DbMigrate      : Schema "public" is up to date. No migration necessary.
2025-08-12 15:59:26.244  INFO 1 --- [main] o.hibernate.jpa.internal.util.LogHelper  : HHH000204: Processing PersistenceUnitInfo [name: default]
2025-08-12 15:59:27.143  INFO 1 --- [main] org.hibernate.Version                    : HHH000412: Hibernate ORM core version 5.6.15.Final
2025-08-12 15:59:28.563  INFO 1 --- [main] o.hibernate.annotations.common.Version   : HCANN000001: Hibernate Commons Annotations {5.1.2.Final}
2025-08-12 15:59:29.205  INFO 1 --- [main] org.hibernate.dialect.Dialect            : HHH000400: Using dialect: org.hibernate.dialect.PostgreSQLDialect
2025-08-12 15:59:30.462  INFO 1 --- [main] o.h.e.t.j.p.i.JtaPlatformInitiator       : HHH000490: Using JtaPlatform implementation: [org.hibernate.engine.transaction.jta.platform.internal.NoJtaPlatform]
2025-08-12 15:59:30.486  INFO 1 --- [main] j.LocalContainerEntityManagerFactoryBean : Initialized JPA EntityManagerFactory for persistence unit 'default'
2025-08-12 15:59:31.272  INFO 1 --- [main] o.s.s.web.DefaultSecurityFilterChain     : Will secure any request with [org.springframework.security.web.session.DisableEncodeUrlFilter@2e52fb3e, org.springframework.security.web.context.request.async.WebAsyncManagerIntegrationFilter@16fe9c29, org.springframework.security.web.context.SecurityContextPersistenceFilter@7b44b63d, org.springframework.security.web.header.HeaderWriterFilter@3e134896, org.springframework.web.filter.CorsFilter@3e9803c2, org.springframework.security.web.authentication.logout.LogoutFilter@5cbb84b1, org.springframework.security.web.savedrequest.RequestCacheAwareFilter@38499e48, org.springframework.security.web.servletapi.SecurityContextHolderAwareRequestFilter@17ae7628, org.springframework.security.web.authentication.AnonymousAuthenticationFilter@4525d1d3, org.springframework.security.web.session.SessionManagementFilter@35c09b94, org.springframework.security.web.access.ExceptionTranslationFilter@349d0836, org.springframework.security.web.access.intercept.AuthorizationFilter@11653e3b]
2025-08-12 15:59:33.277  WARN 1 --- [main] JpaBaseConfiguration$JpaWebConfiguration : spring.jpa.open-in-view is enabled by default. Therefore, database queries may be performed during view rendering. Explicitly configure spring.jpa.open-in-view to disable this warning
2025-08-12 15:59:36.795  INFO 1 --- [main] o.s.b.w.embedded.tomcat.TomcatWebServer  : Tomcat started on port(s): 8081 (http) with context path ''
2025-08-12 15:59:36.924  INFO 1 --- [main] c.c.masivos.user.UserServiceApplication  : Started UserServiceApplication in 34.816 seconds (JVM running for 41.455)
2025-08-12 16:00:56.489  INFO 1 --- [SpringApplicationShutdownHook] j.LocalContainerEntityManagerFactoryBean : Closing JPA EntityManagerFactory for persistence unit 'default'
2025-08-12 16:00:56.498  INFO 1 --- [SpringApplicationShutdownHook] com.zaxxer.hikari.HikariDataSource       : HikariPool-1 - Shutdown initiated...
2025-08-12 16:00:56.524  INFO 1 --- [SpringApplicationShutdownHook] com.zaxxer.hikari.HikariDataSource       : HikariPool-1 - Shutdown completed.
