2025-08-05 00:40:02.991  INFO 26076 --- [main] c.c.m.gateway.ApiGatewayApplication      : Starting ApiGatewayApplication using Java 11.0.27 on jcbodero1-ti with PID 26076 (C:\SOURCE\bundle-correos-masivos\apigateway\api-gateway\target\api-gateway-1.0.0-SNAPSHOT.jar started by jcbodero in c:\SOURCE\bundle-correos-masivos\setup)
2025-08-05 00:40:03.004  INFO 26076 --- [main] c.c.m.gateway.ApiGatewayApplication      : The following 1 profile is active: "dev"
2025-08-05 00:40:03.776  INFO 26076 --- [main] .s.d.r.c.RepositoryConfigurationDelegate : Multiple Spring Data modules found, entering strict repository configuration mode
2025-08-05 00:40:03.781  INFO 26076 --- [main] .s.d.r.c.RepositoryConfigurationDelegate : Bootstrapping Spring Data Redis repositories in DEFAULT mode.
2025-08-05 00:40:03.800  INFO 26076 --- [main] .s.d.r.c.RepositoryConfigurationDelegate : Finished Spring Data repository scanning in 5 ms. Found 0 Redis repository interfaces.
2025-08-05 00:40:04.036  INFO 26076 --- [main] o.s.cloud.context.scope.GenericScope     : BeanFactory id=68377bb2-b587-3587-a0c1-dd6534b2b7ec
2025-08-05 00:40:06.699 DEBUG 26076 --- [main] o.s.c.gateway.config.GatewayProperties   : Routes supplied from Gateway Properties: [RouteDefinition{id='user-service', predicates=[PredicateDefinition{name='Path', args={_genkey_0=/api/users/**}}], filters=[FilterDefinition{name='StripPrefix', args={_genkey_0=1}}], uri=http://localhost:8081, order=0, metadata={}}, RouteDefinition{id='contact-service', predicates=[PredicateDefinition{name='Path', args={_genkey_0=/api/contacts/**}}], filters=[FilterDefinition{name='StripPrefix', args={_genkey_0=1}}], uri=http://localhost:8082, order=0, metadata={}}, RouteDefinition{id='campaign-service', predicates=[PredicateDefinition{name='Path', args={_genkey_0=/api/campaigns/**}}], filters=[FilterDefinition{name='StripPrefix', args={_genkey_0=1}}], uri=http://localhost:8083, order=0, metadata={}}, RouteDefinition{id='email-service', predicates=[PredicateDefinition{name='Path', args={_genkey_0=/api/emails/**}}], filters=[FilterDefinition{name='StripPrefix', args={_genkey_0=1}}], uri=http://localhost:8084, order=0, metadata={}}, RouteDefinition{id='template-service', predicates=[PredicateDefinition{name='Path', args={_genkey_0=/api/templates/**}}], filters=[FilterDefinition{name='StripPrefix', args={_genkey_0=1}}], uri=http://localhost:8085, order=0, metadata={}}]
2025-08-05 00:40:06.985  INFO 26076 --- [main] o.s.c.g.r.RouteDefinitionRouteLocator    : Loaded RoutePredicateFactory [After]
2025-08-05 00:40:06.987  INFO 26076 --- [main] o.s.c.g.r.RouteDefinitionRouteLocator    : Loaded RoutePredicateFactory [Before]
2025-08-05 00:40:06.987  INFO 26076 --- [main] o.s.c.g.r.RouteDefinitionRouteLocator    : Loaded RoutePredicateFactory [Between]
2025-08-05 00:40:06.988  INFO 26076 --- [main] o.s.c.g.r.RouteDefinitionRouteLocator    : Loaded RoutePredicateFactory [Cookie]
2025-08-05 00:40:06.988  INFO 26076 --- [main] o.s.c.g.r.RouteDefinitionRouteLocator    : Loaded RoutePredicateFactory [Header]
2025-08-05 00:40:06.989  INFO 26076 --- [main] o.s.c.g.r.RouteDefinitionRouteLocator    : Loaded RoutePredicateFactory [Host]
2025-08-05 00:40:06.989  INFO 26076 --- [main] o.s.c.g.r.RouteDefinitionRouteLocator    : Loaded RoutePredicateFactory [Method]
2025-08-05 00:40:06.989  INFO 26076 --- [main] o.s.c.g.r.RouteDefinitionRouteLocator    : Loaded RoutePredicateFactory [Path]
2025-08-05 00:40:06.989  INFO 26076 --- [main] o.s.c.g.r.RouteDefinitionRouteLocator    : Loaded RoutePredicateFactory [Query]
2025-08-05 00:40:06.989  INFO 26076 --- [main] o.s.c.g.r.RouteDefinitionRouteLocator    : Loaded RoutePredicateFactory [ReadBody]
2025-08-05 00:40:06.990  INFO 26076 --- [main] o.s.c.g.r.RouteDefinitionRouteLocator    : Loaded RoutePredicateFactory [RemoteAddr]
2025-08-05 00:40:06.991  INFO 26076 --- [main] o.s.c.g.r.RouteDefinitionRouteLocator    : Loaded RoutePredicateFactory [XForwardedRemoteAddr]
2025-08-05 00:40:06.992  INFO 26076 --- [main] o.s.c.g.r.RouteDefinitionRouteLocator    : Loaded RoutePredicateFactory [Weight]
2025-08-05 00:40:06.992  INFO 26076 --- [main] o.s.c.g.r.RouteDefinitionRouteLocator    : Loaded RoutePredicateFactory [CloudFoundryRouteService]
2025-08-05 00:40:08.066  INFO 26076 --- [main] o.s.b.web.embedded.netty.NettyWebServer  : Netty started on port 8080
2025-08-05 00:40:09.172 DEBUG 26076 --- [main] o.s.c.g.r.RouteDefinitionRouteLocator    : RouteDefinition user-service applying {_genkey_0=/api/users/**} to Path
2025-08-05 00:40:09.191 DEBUG 26076 --- [main] o.s.c.g.r.RouteDefinitionRouteLocator    : RouteDefinition user-service applying filter {_genkey_0=1} to StripPrefix
2025-08-05 00:40:09.202 DEBUG 26076 --- [main] o.s.c.g.r.RouteDefinitionRouteLocator    : RouteDefinition matched: user-service
2025-08-05 00:40:09.203 DEBUG 26076 --- [main] o.s.c.g.r.RouteDefinitionRouteLocator    : RouteDefinition contact-service applying {_genkey_0=/api/contacts/**} to Path
2025-08-05 00:40:09.205 DEBUG 26076 --- [main] o.s.c.g.r.RouteDefinitionRouteLocator    : RouteDefinition contact-service applying filter {_genkey_0=1} to StripPrefix
2025-08-05 00:40:09.206 DEBUG 26076 --- [main] o.s.c.g.r.RouteDefinitionRouteLocator    : RouteDefinition matched: contact-service
2025-08-05 00:40:09.206 DEBUG 26076 --- [main] o.s.c.g.r.RouteDefinitionRouteLocator    : RouteDefinition campaign-service applying {_genkey_0=/api/campaigns/**} to Path
2025-08-05 00:40:09.207 DEBUG 26076 --- [main] o.s.c.g.r.RouteDefinitionRouteLocator    : RouteDefinition campaign-service applying filter {_genkey_0=1} to StripPrefix
2025-08-05 00:40:09.208 DEBUG 26076 --- [main] o.s.c.g.r.RouteDefinitionRouteLocator    : RouteDefinition matched: campaign-service
2025-08-05 00:40:09.209 DEBUG 26076 --- [main] o.s.c.g.r.RouteDefinitionRouteLocator    : RouteDefinition email-service applying {_genkey_0=/api/emails/**} to Path
2025-08-05 00:40:09.210 DEBUG 26076 --- [main] o.s.c.g.r.RouteDefinitionRouteLocator    : RouteDefinition email-service applying filter {_genkey_0=1} to StripPrefix
2025-08-05 00:40:09.211 DEBUG 26076 --- [main] o.s.c.g.r.RouteDefinitionRouteLocator    : RouteDefinition matched: email-service
2025-08-05 00:40:09.212 DEBUG 26076 --- [main] o.s.c.g.r.RouteDefinitionRouteLocator    : RouteDefinition template-service applying {_genkey_0=/api/templates/**} to Path
2025-08-05 00:40:09.213 DEBUG 26076 --- [main] o.s.c.g.r.RouteDefinitionRouteLocator    : RouteDefinition template-service applying filter {_genkey_0=1} to StripPrefix
2025-08-05 00:40:09.213 DEBUG 26076 --- [main] o.s.c.g.r.RouteDefinitionRouteLocator    : RouteDefinition matched: template-service
2025-08-05 00:40:09.220  INFO 26076 --- [main] c.c.m.gateway.ApiGatewayApplication      : Started ApiGatewayApplication in 7.284 seconds (JVM running for 7.816)
2025-08-05 00:43:07.468 DEBUG 26076 --- [parallel-10] o.s.c.g.h.RoutePredicateHandlerMapping   : Route matched: email-service
2025-08-05 00:43:07.473 DEBUG 26076 --- [parallel-10] o.s.c.g.h.RoutePredicateHandlerMapping   : Mapping [Exchange: GET http://localhost:8080/api/emails] to Route{id='email-service', uri=http://localhost:8084, order=0, predicate=Paths: [/api/emails/**], match trailing slash: true, gatewayFilters=[], metadata={}}
2025-08-05 00:43:07.473 DEBUG 26076 --- [parallel-10] o.s.c.g.h.RoutePredicateHandlerMapping   : [bf5b7ef8-21] Mapped to org.springframework.cloud.gateway.handler.FilteringWebHandler@153b67d5
2025-08-05 00:43:07.474 DEBUG 26076 --- [parallel-10] o.s.c.g.handler.FilteringWebHandler      : Sorted gatewayFilterFactories: [[GatewayFilterAdapter{delegate=org.springframework.cloud.gateway.filter.RemoveCachedBodyFilter@27b22f74}, order = -2147483648], [GatewayFilterAdapter{delegate=org.springframework.cloud.gateway.filter.AdaptCachedBodyGlobalFilter@6872f9c8}, order = -2147482648], [GatewayFilterAdapter{delegate=org.springframework.cloud.gateway.filter.NettyWriteResponseFilter@6df7988f}, order = -1], [GatewayFilterAdapter{delegate=org.springframework.cloud.gateway.filter.ForwardPathFilter@2fe88a09}, order = 0], [GatewayFilterAdapter{delegate=org.springframework.cloud.gateway.filter.RouteToRequestUrlFilter@22fba58c}, order = 10000], [GatewayFilterAdapter{delegate=org.springframework.cloud.gateway.config.GatewayNoLoadBalancerClientAutoConfiguration$NoLoadBalancerClientFilter@66bfd864}, order = 10150], [GatewayFilterAdapter{delegate=org.springframework.cloud.gateway.filter.WebsocketRoutingFilter@1917d90f}, order = 2147483646], [GatewayFilterAdapter{delegate=org.springframework.cloud.gateway.filter.NettyRoutingFilter@1d782abe}, order = 2147483647], [GatewayFilterAdapter{delegate=org.springframework.cloud.gateway.filter.ForwardRoutingFilter@7e8a46b7}, order = 2147483647]]
2025-08-05 00:43:12.242 DEBUG 26076 --- [parallel-11] o.s.c.g.h.RoutePredicateHandlerMapping   : Route matched: email-service
2025-08-05 00:43:12.243 DEBUG 26076 --- [parallel-11] o.s.c.g.h.RoutePredicateHandlerMapping   : Mapping [Exchange: GET http://localhost:8080/api/emails] to Route{id='email-service', uri=http://localhost:8084, order=0, predicate=Paths: [/api/emails/**], match trailing slash: true, gatewayFilters=[], metadata={}}
2025-08-05 00:43:12.243 DEBUG 26076 --- [parallel-11] o.s.c.g.h.RoutePredicateHandlerMapping   : [bf5b7ef8-22] Mapped to org.springframework.cloud.gateway.handler.FilteringWebHandler@153b67d5
2025-08-05 00:43:12.244 DEBUG 26076 --- [parallel-11] o.s.c.g.handler.FilteringWebHandler      : Sorted gatewayFilterFactories: [[GatewayFilterAdapter{delegate=org.springframework.cloud.gateway.filter.RemoveCachedBodyFilter@27b22f74}, order = -2147483648], [GatewayFilterAdapter{delegate=org.springframework.cloud.gateway.filter.AdaptCachedBodyGlobalFilter@6872f9c8}, order = -2147482648], [GatewayFilterAdapter{delegate=org.springframework.cloud.gateway.filter.NettyWriteResponseFilter@6df7988f}, order = -1], [GatewayFilterAdapter{delegate=org.springframework.cloud.gateway.filter.ForwardPathFilter@2fe88a09}, order = 0], [GatewayFilterAdapter{delegate=org.springframework.cloud.gateway.filter.RouteToRequestUrlFilter@22fba58c}, order = 10000], [GatewayFilterAdapter{delegate=org.springframework.cloud.gateway.config.GatewayNoLoadBalancerClientAutoConfiguration$NoLoadBalancerClientFilter@66bfd864}, order = 10150], [GatewayFilterAdapter{delegate=org.springframework.cloud.gateway.filter.WebsocketRoutingFilter@1917d90f}, order = 2147483646], [GatewayFilterAdapter{delegate=org.springframework.cloud.gateway.filter.NettyRoutingFilter@1d782abe}, order = 2147483647], [GatewayFilterAdapter{delegate=org.springframework.cloud.gateway.filter.ForwardRoutingFilter@7e8a46b7}, order = 2147483647]]
2025-08-05 00:43:19.544 DEBUG 26076 --- [parallel-1] o.s.c.g.h.RoutePredicateHandlerMapping   : Route matched: email-service
2025-08-05 00:43:19.546 DEBUG 26076 --- [parallel-1] o.s.c.g.h.RoutePredicateHandlerMapping   : Mapping [Exchange: GET http://localhost:8080/api/emails] to Route{id='email-service', uri=http://localhost:8084, order=0, predicate=Paths: [/api/emails/**], match trailing slash: true, gatewayFilters=[], metadata={}}
2025-08-05 00:43:19.546 DEBUG 26076 --- [parallel-1] o.s.c.g.h.RoutePredicateHandlerMapping   : [bf5b7ef8-24] Mapped to org.springframework.cloud.gateway.handler.FilteringWebHandler@153b67d5
2025-08-05 00:43:19.547 DEBUG 26076 --- [parallel-1] o.s.c.g.handler.FilteringWebHandler      : Sorted gatewayFilterFactories: [[GatewayFilterAdapter{delegate=org.springframework.cloud.gateway.filter.RemoveCachedBodyFilter@27b22f74}, order = -2147483648], [GatewayFilterAdapter{delegate=org.springframework.cloud.gateway.filter.AdaptCachedBodyGlobalFilter@6872f9c8}, order = -2147482648], [GatewayFilterAdapter{delegate=org.springframework.cloud.gateway.filter.NettyWriteResponseFilter@6df7988f}, order = -1], [GatewayFilterAdapter{delegate=org.springframework.cloud.gateway.filter.ForwardPathFilter@2fe88a09}, order = 0], [GatewayFilterAdapter{delegate=org.springframework.cloud.gateway.filter.RouteToRequestUrlFilter@22fba58c}, order = 10000], [GatewayFilterAdapter{delegate=org.springframework.cloud.gateway.config.GatewayNoLoadBalancerClientAutoConfiguration$NoLoadBalancerClientFilter@66bfd864}, order = 10150], [GatewayFilterAdapter{delegate=org.springframework.cloud.gateway.filter.WebsocketRoutingFilter@1917d90f}, order = 2147483646], [GatewayFilterAdapter{delegate=org.springframework.cloud.gateway.filter.NettyRoutingFilter@1d782abe}, order = 2147483647], [GatewayFilterAdapter{delegate=org.springframework.cloud.gateway.filter.ForwardRoutingFilter@7e8a46b7}, order = 2147483647]]
2025-08-05 00:43:39.404 DEBUG 26076 --- [parallel-3] o.s.c.g.h.RoutePredicateHandlerMapping   : Route matched: email-service
2025-08-05 00:43:39.405 DEBUG 26076 --- [parallel-3] o.s.c.g.h.RoutePredicateHandlerMapping   : Mapping [Exchange: GET http://localhost:8080/api/emails] to Route{id='email-service', uri=http://localhost:8084, order=0, predicate=Paths: [/api/emails/**], match trailing slash: true, gatewayFilters=[], metadata={}}
2025-08-05 00:43:39.406 DEBUG 26076 --- [parallel-3] o.s.c.g.h.RoutePredicateHandlerMapping   : [bf5b7ef8-26] Mapped to org.springframework.cloud.gateway.handler.FilteringWebHandler@153b67d5
2025-08-05 00:43:39.406 DEBUG 26076 --- [parallel-3] o.s.c.g.handler.FilteringWebHandler      : Sorted gatewayFilterFactories: [[GatewayFilterAdapter{delegate=org.springframework.cloud.gateway.filter.RemoveCachedBodyFilter@27b22f74}, order = -2147483648], [GatewayFilterAdapter{delegate=org.springframework.cloud.gateway.filter.AdaptCachedBodyGlobalFilter@6872f9c8}, order = -2147482648], [GatewayFilterAdapter{delegate=org.springframework.cloud.gateway.filter.NettyWriteResponseFilter@6df7988f}, order = -1], [GatewayFilterAdapter{delegate=org.springframework.cloud.gateway.filter.ForwardPathFilter@2fe88a09}, order = 0], [GatewayFilterAdapter{delegate=org.springframework.cloud.gateway.filter.RouteToRequestUrlFilter@22fba58c}, order = 10000], [GatewayFilterAdapter{delegate=org.springframework.cloud.gateway.config.GatewayNoLoadBalancerClientAutoConfiguration$NoLoadBalancerClientFilter@66bfd864}, order = 10150], [GatewayFilterAdapter{delegate=org.springframework.cloud.gateway.filter.WebsocketRoutingFilter@1917d90f}, order = 2147483646], [GatewayFilterAdapter{delegate=org.springframework.cloud.gateway.filter.NettyRoutingFilter@1d782abe}, order = 2147483647], [GatewayFilterAdapter{delegate=org.springframework.cloud.gateway.filter.ForwardRoutingFilter@7e8a46b7}, order = 2147483647]]
2025-08-05 00:44:11.001 DEBUG 26076 --- [parallel-6] o.s.c.g.h.RoutePredicateHandlerMapping   : Route matched: email-service
2025-08-05 00:44:11.004 DEBUG 26076 --- [parallel-6] o.s.c.g.h.RoutePredicateHandlerMapping   : Mapping [Exchange: GET http://localhost:8080/api/emails] to Route{id='email-service', uri=http://localhost:8084, order=0, predicate=Paths: [/api/emails/**], match trailing slash: true, gatewayFilters=[], metadata={}}
2025-08-05 00:44:11.004 DEBUG 26076 --- [parallel-6] o.s.c.g.h.RoutePredicateHandlerMapping   : [bf5b7ef8-29] Mapped to org.springframework.cloud.gateway.handler.FilteringWebHandler@153b67d5
2025-08-05 00:44:11.004 DEBUG 26076 --- [parallel-6] o.s.c.g.handler.FilteringWebHandler      : Sorted gatewayFilterFactories: [[GatewayFilterAdapter{delegate=org.springframework.cloud.gateway.filter.RemoveCachedBodyFilter@27b22f74}, order = -2147483648], [GatewayFilterAdapter{delegate=org.springframework.cloud.gateway.filter.AdaptCachedBodyGlobalFilter@6872f9c8}, order = -2147482648], [GatewayFilterAdapter{delegate=org.springframework.cloud.gateway.filter.NettyWriteResponseFilter@6df7988f}, order = -1], [GatewayFilterAdapter{delegate=org.springframework.cloud.gateway.filter.ForwardPathFilter@2fe88a09}, order = 0], [GatewayFilterAdapter{delegate=org.springframework.cloud.gateway.filter.RouteToRequestUrlFilter@22fba58c}, order = 10000], [GatewayFilterAdapter{delegate=org.springframework.cloud.gateway.config.GatewayNoLoadBalancerClientAutoConfiguration$NoLoadBalancerClientFilter@66bfd864}, order = 10150], [GatewayFilterAdapter{delegate=org.springframework.cloud.gateway.filter.WebsocketRoutingFilter@1917d90f}, order = 2147483646], [GatewayFilterAdapter{delegate=org.springframework.cloud.gateway.filter.NettyRoutingFilter@1d782abe}, order = 2147483647], [GatewayFilterAdapter{delegate=org.springframework.cloud.gateway.filter.ForwardRoutingFilter@7e8a46b7}, order = 2147483647]]
2025-08-05 00:47:23.109  INFO 34776 --- [main] c.c.m.gateway.ApiGatewayApplication      : Starting ApiGatewayApplication using Java 11.0.27 on jcbodero1-ti with PID 34776 (C:\SOURCE\bundle-correos-masivos\apigateway\api-gateway\target\api-gateway-1.0.0-SNAPSHOT.jar started by jcbodero in c:\SOURCE\bundle-correos-masivos\setup)
2025-08-05 00:47:23.122  INFO 34776 --- [main] c.c.m.gateway.ApiGatewayApplication      : The following 1 profile is active: "dev"
2025-08-05 00:47:23.968  INFO 34776 --- [main] .s.d.r.c.RepositoryConfigurationDelegate : Multiple Spring Data modules found, entering strict repository configuration mode
2025-08-05 00:47:23.973  INFO 34776 --- [main] .s.d.r.c.RepositoryConfigurationDelegate : Bootstrapping Spring Data Redis repositories in DEFAULT mode.
2025-08-05 00:47:23.999  INFO 34776 --- [main] .s.d.r.c.RepositoryConfigurationDelegate : Finished Spring Data repository scanning in 7 ms. Found 0 Redis repository interfaces.
2025-08-05 00:47:24.214  INFO 34776 --- [main] o.s.cloud.context.scope.GenericScope     : BeanFactory id=68377bb2-b587-3587-a0c1-dd6534b2b7ec
2025-08-05 00:47:26.770 DEBUG 34776 --- [main] o.s.c.gateway.config.GatewayProperties   : Routes supplied from Gateway Properties: [RouteDefinition{id='user-service', predicates=[PredicateDefinition{name='Path', args={_genkey_0=/api/users/**}}], filters=[FilterDefinition{name='StripPrefix', args={_genkey_0=1}}], uri=http://localhost:8081, order=0, metadata={}}, RouteDefinition{id='contact-service', predicates=[PredicateDefinition{name='Path', args={_genkey_0=/api/contacts/**}}], filters=[FilterDefinition{name='StripPrefix', args={_genkey_0=1}}], uri=http://localhost:8082, order=0, metadata={}}, RouteDefinition{id='campaign-service', predicates=[PredicateDefinition{name='Path', args={_genkey_0=/api/campaigns/**}}], filters=[FilterDefinition{name='StripPrefix', args={_genkey_0=1}}], uri=http://localhost:8083, order=0, metadata={}}, RouteDefinition{id='email-service', predicates=[PredicateDefinition{name='Path', args={_genkey_0=/api/emails/**}}], filters=[FilterDefinition{name='StripPrefix', args={_genkey_0=1}}], uri=http://localhost:8084, order=0, metadata={}}, RouteDefinition{id='template-service', predicates=[PredicateDefinition{name='Path', args={_genkey_0=/api/templates/**}}], filters=[FilterDefinition{name='StripPrefix', args={_genkey_0=1}}], uri=http://localhost:8085, order=0, metadata={}}]
2025-08-05 00:47:26.960  INFO 34776 --- [main] o.s.c.g.r.RouteDefinitionRouteLocator    : Loaded RoutePredicateFactory [After]
2025-08-05 00:47:26.962  INFO 34776 --- [main] o.s.c.g.r.RouteDefinitionRouteLocator    : Loaded RoutePredicateFactory [Before]
2025-08-05 00:47:26.962  INFO 34776 --- [main] o.s.c.g.r.RouteDefinitionRouteLocator    : Loaded RoutePredicateFactory [Between]
2025-08-05 00:47:26.963  INFO 34776 --- [main] o.s.c.g.r.RouteDefinitionRouteLocator    : Loaded RoutePredicateFactory [Cookie]
2025-08-05 00:47:26.964  INFO 34776 --- [main] o.s.c.g.r.RouteDefinitionRouteLocator    : Loaded RoutePredicateFactory [Header]
2025-08-05 00:47:26.964  INFO 34776 --- [main] o.s.c.g.r.RouteDefinitionRouteLocator    : Loaded RoutePredicateFactory [Host]
2025-08-05 00:47:26.965  INFO 34776 --- [main] o.s.c.g.r.RouteDefinitionRouteLocator    : Loaded RoutePredicateFactory [Method]
2025-08-05 00:47:26.965  INFO 34776 --- [main] o.s.c.g.r.RouteDefinitionRouteLocator    : Loaded RoutePredicateFactory [Path]
2025-08-05 00:47:26.966  INFO 34776 --- [main] o.s.c.g.r.RouteDefinitionRouteLocator    : Loaded RoutePredicateFactory [Query]
2025-08-05 00:47:26.966  INFO 34776 --- [main] o.s.c.g.r.RouteDefinitionRouteLocator    : Loaded RoutePredicateFactory [ReadBody]
2025-08-05 00:47:26.966  INFO 34776 --- [main] o.s.c.g.r.RouteDefinitionRouteLocator    : Loaded RoutePredicateFactory [RemoteAddr]
2025-08-05 00:47:26.966  INFO 34776 --- [main] o.s.c.g.r.RouteDefinitionRouteLocator    : Loaded RoutePredicateFactory [XForwardedRemoteAddr]
2025-08-05 00:47:26.967  INFO 34776 --- [main] o.s.c.g.r.RouteDefinitionRouteLocator    : Loaded RoutePredicateFactory [Weight]
2025-08-05 00:47:26.967  INFO 34776 --- [main] o.s.c.g.r.RouteDefinitionRouteLocator    : Loaded RoutePredicateFactory [CloudFoundryRouteService]
2025-08-05 00:47:28.006  INFO 34776 --- [main] o.s.b.web.embedded.netty.NettyWebServer  : Netty started on port 8080
2025-08-05 00:47:29.051 DEBUG 34776 --- [main] o.s.c.g.r.RouteDefinitionRouteLocator    : RouteDefinition user-service applying {_genkey_0=/api/users/**} to Path
2025-08-05 00:47:29.078 DEBUG 34776 --- [main] o.s.c.g.r.RouteDefinitionRouteLocator    : RouteDefinition user-service applying filter {_genkey_0=1} to StripPrefix
2025-08-05 00:47:29.086 DEBUG 34776 --- [main] o.s.c.g.r.RouteDefinitionRouteLocator    : RouteDefinition matched: user-service
2025-08-05 00:47:29.086 DEBUG 34776 --- [main] o.s.c.g.r.RouteDefinitionRouteLocator    : RouteDefinition contact-service applying {_genkey_0=/api/contacts/**} to Path
2025-08-05 00:47:29.088 DEBUG 34776 --- [main] o.s.c.g.r.RouteDefinitionRouteLocator    : RouteDefinition contact-service applying filter {_genkey_0=1} to StripPrefix
2025-08-05 00:47:29.090 DEBUG 34776 --- [main] o.s.c.g.r.RouteDefinitionRouteLocator    : RouteDefinition matched: contact-service
2025-08-05 00:47:29.091 DEBUG 34776 --- [main] o.s.c.g.r.RouteDefinitionRouteLocator    : RouteDefinition campaign-service applying {_genkey_0=/api/campaigns/**} to Path
2025-08-05 00:47:29.092 DEBUG 34776 --- [main] o.s.c.g.r.RouteDefinitionRouteLocator    : RouteDefinition campaign-service applying filter {_genkey_0=1} to StripPrefix
2025-08-05 00:47:29.093 DEBUG 34776 --- [main] o.s.c.g.r.RouteDefinitionRouteLocator    : RouteDefinition matched: campaign-service
2025-08-05 00:47:29.094 DEBUG 34776 --- [main] o.s.c.g.r.RouteDefinitionRouteLocator    : RouteDefinition email-service applying {_genkey_0=/api/emails/**} to Path
2025-08-05 00:47:29.096 DEBUG 34776 --- [main] o.s.c.g.r.RouteDefinitionRouteLocator    : RouteDefinition email-service applying filter {_genkey_0=1} to StripPrefix
2025-08-05 00:47:29.097 DEBUG 34776 --- [main] o.s.c.g.r.RouteDefinitionRouteLocator    : RouteDefinition matched: email-service
2025-08-05 00:47:29.098 DEBUG 34776 --- [main] o.s.c.g.r.RouteDefinitionRouteLocator    : RouteDefinition template-service applying {_genkey_0=/api/templates/**} to Path
2025-08-05 00:47:29.099 DEBUG 34776 --- [main] o.s.c.g.r.RouteDefinitionRouteLocator    : RouteDefinition template-service applying filter {_genkey_0=1} to StripPrefix
2025-08-05 00:47:29.100 DEBUG 34776 --- [main] o.s.c.g.r.RouteDefinitionRouteLocator    : RouteDefinition matched: template-service
2025-08-05 00:47:29.114  INFO 34776 --- [main] c.c.m.gateway.ApiGatewayApplication      : Started ApiGatewayApplication in 7.001 seconds (JVM running for 7.5)
2025-08-05 00:47:59.564 DEBUG 34776 --- [parallel-3] o.s.c.g.h.RoutePredicateHandlerMapping   : Route matched: email-service
2025-08-05 00:47:59.566 DEBUG 34776 --- [parallel-3] o.s.c.g.h.RoutePredicateHandlerMapping   : Mapping [Exchange: GET http://localhost:8080/api/emails] to Route{id='email-service', uri=http://localhost:8084, order=0, predicate=Paths: [/api/emails/**], match trailing slash: true, gatewayFilters=[], metadata={}}
2025-08-05 00:47:59.568 DEBUG 34776 --- [parallel-3] o.s.c.g.h.RoutePredicateHandlerMapping   : [77a1632c-3] Mapped to org.springframework.cloud.gateway.handler.FilteringWebHandler@7f7635ed
2025-08-05 00:47:59.569 DEBUG 34776 --- [parallel-3] o.s.c.g.handler.FilteringWebHandler      : Sorted gatewayFilterFactories: [[GatewayFilterAdapter{delegate=org.springframework.cloud.gateway.filter.RemoveCachedBodyFilter@7c211fd0}, order = -2147483648], [GatewayFilterAdapter{delegate=org.springframework.cloud.gateway.filter.AdaptCachedBodyGlobalFilter@6b580b88}, order = -2147482648], [GatewayFilterAdapter{delegate=org.springframework.cloud.gateway.filter.NettyWriteResponseFilter@cda0432}, order = -1], [GatewayFilterAdapter{delegate=org.springframework.cloud.gateway.filter.ForwardPathFilter@71a3a190}, order = 0], [GatewayFilterAdapter{delegate=org.springframework.cloud.gateway.filter.RouteToRequestUrlFilter@7004e3d}, order = 10000], [GatewayFilterAdapter{delegate=org.springframework.cloud.gateway.config.GatewayNoLoadBalancerClientAutoConfiguration$NoLoadBalancerClientFilter@7c28c1}, order = 10150], [GatewayFilterAdapter{delegate=org.springframework.cloud.gateway.filter.WebsocketRoutingFilter@588ffeb}, order = 2147483646], [GatewayFilterAdapter{delegate=org.springframework.cloud.gateway.filter.NettyRoutingFilter@27f1bbe0}, order = 2147483647], [GatewayFilterAdapter{delegate=org.springframework.cloud.gateway.filter.ForwardRoutingFilter@2d84cb86}, order = 2147483647]]
2025-08-05 00:48:03.794 DEBUG 34776 --- [parallel-5] o.s.c.g.h.RoutePredicateHandlerMapping   : Route matched: email-service
2025-08-05 00:48:03.795 DEBUG 34776 --- [parallel-5] o.s.c.g.h.RoutePredicateHandlerMapping   : Mapping [Exchange: GET http://localhost:8080/api/emails] to Route{id='email-service', uri=http://localhost:8084, order=0, predicate=Paths: [/api/emails/**], match trailing slash: true, gatewayFilters=[], metadata={}}
2025-08-05 00:48:03.800 DEBUG 34776 --- [parallel-5] o.s.c.g.h.RoutePredicateHandlerMapping   : [77a1632c-5] Mapped to org.springframework.cloud.gateway.handler.FilteringWebHandler@7f7635ed
2025-08-05 00:48:03.801 DEBUG 34776 --- [parallel-5] o.s.c.g.handler.FilteringWebHandler      : Sorted gatewayFilterFactories: [[GatewayFilterAdapter{delegate=org.springframework.cloud.gateway.filter.RemoveCachedBodyFilter@7c211fd0}, order = -2147483648], [GatewayFilterAdapter{delegate=org.springframework.cloud.gateway.filter.AdaptCachedBodyGlobalFilter@6b580b88}, order = -2147482648], [GatewayFilterAdapter{delegate=org.springframework.cloud.gateway.filter.NettyWriteResponseFilter@cda0432}, order = -1], [GatewayFilterAdapter{delegate=org.springframework.cloud.gateway.filter.ForwardPathFilter@71a3a190}, order = 0], [GatewayFilterAdapter{delegate=org.springframework.cloud.gateway.filter.RouteToRequestUrlFilter@7004e3d}, order = 10000], [GatewayFilterAdapter{delegate=org.springframework.cloud.gateway.config.GatewayNoLoadBalancerClientAutoConfiguration$NoLoadBalancerClientFilter@7c28c1}, order = 10150], [GatewayFilterAdapter{delegate=org.springframework.cloud.gateway.filter.WebsocketRoutingFilter@588ffeb}, order = 2147483646], [GatewayFilterAdapter{delegate=org.springframework.cloud.gateway.filter.NettyRoutingFilter@27f1bbe0}, order = 2147483647], [GatewayFilterAdapter{delegate=org.springframework.cloud.gateway.filter.ForwardRoutingFilter@2d84cb86}, order = 2147483647]]
2025-08-05 00:48:05.334 DEBUG 34776 --- [parallel-6] o.s.c.g.h.RoutePredicateHandlerMapping   : Route matched: email-service
2025-08-05 00:48:05.335 DEBUG 34776 --- [parallel-6] o.s.c.g.h.RoutePredicateHandlerMapping   : Mapping [Exchange: GET http://localhost:8080/api/emails] to Route{id='email-service', uri=http://localhost:8084, order=0, predicate=Paths: [/api/emails/**], match trailing slash: true, gatewayFilters=[], metadata={}}
2025-08-05 00:48:05.335 DEBUG 34776 --- [parallel-6] o.s.c.g.h.RoutePredicateHandlerMapping   : [77a1632c-6] Mapped to org.springframework.cloud.gateway.handler.FilteringWebHandler@7f7635ed
2025-08-05 00:48:05.336 DEBUG 34776 --- [parallel-6] o.s.c.g.handler.FilteringWebHandler      : Sorted gatewayFilterFactories: [[GatewayFilterAdapter{delegate=org.springframework.cloud.gateway.filter.RemoveCachedBodyFilter@7c211fd0}, order = -2147483648], [GatewayFilterAdapter{delegate=org.springframework.cloud.gateway.filter.AdaptCachedBodyGlobalFilter@6b580b88}, order = -2147482648], [GatewayFilterAdapter{delegate=org.springframework.cloud.gateway.filter.NettyWriteResponseFilter@cda0432}, order = -1], [GatewayFilterAdapter{delegate=org.springframework.cloud.gateway.filter.ForwardPathFilter@71a3a190}, order = 0], [GatewayFilterAdapter{delegate=org.springframework.cloud.gateway.filter.RouteToRequestUrlFilter@7004e3d}, order = 10000], [GatewayFilterAdapter{delegate=org.springframework.cloud.gateway.config.GatewayNoLoadBalancerClientAutoConfiguration$NoLoadBalancerClientFilter@7c28c1}, order = 10150], [GatewayFilterAdapter{delegate=org.springframework.cloud.gateway.filter.WebsocketRoutingFilter@588ffeb}, order = 2147483646], [GatewayFilterAdapter{delegate=org.springframework.cloud.gateway.filter.NettyRoutingFilter@27f1bbe0}, order = 2147483647], [GatewayFilterAdapter{delegate=org.springframework.cloud.gateway.filter.ForwardRoutingFilter@2d84cb86}, order = 2147483647]]
2025-08-05 00:48:06.412 DEBUG 34776 --- [parallel-7] o.s.c.g.h.RoutePredicateHandlerMapping   : Route matched: email-service
2025-08-05 00:48:06.413 DEBUG 34776 --- [parallel-7] o.s.c.g.h.RoutePredicateHandlerMapping   : Mapping [Exchange: GET http://localhost:8080/api/emails] to Route{id='email-service', uri=http://localhost:8084, order=0, predicate=Paths: [/api/emails/**], match trailing slash: true, gatewayFilters=[], metadata={}}
2025-08-05 00:48:06.413 DEBUG 34776 --- [parallel-7] o.s.c.g.h.RoutePredicateHandlerMapping   : [77a1632c-7] Mapped to org.springframework.cloud.gateway.handler.FilteringWebHandler@7f7635ed
2025-08-05 00:48:06.414 DEBUG 34776 --- [parallel-7] o.s.c.g.handler.FilteringWebHandler      : Sorted gatewayFilterFactories: [[GatewayFilterAdapter{delegate=org.springframework.cloud.gateway.filter.RemoveCachedBodyFilter@7c211fd0}, order = -2147483648], [GatewayFilterAdapter{delegate=org.springframework.cloud.gateway.filter.AdaptCachedBodyGlobalFilter@6b580b88}, order = -2147482648], [GatewayFilterAdapter{delegate=org.springframework.cloud.gateway.filter.NettyWriteResponseFilter@cda0432}, order = -1], [GatewayFilterAdapter{delegate=org.springframework.cloud.gateway.filter.ForwardPathFilter@71a3a190}, order = 0], [GatewayFilterAdapter{delegate=org.springframework.cloud.gateway.filter.RouteToRequestUrlFilter@7004e3d}, order = 10000], [GatewayFilterAdapter{delegate=org.springframework.cloud.gateway.config.GatewayNoLoadBalancerClientAutoConfiguration$NoLoadBalancerClientFilter@7c28c1}, order = 10150], [GatewayFilterAdapter{delegate=org.springframework.cloud.gateway.filter.WebsocketRoutingFilter@588ffeb}, order = 2147483646], [GatewayFilterAdapter{delegate=org.springframework.cloud.gateway.filter.NettyRoutingFilter@27f1bbe0}, order = 2147483647], [GatewayFilterAdapter{delegate=org.springframework.cloud.gateway.filter.ForwardRoutingFilter@2d84cb86}, order = 2147483647]]
2025-08-05 16:54:39.618  INFO 30396 --- [main] c.c.m.gateway.ApiGatewayApplication      : Starting ApiGatewayApplication using Java 11.0.27 on jcbodero1-ti with PID 30396 (C:\SOURCE\bundle-correos-masivos\apigateway\api-gateway\target\api-gateway-1.0.0-SNAPSHOT.jar started by jcbodero in C:\SOURCE\bundle-correos-masivos\setup)
2025-08-05 16:54:39.627  INFO 30396 --- [main] c.c.m.gateway.ApiGatewayApplication      : The following 1 profile is active: "dev"
2025-08-05 16:54:40.396  INFO 30396 --- [main] .s.d.r.c.RepositoryConfigurationDelegate : Multiple Spring Data modules found, entering strict repository configuration mode
2025-08-05 16:54:40.401  INFO 30396 --- [main] .s.d.r.c.RepositoryConfigurationDelegate : Bootstrapping Spring Data Redis repositories in DEFAULT mode.
2025-08-05 16:54:40.417  INFO 30396 --- [main] .s.d.r.c.RepositoryConfigurationDelegate : Finished Spring Data repository scanning in 5 ms. Found 0 Redis repository interfaces.
2025-08-05 16:54:40.635  INFO 30396 --- [main] o.s.cloud.context.scope.GenericScope     : BeanFactory id=68377bb2-b587-3587-a0c1-dd6534b2b7ec
2025-08-05 16:54:43.835 DEBUG 30396 --- [main] o.s.c.gateway.config.GatewayProperties   : Routes supplied from Gateway Properties: [RouteDefinition{id='user-service', predicates=[PredicateDefinition{name='Path', args={_genkey_0=/api/users/**}}], filters=[FilterDefinition{name='StripPrefix', args={_genkey_0=1}}], uri=http://localhost:8081, order=0, metadata={}}, RouteDefinition{id='contact-service', predicates=[PredicateDefinition{name='Path', args={_genkey_0=/api/contacts/**}}], filters=[FilterDefinition{name='StripPrefix', args={_genkey_0=1}}], uri=http://localhost:8082, order=0, metadata={}}, RouteDefinition{id='campaign-service', predicates=[PredicateDefinition{name='Path', args={_genkey_0=/api/campaigns/**}}], filters=[FilterDefinition{name='StripPrefix', args={_genkey_0=1}}], uri=http://localhost:8083, order=0, metadata={}}, RouteDefinition{id='email-service', predicates=[PredicateDefinition{name='Path', args={_genkey_0=/api/emails/**}}], filters=[FilterDefinition{name='StripPrefix', args={_genkey_0=1}}], uri=http://localhost:8084, order=0, metadata={}}, RouteDefinition{id='template-service', predicates=[PredicateDefinition{name='Path', args={_genkey_0=/api/templates/**}}], filters=[FilterDefinition{name='StripPrefix', args={_genkey_0=1}}], uri=http://localhost:8085, order=0, metadata={}}]
2025-08-05 16:54:44.081  INFO 30396 --- [main] o.s.c.g.r.RouteDefinitionRouteLocator    : Loaded RoutePredicateFactory [After]
2025-08-05 16:54:44.081  INFO 30396 --- [main] o.s.c.g.r.RouteDefinitionRouteLocator    : Loaded RoutePredicateFactory [Before]
2025-08-05 16:54:44.083  INFO 30396 --- [main] o.s.c.g.r.RouteDefinitionRouteLocator    : Loaded RoutePredicateFactory [Between]
2025-08-05 16:54:44.083  INFO 30396 --- [main] o.s.c.g.r.RouteDefinitionRouteLocator    : Loaded RoutePredicateFactory [Cookie]
2025-08-05 16:54:44.084  INFO 30396 --- [main] o.s.c.g.r.RouteDefinitionRouteLocator    : Loaded RoutePredicateFactory [Header]
2025-08-05 16:54:44.084  INFO 30396 --- [main] o.s.c.g.r.RouteDefinitionRouteLocator    : Loaded RoutePredicateFactory [Host]
2025-08-05 16:54:44.084  INFO 30396 --- [main] o.s.c.g.r.RouteDefinitionRouteLocator    : Loaded RoutePredicateFactory [Method]
2025-08-05 16:54:44.084  INFO 30396 --- [main] o.s.c.g.r.RouteDefinitionRouteLocator    : Loaded RoutePredicateFactory [Path]
2025-08-05 16:54:44.084  INFO 30396 --- [main] o.s.c.g.r.RouteDefinitionRouteLocator    : Loaded RoutePredicateFactory [Query]
2025-08-05 16:54:44.087  INFO 30396 --- [main] o.s.c.g.r.RouteDefinitionRouteLocator    : Loaded RoutePredicateFactory [ReadBody]
2025-08-05 16:54:44.087  INFO 30396 --- [main] o.s.c.g.r.RouteDefinitionRouteLocator    : Loaded RoutePredicateFactory [RemoteAddr]
2025-08-05 16:54:44.087  INFO 30396 --- [main] o.s.c.g.r.RouteDefinitionRouteLocator    : Loaded RoutePredicateFactory [XForwardedRemoteAddr]
2025-08-05 16:54:44.087  INFO 30396 --- [main] o.s.c.g.r.RouteDefinitionRouteLocator    : Loaded RoutePredicateFactory [Weight]
2025-08-05 16:54:44.087  INFO 30396 --- [main] o.s.c.g.r.RouteDefinitionRouteLocator    : Loaded RoutePredicateFactory [CloudFoundryRouteService]
2025-08-05 16:54:45.387  INFO 30396 --- [main] o.s.b.web.embedded.netty.NettyWebServer  : Netty started on port 8080
2025-08-05 16:54:46.853 DEBUG 30396 --- [main] o.s.c.g.r.RouteDefinitionRouteLocator    : RouteDefinition user-service applying {_genkey_0=/api/users/**} to Path
2025-08-05 16:54:46.885 DEBUG 30396 --- [main] o.s.c.g.r.RouteDefinitionRouteLocator    : RouteDefinition user-service applying filter {_genkey_0=1} to StripPrefix
2025-08-05 16:54:46.901 DEBUG 30396 --- [main] o.s.c.g.r.RouteDefinitionRouteLocator    : RouteDefinition matched: user-service
2025-08-05 16:54:46.905 DEBUG 30396 --- [main] o.s.c.g.r.RouteDefinitionRouteLocator    : RouteDefinition contact-service applying {_genkey_0=/api/contacts/**} to Path
2025-08-05 16:54:46.910 DEBUG 30396 --- [main] o.s.c.g.r.RouteDefinitionRouteLocator    : RouteDefinition contact-service applying filter {_genkey_0=1} to StripPrefix
2025-08-05 16:54:46.914 DEBUG 30396 --- [main] o.s.c.g.r.RouteDefinitionRouteLocator    : RouteDefinition matched: contact-service
2025-08-05 16:54:46.915 DEBUG 30396 --- [main] o.s.c.g.r.RouteDefinitionRouteLocator    : RouteDefinition campaign-service applying {_genkey_0=/api/campaigns/**} to Path
2025-08-05 16:54:46.917 DEBUG 30396 --- [main] o.s.c.g.r.RouteDefinitionRouteLocator    : RouteDefinition campaign-service applying filter {_genkey_0=1} to StripPrefix
2025-08-05 16:54:46.919 DEBUG 30396 --- [main] o.s.c.g.r.RouteDefinitionRouteLocator    : RouteDefinition matched: campaign-service
2025-08-05 16:54:46.921 DEBUG 30396 --- [main] o.s.c.g.r.RouteDefinitionRouteLocator    : RouteDefinition email-service applying {_genkey_0=/api/emails/**} to Path
2025-08-05 16:54:46.923 DEBUG 30396 --- [main] o.s.c.g.r.RouteDefinitionRouteLocator    : RouteDefinition email-service applying filter {_genkey_0=1} to StripPrefix
2025-08-05 16:54:46.926 DEBUG 30396 --- [main] o.s.c.g.r.RouteDefinitionRouteLocator    : RouteDefinition matched: email-service
2025-08-05 16:54:46.930 DEBUG 30396 --- [main] o.s.c.g.r.RouteDefinitionRouteLocator    : RouteDefinition template-service applying {_genkey_0=/api/templates/**} to Path
2025-08-05 16:54:46.933 DEBUG 30396 --- [main] o.s.c.g.r.RouteDefinitionRouteLocator    : RouteDefinition template-service applying filter {_genkey_0=1} to StripPrefix
2025-08-05 16:54:46.937 DEBUG 30396 --- [main] o.s.c.g.r.RouteDefinitionRouteLocator    : RouteDefinition matched: template-service
2025-08-05 16:54:46.951  INFO 30396 --- [main] c.c.m.gateway.ApiGatewayApplication      : Started ApiGatewayApplication in 8.848 seconds (JVM running for 9.426)
2025-08-05 16:55:21.480 DEBUG 30396 --- [parallel-3] o.s.c.g.h.RoutePredicateHandlerMapping   : Route matched: user-service
2025-08-05 16:55:21.492 DEBUG 30396 --- [parallel-3] o.s.c.g.h.RoutePredicateHandlerMapping   : Mapping [Exchange: GET http://localhost:8080/api/users/health] to Route{id='user-service', uri=http://localhost:8081, order=0, predicate=Paths: [/api/users/**], match trailing slash: true, gatewayFilters=[], metadata={}}
2025-08-05 16:55:21.492 DEBUG 30396 --- [parallel-3] o.s.c.g.h.RoutePredicateHandlerMapping   : [7c47db3e-3] Mapped to org.springframework.cloud.gateway.handler.FilteringWebHandler@20b409b2
2025-08-05 16:55:21.492 DEBUG 30396 --- [parallel-3] o.s.c.g.handler.FilteringWebHandler      : Sorted gatewayFilterFactories: [[GatewayFilterAdapter{delegate=org.springframework.cloud.gateway.filter.RemoveCachedBodyFilter@baf1bb3}, order = -2147483648], [GatewayFilterAdapter{delegate=org.springframework.cloud.gateway.filter.AdaptCachedBodyGlobalFilter@1a5b8489}, order = -2147482648], [GatewayFilterAdapter{delegate=org.springframework.cloud.gateway.filter.NettyWriteResponseFilter@7c28c1}, order = -1], [GatewayFilterAdapter{delegate=org.springframework.cloud.gateway.filter.ForwardPathFilter@4482469c}, order = 0], [GatewayFilterAdapter{delegate=org.springframework.cloud.gateway.filter.RouteToRequestUrlFilter@67ec8477}, order = 10000], [GatewayFilterAdapter{delegate=org.springframework.cloud.gateway.config.GatewayNoLoadBalancerClientAutoConfiguration$NoLoadBalancerClientFilter@34cf5a97}, order = 10150], [GatewayFilterAdapter{delegate=org.springframework.cloud.gateway.filter.WebsocketRoutingFilter@3703bf3c}, order = 2147483646], [GatewayFilterAdapter{delegate=org.springframework.cloud.gateway.filter.NettyRoutingFilter@588ffeb}, order = 2147483647], [GatewayFilterAdapter{delegate=org.springframework.cloud.gateway.filter.ForwardRoutingFilter@25d958c6}, order = 2147483647]]
2025-08-05 16:59:09.210 DEBUG 30396 --- [parallel-9] o.s.c.g.h.RoutePredicateHandlerMapping   : Route matched: email-service
2025-08-05 16:59:09.212 DEBUG 30396 --- [parallel-9] o.s.c.g.h.RoutePredicateHandlerMapping   : Mapping [Exchange: GET http://localhost:8080/api/emails] to Route{id='email-service', uri=http://localhost:8084, order=0, predicate=Paths: [/api/emails/**], match trailing slash: true, gatewayFilters=[], metadata={}}
2025-08-05 16:59:09.214 DEBUG 30396 --- [parallel-9] o.s.c.g.h.RoutePredicateHandlerMapping   : [66a6b6e3-21] Mapped to org.springframework.cloud.gateway.handler.FilteringWebHandler@20b409b2
2025-08-05 16:59:09.217 DEBUG 30396 --- [parallel-9] o.s.c.g.handler.FilteringWebHandler      : Sorted gatewayFilterFactories: [[GatewayFilterAdapter{delegate=org.springframework.cloud.gateway.filter.RemoveCachedBodyFilter@baf1bb3}, order = -2147483648], [GatewayFilterAdapter{delegate=org.springframework.cloud.gateway.filter.AdaptCachedBodyGlobalFilter@1a5b8489}, order = -2147482648], [GatewayFilterAdapter{delegate=org.springframework.cloud.gateway.filter.NettyWriteResponseFilter@7c28c1}, order = -1], [GatewayFilterAdapter{delegate=org.springframework.cloud.gateway.filter.ForwardPathFilter@4482469c}, order = 0], [GatewayFilterAdapter{delegate=org.springframework.cloud.gateway.filter.RouteToRequestUrlFilter@67ec8477}, order = 10000], [GatewayFilterAdapter{delegate=org.springframework.cloud.gateway.config.GatewayNoLoadBalancerClientAutoConfiguration$NoLoadBalancerClientFilter@34cf5a97}, order = 10150], [GatewayFilterAdapter{delegate=org.springframework.cloud.gateway.filter.WebsocketRoutingFilter@3703bf3c}, order = 2147483646], [GatewayFilterAdapter{delegate=org.springframework.cloud.gateway.filter.NettyRoutingFilter@588ffeb}, order = 2147483647], [GatewayFilterAdapter{delegate=org.springframework.cloud.gateway.filter.ForwardRoutingFilter@25d958c6}, order = 2147483647]]
2025-08-05 16:59:14.111 DEBUG 30396 --- [parallel-10] o.s.c.g.h.RoutePredicateHandlerMapping   : Route matched: email-service
2025-08-05 16:59:14.112 DEBUG 30396 --- [parallel-10] o.s.c.g.h.RoutePredicateHandlerMapping   : Mapping [Exchange: GET http://localhost:8080/api/emails] to Route{id='email-service', uri=http://localhost:8084, order=0, predicate=Paths: [/api/emails/**], match trailing slash: true, gatewayFilters=[], metadata={}}
2025-08-05 16:59:14.113 DEBUG 30396 --- [parallel-10] o.s.c.g.h.RoutePredicateHandlerMapping   : [66a6b6e3-22] Mapped to org.springframework.cloud.gateway.handler.FilteringWebHandler@20b409b2
2025-08-05 16:59:14.114 DEBUG 30396 --- [parallel-10] o.s.c.g.handler.FilteringWebHandler      : Sorted gatewayFilterFactories: [[GatewayFilterAdapter{delegate=org.springframework.cloud.gateway.filter.RemoveCachedBodyFilter@baf1bb3}, order = -2147483648], [GatewayFilterAdapter{delegate=org.springframework.cloud.gateway.filter.AdaptCachedBodyGlobalFilter@1a5b8489}, order = -2147482648], [GatewayFilterAdapter{delegate=org.springframework.cloud.gateway.filter.NettyWriteResponseFilter@7c28c1}, order = -1], [GatewayFilterAdapter{delegate=org.springframework.cloud.gateway.filter.ForwardPathFilter@4482469c}, order = 0], [GatewayFilterAdapter{delegate=org.springframework.cloud.gateway.filter.RouteToRequestUrlFilter@67ec8477}, order = 10000], [GatewayFilterAdapter{delegate=org.springframework.cloud.gateway.config.GatewayNoLoadBalancerClientAutoConfiguration$NoLoadBalancerClientFilter@34cf5a97}, order = 10150], [GatewayFilterAdapter{delegate=org.springframework.cloud.gateway.filter.WebsocketRoutingFilter@3703bf3c}, order = 2147483646], [GatewayFilterAdapter{delegate=org.springframework.cloud.gateway.filter.NettyRoutingFilter@588ffeb}, order = 2147483647], [GatewayFilterAdapter{delegate=org.springframework.cloud.gateway.filter.ForwardRoutingFilter@25d958c6}, order = 2147483647]]
2025-08-05 17:04:05.118  INFO 30280 --- [main] c.c.m.gateway.ApiGatewayApplication      : Starting ApiGatewayApplication using Java 11.0.27 on jcbodero1-ti with PID 30280 (C:\SOURCE\bundle-correos-masivos\apigateway\api-gateway\target\api-gateway-1.0.0-SNAPSHOT.jar started by jcbodero in c:\SOURCE\bundle-correos-masivos\setup)
2025-08-05 17:04:05.212  INFO 30280 --- [main] c.c.m.gateway.ApiGatewayApplication      : The following 1 profile is active: "dev"
2025-08-05 17:04:08.819  INFO 30280 --- [main] .s.d.r.c.RepositoryConfigurationDelegate : Multiple Spring Data modules found, entering strict repository configuration mode
2025-08-05 17:04:08.864  INFO 30280 --- [main] .s.d.r.c.RepositoryConfigurationDelegate : Bootstrapping Spring Data Redis repositories in DEFAULT mode.
2025-08-05 17:04:08.957  INFO 30280 --- [main] .s.d.r.c.RepositoryConfigurationDelegate : Finished Spring Data repository scanning in 21 ms. Found 0 Redis repository interfaces.
2025-08-05 17:04:09.814  INFO 30280 --- [main] o.s.cloud.context.scope.GenericScope     : BeanFactory id=68377bb2-b587-3587-a0c1-dd6534b2b7ec
2025-08-05 17:04:26.479 DEBUG 30280 --- [main] o.s.c.gateway.config.GatewayProperties   : Routes supplied from Gateway Properties: [RouteDefinition{id='user-service', predicates=[PredicateDefinition{name='Path', args={_genkey_0=/api/users/**}}], filters=[FilterDefinition{name='StripPrefix', args={_genkey_0=1}}], uri=http://localhost:8081, order=0, metadata={}}, RouteDefinition{id='contact-service', predicates=[PredicateDefinition{name='Path', args={_genkey_0=/api/contacts/**}}], filters=[FilterDefinition{name='StripPrefix', args={_genkey_0=1}}], uri=http://localhost:8082, order=0, metadata={}}, RouteDefinition{id='campaign-service', predicates=[PredicateDefinition{name='Path', args={_genkey_0=/api/campaigns/**}}], filters=[FilterDefinition{name='StripPrefix', args={_genkey_0=1}}], uri=http://localhost:8083, order=0, metadata={}}, RouteDefinition{id='email-service', predicates=[PredicateDefinition{name='Path', args={_genkey_0=/api/emails/**}}], filters=[FilterDefinition{name='StripPrefix', args={_genkey_0=1}}], uri=http://localhost:8084, order=0, metadata={}}, RouteDefinition{id='template-service', predicates=[PredicateDefinition{name='Path', args={_genkey_0=/api/templates/**}}], filters=[FilterDefinition{name='StripPrefix', args={_genkey_0=1}}], uri=http://localhost:8085, order=0, metadata={}}]
2025-08-05 17:04:27.063  INFO 30280 --- [main] o.s.c.g.r.RouteDefinitionRouteLocator    : Loaded RoutePredicateFactory [After]
2025-08-05 17:04:27.067  INFO 30280 --- [main] o.s.c.g.r.RouteDefinitionRouteLocator    : Loaded RoutePredicateFactory [Before]
2025-08-05 17:04:27.069  INFO 30280 --- [main] o.s.c.g.r.RouteDefinitionRouteLocator    : Loaded RoutePredicateFactory [Between]
2025-08-05 17:04:27.070  INFO 30280 --- [main] o.s.c.g.r.RouteDefinitionRouteLocator    : Loaded RoutePredicateFactory [Cookie]
2025-08-05 17:04:27.072  INFO 30280 --- [main] o.s.c.g.r.RouteDefinitionRouteLocator    : Loaded RoutePredicateFactory [Header]
2025-08-05 17:04:27.079  INFO 30280 --- [main] o.s.c.g.r.RouteDefinitionRouteLocator    : Loaded RoutePredicateFactory [Host]
2025-08-05 17:04:27.084  INFO 30280 --- [main] o.s.c.g.r.RouteDefinitionRouteLocator    : Loaded RoutePredicateFactory [Method]
2025-08-05 17:04:27.088  INFO 30280 --- [main] o.s.c.g.r.RouteDefinitionRouteLocator    : Loaded RoutePredicateFactory [Path]
2025-08-05 17:04:27.091  INFO 30280 --- [main] o.s.c.g.r.RouteDefinitionRouteLocator    : Loaded RoutePredicateFactory [Query]
2025-08-05 17:04:27.093  INFO 30280 --- [main] o.s.c.g.r.RouteDefinitionRouteLocator    : Loaded RoutePredicateFactory [ReadBody]
2025-08-05 17:04:27.097  INFO 30280 --- [main] o.s.c.g.r.RouteDefinitionRouteLocator    : Loaded RoutePredicateFactory [RemoteAddr]
2025-08-05 17:04:27.101  INFO 30280 --- [main] o.s.c.g.r.RouteDefinitionRouteLocator    : Loaded RoutePredicateFactory [XForwardedRemoteAddr]
2025-08-05 17:04:27.102  INFO 30280 --- [main] o.s.c.g.r.RouteDefinitionRouteLocator    : Loaded RoutePredicateFactory [Weight]
2025-08-05 17:04:27.104  INFO 30280 --- [main] o.s.c.g.r.RouteDefinitionRouteLocator    : Loaded RoutePredicateFactory [CloudFoundryRouteService]
2025-08-05 17:04:29.760  INFO 30280 --- [main] o.s.b.web.embedded.netty.NettyWebServer  : Netty started on port 8080
2025-08-05 17:04:31.409 DEBUG 30280 --- [main] o.s.c.g.r.RouteDefinitionRouteLocator    : RouteDefinition user-service applying {_genkey_0=/api/users/**} to Path
2025-08-05 17:04:31.443 DEBUG 30280 --- [main] o.s.c.g.r.RouteDefinitionRouteLocator    : RouteDefinition user-service applying filter {_genkey_0=1} to StripPrefix
2025-08-05 17:04:31.452 DEBUG 30280 --- [main] o.s.c.g.r.RouteDefinitionRouteLocator    : RouteDefinition matched: user-service
2025-08-05 17:04:31.452 DEBUG 30280 --- [main] o.s.c.g.r.RouteDefinitionRouteLocator    : RouteDefinition contact-service applying {_genkey_0=/api/contacts/**} to Path
2025-08-05 17:04:31.459 DEBUG 30280 --- [main] o.s.c.g.r.RouteDefinitionRouteLocator    : RouteDefinition contact-service applying filter {_genkey_0=1} to StripPrefix
2025-08-05 17:04:31.463 DEBUG 30280 --- [main] o.s.c.g.r.RouteDefinitionRouteLocator    : RouteDefinition matched: contact-service
2025-08-05 17:04:31.464 DEBUG 30280 --- [main] o.s.c.g.r.RouteDefinitionRouteLocator    : RouteDefinition campaign-service applying {_genkey_0=/api/campaigns/**} to Path
2025-08-05 17:04:31.469 DEBUG 30280 --- [main] o.s.c.g.r.RouteDefinitionRouteLocator    : RouteDefinition campaign-service applying filter {_genkey_0=1} to StripPrefix
2025-08-05 17:04:31.471 DEBUG 30280 --- [main] o.s.c.g.r.RouteDefinitionRouteLocator    : RouteDefinition matched: campaign-service
2025-08-05 17:04:31.472 DEBUG 30280 --- [main] o.s.c.g.r.RouteDefinitionRouteLocator    : RouteDefinition email-service applying {_genkey_0=/api/emails/**} to Path
2025-08-05 17:04:31.475 DEBUG 30280 --- [main] o.s.c.g.r.RouteDefinitionRouteLocator    : RouteDefinition email-service applying filter {_genkey_0=1} to StripPrefix
2025-08-05 17:04:31.476 DEBUG 30280 --- [main] o.s.c.g.r.RouteDefinitionRouteLocator    : RouteDefinition matched: email-service
2025-08-05 17:04:31.479 DEBUG 30280 --- [main] o.s.c.g.r.RouteDefinitionRouteLocator    : RouteDefinition template-service applying {_genkey_0=/api/templates/**} to Path
2025-08-05 17:04:31.480 DEBUG 30280 --- [main] o.s.c.g.r.RouteDefinitionRouteLocator    : RouteDefinition template-service applying filter {_genkey_0=1} to StripPrefix
2025-08-05 17:04:31.485 DEBUG 30280 --- [main] o.s.c.g.r.RouteDefinitionRouteLocator    : RouteDefinition matched: template-service
2025-08-05 17:04:31.504  INFO 30280 --- [main] c.c.m.gateway.ApiGatewayApplication      : Started ApiGatewayApplication in 33.139 seconds (JVM running for 34.436)
2025-08-05 17:05:43.483 DEBUG 30280 --- [parallel-6] o.s.c.g.h.RoutePredicateHandlerMapping   : Route matched: user-service
2025-08-05 17:05:43.483 DEBUG 30280 --- [parallel-6] o.s.c.g.h.RoutePredicateHandlerMapping   : Mapping [Exchange: POST http://localhost:8080/api/users/login] to Route{id='user-service', uri=http://localhost:8081, order=0, predicate=Paths: [/api/users/**], match trailing slash: true, gatewayFilters=[], metadata={}}
2025-08-05 17:05:43.490 DEBUG 30280 --- [parallel-6] o.s.c.g.h.RoutePredicateHandlerMapping   : [85880227-6] Mapped to org.springframework.cloud.gateway.handler.FilteringWebHandler@2d129755
2025-08-05 17:05:43.491 DEBUG 30280 --- [parallel-6] o.s.c.g.handler.FilteringWebHandler      : Sorted gatewayFilterFactories: [[GatewayFilterAdapter{delegate=org.springframework.cloud.gateway.filter.RemoveCachedBodyFilter@773bd77b}, order = -2147483648], [GatewayFilterAdapter{delegate=org.springframework.cloud.gateway.filter.AdaptCachedBodyGlobalFilter@11653e3b}, order = -2147482648], [GatewayFilterAdapter{delegate=org.springframework.cloud.gateway.filter.NettyWriteResponseFilter@7808fb9}, order = -1], [GatewayFilterAdapter{delegate=org.springframework.cloud.gateway.filter.ForwardPathFilter@6e6fce47}, order = 0], [GatewayFilterAdapter{delegate=org.springframework.cloud.gateway.filter.RouteToRequestUrlFilter@6b580b88}, order = 10000], [GatewayFilterAdapter{delegate=org.springframework.cloud.gateway.config.GatewayNoLoadBalancerClientAutoConfiguration$NoLoadBalancerClientFilter@6ce90bc5}, order = 10150], [GatewayFilterAdapter{delegate=org.springframework.cloud.gateway.filter.WebsocketRoutingFilter@47c64cfe}, order = 2147483646], [GatewayFilterAdapter{delegate=org.springframework.cloud.gateway.filter.NettyRoutingFilter@4d4960c8}, order = 2147483647], [GatewayFilterAdapter{delegate=org.springframework.cloud.gateway.filter.ForwardRoutingFilter@6d91790b}, order = 2147483647]]
2025-08-05 17:07:26.534 DEBUG 30280 --- [parallel-3] o.s.c.g.h.RoutePredicateHandlerMapping   : Route matched: email-service
2025-08-05 17:07:26.534 DEBUG 30280 --- [parallel-3] o.s.c.g.h.RoutePredicateHandlerMapping   : Mapping [Exchange: POST http://localhost:8080/api/emails/send] to Route{id='email-service', uri=http://localhost:8084, order=0, predicate=Paths: [/api/emails/**], match trailing slash: true, gatewayFilters=[], metadata={}}
2025-08-05 17:07:26.535 DEBUG 30280 --- [parallel-3] o.s.c.g.h.RoutePredicateHandlerMapping   : [12a32c31-15] Mapped to org.springframework.cloud.gateway.handler.FilteringWebHandler@2d129755
2025-08-05 17:07:26.536 DEBUG 30280 --- [parallel-3] o.s.c.g.handler.FilteringWebHandler      : Sorted gatewayFilterFactories: [[GatewayFilterAdapter{delegate=org.springframework.cloud.gateway.filter.RemoveCachedBodyFilter@773bd77b}, order = -2147483648], [GatewayFilterAdapter{delegate=org.springframework.cloud.gateway.filter.AdaptCachedBodyGlobalFilter@11653e3b}, order = -2147482648], [GatewayFilterAdapter{delegate=org.springframework.cloud.gateway.filter.NettyWriteResponseFilter@7808fb9}, order = -1], [GatewayFilterAdapter{delegate=org.springframework.cloud.gateway.filter.ForwardPathFilter@6e6fce47}, order = 0], [GatewayFilterAdapter{delegate=org.springframework.cloud.gateway.filter.RouteToRequestUrlFilter@6b580b88}, order = 10000], [GatewayFilterAdapter{delegate=org.springframework.cloud.gateway.config.GatewayNoLoadBalancerClientAutoConfiguration$NoLoadBalancerClientFilter@6ce90bc5}, order = 10150], [GatewayFilterAdapter{delegate=org.springframework.cloud.gateway.filter.WebsocketRoutingFilter@47c64cfe}, order = 2147483646], [GatewayFilterAdapter{delegate=org.springframework.cloud.gateway.filter.NettyRoutingFilter@4d4960c8}, order = 2147483647], [GatewayFilterAdapter{delegate=org.springframework.cloud.gateway.filter.ForwardRoutingFilter@6d91790b}, order = 2147483647]]
2025-08-05 17:26:20.525  INFO 12700 --- [main] c.c.m.gateway.ApiGatewayApplication      : Starting ApiGatewayApplication using Java 11.0.27 on jcbodero1-ti with PID 12700 (C:\SOURCE\bundle-correos-masivos\apigateway\api-gateway\target\api-gateway-1.0.0-SNAPSHOT.jar started by jcbodero in C:\SOURCE\bundle-correos-masivos\setup)
2025-08-05 17:26:20.536  INFO 12700 --- [main] c.c.m.gateway.ApiGatewayApplication      : The following 1 profile is active: "dev"
2025-08-05 17:26:21.363  INFO 12700 --- [main] .s.d.r.c.RepositoryConfigurationDelegate : Multiple Spring Data modules found, entering strict repository configuration mode
2025-08-05 17:26:21.366  INFO 12700 --- [main] .s.d.r.c.RepositoryConfigurationDelegate : Bootstrapping Spring Data Redis repositories in DEFAULT mode.
2025-08-05 17:26:21.396  INFO 12700 --- [main] .s.d.r.c.RepositoryConfigurationDelegate : Finished Spring Data repository scanning in 6 ms. Found 0 Redis repository interfaces.
2025-08-05 17:26:21.634  INFO 12700 --- [main] o.s.cloud.context.scope.GenericScope     : BeanFactory id=68377bb2-b587-3587-a0c1-dd6534b2b7ec
2025-08-05 17:26:24.633 DEBUG 12700 --- [main] o.s.c.gateway.config.GatewayProperties   : Routes supplied from Gateway Properties: [RouteDefinition{id='user-service', predicates=[PredicateDefinition{name='Path', args={_genkey_0=/api/users/**}}], filters=[FilterDefinition{name='StripPrefix', args={_genkey_0=2}}], uri=http://localhost:8081, order=0, metadata={}}, RouteDefinition{id='contact-service', predicates=[PredicateDefinition{name='Path', args={_genkey_0=/api/contacts/**}}], filters=[FilterDefinition{name='StripPrefix', args={_genkey_0=2}}], uri=http://localhost:8082, order=0, metadata={}}, RouteDefinition{id='campaign-service', predicates=[PredicateDefinition{name='Path', args={_genkey_0=/api/campaigns/**}}], filters=[FilterDefinition{name='StripPrefix', args={_genkey_0=2}}], uri=http://localhost:8083, order=0, metadata={}}, RouteDefinition{id='email-service', predicates=[PredicateDefinition{name='Path', args={_genkey_0=/api/emails/**}}], filters=[FilterDefinition{name='StripPrefix', args={_genkey_0=2}}], uri=http://localhost:8084, order=0, metadata={}}, RouteDefinition{id='template-service', predicates=[PredicateDefinition{name='Path', args={_genkey_0=/api/templates/**}}], filters=[FilterDefinition{name='StripPrefix', args={_genkey_0=2}}], uri=http://localhost:8085, order=0, metadata={}}]
2025-08-05 17:26:24.802  INFO 12700 --- [main] o.s.c.g.r.RouteDefinitionRouteLocator    : Loaded RoutePredicateFactory [After]
2025-08-05 17:26:24.803  INFO 12700 --- [main] o.s.c.g.r.RouteDefinitionRouteLocator    : Loaded RoutePredicateFactory [Before]
2025-08-05 17:26:24.804  INFO 12700 --- [main] o.s.c.g.r.RouteDefinitionRouteLocator    : Loaded RoutePredicateFactory [Between]
2025-08-05 17:26:24.805  INFO 12700 --- [main] o.s.c.g.r.RouteDefinitionRouteLocator    : Loaded RoutePredicateFactory [Cookie]
2025-08-05 17:26:24.805  INFO 12700 --- [main] o.s.c.g.r.RouteDefinitionRouteLocator    : Loaded RoutePredicateFactory [Header]
2025-08-05 17:26:24.806  INFO 12700 --- [main] o.s.c.g.r.RouteDefinitionRouteLocator    : Loaded RoutePredicateFactory [Host]
2025-08-05 17:26:24.806  INFO 12700 --- [main] o.s.c.g.r.RouteDefinitionRouteLocator    : Loaded RoutePredicateFactory [Method]
2025-08-05 17:26:24.808  INFO 12700 --- [main] o.s.c.g.r.RouteDefinitionRouteLocator    : Loaded RoutePredicateFactory [Path]
2025-08-05 17:26:24.808  INFO 12700 --- [main] o.s.c.g.r.RouteDefinitionRouteLocator    : Loaded RoutePredicateFactory [Query]
2025-08-05 17:26:24.809  INFO 12700 --- [main] o.s.c.g.r.RouteDefinitionRouteLocator    : Loaded RoutePredicateFactory [ReadBody]
2025-08-05 17:26:24.812  INFO 12700 --- [main] o.s.c.g.r.RouteDefinitionRouteLocator    : Loaded RoutePredicateFactory [RemoteAddr]
2025-08-05 17:26:24.813  INFO 12700 --- [main] o.s.c.g.r.RouteDefinitionRouteLocator    : Loaded RoutePredicateFactory [XForwardedRemoteAddr]
2025-08-05 17:26:24.813  INFO 12700 --- [main] o.s.c.g.r.RouteDefinitionRouteLocator    : Loaded RoutePredicateFactory [Weight]
2025-08-05 17:26:24.814  INFO 12700 --- [main] o.s.c.g.r.RouteDefinitionRouteLocator    : Loaded RoutePredicateFactory [CloudFoundryRouteService]
2025-08-05 17:26:25.930  INFO 12700 --- [main] o.s.b.web.embedded.netty.NettyWebServer  : Netty started on port 8080
2025-08-05 17:26:27.145 DEBUG 12700 --- [main] o.s.c.g.r.RouteDefinitionRouteLocator    : RouteDefinition user-service applying {_genkey_0=/api/users/**} to Path
2025-08-05 17:26:27.173 DEBUG 12700 --- [main] o.s.c.g.r.RouteDefinitionRouteLocator    : RouteDefinition user-service applying filter {_genkey_0=2} to StripPrefix
2025-08-05 17:26:27.180 DEBUG 12700 --- [main] o.s.c.g.r.RouteDefinitionRouteLocator    : RouteDefinition matched: user-service
2025-08-05 17:26:27.181 DEBUG 12700 --- [main] o.s.c.g.r.RouteDefinitionRouteLocator    : RouteDefinition contact-service applying {_genkey_0=/api/contacts/**} to Path
2025-08-05 17:26:27.184 DEBUG 12700 --- [main] o.s.c.g.r.RouteDefinitionRouteLocator    : RouteDefinition contact-service applying filter {_genkey_0=2} to StripPrefix
2025-08-05 17:26:27.187 DEBUG 12700 --- [main] o.s.c.g.r.RouteDefinitionRouteLocator    : RouteDefinition matched: contact-service
2025-08-05 17:26:27.190 DEBUG 12700 --- [main] o.s.c.g.r.RouteDefinitionRouteLocator    : RouteDefinition campaign-service applying {_genkey_0=/api/campaigns/**} to Path
2025-08-05 17:26:27.193 DEBUG 12700 --- [main] o.s.c.g.r.RouteDefinitionRouteLocator    : RouteDefinition campaign-service applying filter {_genkey_0=2} to StripPrefix
2025-08-05 17:26:27.197 DEBUG 12700 --- [main] o.s.c.g.r.RouteDefinitionRouteLocator    : RouteDefinition matched: campaign-service
2025-08-05 17:26:27.198 DEBUG 12700 --- [main] o.s.c.g.r.RouteDefinitionRouteLocator    : RouteDefinition email-service applying {_genkey_0=/api/emails/**} to Path
2025-08-05 17:26:27.200 DEBUG 12700 --- [main] o.s.c.g.r.RouteDefinitionRouteLocator    : RouteDefinition email-service applying filter {_genkey_0=2} to StripPrefix
2025-08-05 17:26:27.202 DEBUG 12700 --- [main] o.s.c.g.r.RouteDefinitionRouteLocator    : RouteDefinition matched: email-service
2025-08-05 17:26:27.203 DEBUG 12700 --- [main] o.s.c.g.r.RouteDefinitionRouteLocator    : RouteDefinition template-service applying {_genkey_0=/api/templates/**} to Path
2025-08-05 17:26:27.205 DEBUG 12700 --- [main] o.s.c.g.r.RouteDefinitionRouteLocator    : RouteDefinition template-service applying filter {_genkey_0=2} to StripPrefix
2025-08-05 17:26:27.207 DEBUG 12700 --- [main] o.s.c.g.r.RouteDefinitionRouteLocator    : RouteDefinition matched: template-service
2025-08-05 17:26:27.229  INFO 12700 --- [main] c.c.m.gateway.ApiGatewayApplication      : Started ApiGatewayApplication in 8.02 seconds (JVM running for 8.678)
2025-08-05 17:26:35.573 DEBUG 12700 --- [parallel-2] o.s.c.g.h.RoutePredicateHandlerMapping   : Route matched: user-service
2025-08-05 17:26:35.577 DEBUG 12700 --- [parallel-2] o.s.c.g.h.RoutePredicateHandlerMapping   : Mapping [Exchange: POST http://localhost:8080/api/users/login] to Route{id='user-service', uri=http://localhost:8081, order=0, predicate=Paths: [/api/users/**], match trailing slash: true, gatewayFilters=[], metadata={}}
2025-08-05 17:26:35.578 DEBUG 12700 --- [parallel-2] o.s.c.g.h.RoutePredicateHandlerMapping   : [8e0ad7d3-2] Mapped to org.springframework.cloud.gateway.handler.FilteringWebHandler@7ecea773
2025-08-05 17:26:35.580 DEBUG 12700 --- [parallel-2] o.s.c.g.handler.FilteringWebHandler      : Sorted gatewayFilterFactories: [[GatewayFilterAdapter{delegate=org.springframework.cloud.gateway.filter.RemoveCachedBodyFilter@ddf20fd}, order = -2147483648], [GatewayFilterAdapter{delegate=org.springframework.cloud.gateway.filter.AdaptCachedBodyGlobalFilter@7c211fd0}, order = -2147482648], [GatewayFilterAdapter{delegate=org.springframework.cloud.gateway.filter.NettyWriteResponseFilter@5b3f3ba0}, order = -1], [GatewayFilterAdapter{delegate=org.springframework.cloud.gateway.filter.ForwardPathFilter@4b1abd11}, order = 0], [GatewayFilterAdapter{delegate=org.springframework.cloud.gateway.filter.RouteToRequestUrlFilter@278f8425}, order = 10000], [GatewayFilterAdapter{delegate=org.springframework.cloud.gateway.config.GatewayNoLoadBalancerClientAutoConfiguration$NoLoadBalancerClientFilter@6443b128}, order = 10150], [GatewayFilterAdapter{delegate=org.springframework.cloud.gateway.filter.WebsocketRoutingFilter@3f36b447}, order = 2147483646], [GatewayFilterAdapter{delegate=org.springframework.cloud.gateway.filter.NettyRoutingFilter@34cf5a97}, order = 2147483647], [GatewayFilterAdapter{delegate=org.springframework.cloud.gateway.filter.ForwardRoutingFilter@695a69a1}, order = 2147483647]]
